Using pre-set license
Built from '2022.3/staging' branch; Version is '2022.3.14f1 (eff2de9070d8) revision 15725278'; Using compiler version '192829333'; Build Type 'Release'
OS: 'Windows 10  (10.0.19042) 64bit Core' Language: 'ko' Physical Memory: 32439 MB
BatchMode: 1, IsHumanControllingUs: 0, StartBugReporterOnCrash: 0, Is64bit: 1, IsPro: 1

COMMAND LINE ARGUMENTS:
C:\Program Files\Unity\Hub\Editor\2022.3.14f1\Editor\Unity.exe
-adb2
-batchMode
-noUpm
-name
AssetImportWorker0
-projectPath
D:/Hyunjun Github/Unity-Team-Project/Unity Team Project
-logFile
Logs/AssetImportWorker0.log
-srvPort
56965
Successfully changed project path to: D:/Hyunjun Github/Unity-Team-Project/Unity Team Project
D:/Hyunjun Github/Unity-Team-Project/Unity Team Project
[UnityMemory] Configuration Parameters - Can be set up in boot.config
    "memorysetup-bucket-allocator-granularity=16"
    "memorysetup-bucket-allocator-bucket-count=8"
    "memorysetup-bucket-allocator-block-size=33554432"
    "memorysetup-bucket-allocator-block-count=8"
    "memorysetup-main-allocator-block-size=16777216"
    "memorysetup-thread-allocator-block-size=16777216"
    "memorysetup-gfx-main-allocator-block-size=16777216"
    "memorysetup-gfx-thread-allocator-block-size=16777216"
    "memorysetup-cache-allocator-block-size=4194304"
    "memorysetup-typetree-allocator-block-size=2097152"
    "memorysetup-profiler-bucket-allocator-granularity=16"
    "memorysetup-profiler-bucket-allocator-bucket-count=8"
    "memorysetup-profiler-bucket-allocator-block-size=33554432"
    "memorysetup-profiler-bucket-allocator-block-count=8"
    "memorysetup-profiler-allocator-block-size=16777216"
    "memorysetup-profiler-editor-allocator-block-size=1048576"
    "memorysetup-temp-allocator-size-main=16777216"
    "memorysetup-job-temp-allocator-block-size=2097152"
    "memorysetup-job-temp-allocator-block-size-background=1048576"
    "memorysetup-job-temp-allocator-reduction-small-platforms=262144"
    "memorysetup-allocator-temp-initial-block-size-main=262144"
    "memorysetup-allocator-temp-initial-block-size-worker=262144"
    "memorysetup-temp-allocator-size-background-worker=32768"
    "memorysetup-temp-allocator-size-job-worker=262144"
    "memorysetup-temp-allocator-size-preload-manager=33554432"
    "memorysetup-temp-allocator-size-nav-mesh-worker=65536"
    "memorysetup-temp-allocator-size-audio-worker=65536"
    "memorysetup-temp-allocator-size-cloud-worker=32768"
    "memorysetup-temp-allocator-size-gi-baking-worker=262144"
    "memorysetup-temp-allocator-size-gfx=262144"
Player connection [9704] Host "[IP] 172.16.133.14 [Port] 0 [Flags] 2 [Guid] 1473605185 [EditorId] 1473605185 [Version] 1048832 [Id] WindowsEditor(7,DESKTOP-5AO2MO1) [Debug] 1 [PackageName] WindowsEditor [ProjectName] Editor" joined multi-casting on [225.0.0.222:54997]...

Player connection [9704] Host "[IP] 172.16.133.14 [Port] 0 [Flags] 2 [Guid] 1473605185 [EditorId] 1473605185 [Version] 1048832 [Id] WindowsEditor(7,DESKTOP-5AO2MO1) [Debug] 1 [PackageName] WindowsEditor [ProjectName] Editor" joined alternative multi-casting on [225.0.0.222:34997]...

[Physics::Module] Initialized MultithreadedJobDispatcher with 3 workers.
Refreshing native plugins compatible for Editor in 43.69 ms, found 3 plugins.
Preloading 0 native plugins for Editor in 0.00 ms.
Initialize engine version: 2022.3.14f1 (eff2de9070d8)
[Subsystems] Discovering subsystems at path C:/Program Files/Unity/Hub/Editor/2022.3.14f1/Editor/Data/Resources/UnitySubsystems
[Subsystems] Discovering subsystems at path D:/Hyunjun Github/Unity-Team-Project/Unity Team Project/Assets
GfxDevice: creating device client; threaded=0; jobified=0
Direct3D:
    Version:  Direct3D 11.0 [level 11.1]
    Renderer: Intel(R) HD Graphics 530 (ID=0x1912)
    Vendor:   Intel
    VRAM:     16219 MB
    Driver:   27.20.100.8935
Initialize mono
Mono path[0] = 'C:/Program Files/Unity/Hub/Editor/2022.3.14f1/Editor/Data/Managed'
Mono path[1] = 'C:/Program Files/Unity/Hub/Editor/2022.3.14f1/Editor/Data/MonoBleedingEdge/lib/mono/unityjit-win32'
Mono config path = 'C:/Program Files/Unity/Hub/Editor/2022.3.14f1/Editor/Data/MonoBleedingEdge/etc'
Using monoOptions --debugger-agent=transport=dt_socket,embedding=1,server=y,suspend=n,address=127.0.0.1:56672
Begin MonoManager ReloadAssembly
Registering precompiled unity dll's ...
Register platform support module: C:/Program Files/Unity/Hub/Editor/2022.3.14f1/Editor/Data/PlaybackEngines/WindowsStandaloneSupport/UnityEditor.WindowsStandalone.Extensions.dll
Registered in 0.020003 seconds.
- Loaded All Assemblies, in  0.570 seconds
Native extension for WindowsStandalone target not found
Mono: successfully reloaded assembly
- Finished resetting the current domain, in  0.413 seconds
Domain Reload Profiling: 979ms
	BeginReloadAssembly (194ms)
		ExecutionOrderSort (0ms)
		DisableScriptedObjects (0ms)
		BackupInstance (0ms)
		ReleaseScriptingObjects (0ms)
		CreateAndSetChildDomain (1ms)
	RebuildCommonClasses (53ms)
	RebuildNativeTypeToScriptingClass (15ms)
	initialDomainReloadingComplete (100ms)
	LoadAllAssembliesAndSetupDomain (203ms)
		LoadAssemblies (190ms)
		RebuildTransferFunctionScriptingTraits (0ms)
		AnalyzeDomain (200ms)
			TypeCache.Refresh (199ms)
				TypeCache.ScanAssembly (178ms)
			ScanForSourceGeneratedMonoScriptInfo (0ms)
			ResolveRequiredComponents (1ms)
	FinalizeReload (414ms)
		ReleaseScriptCaches (0ms)
		RebuildScriptCaches (0ms)
		SetupLoadedEditorAssemblies (333ms)
			LogAssemblyErrors (0ms)
			InitializePlatformSupportModulesInManaged (34ms)
			SetLoadedEditorAssemblies (25ms)
			RefreshPlugins (0ms)
			BeforeProcessingInitializeOnLoad (14ms)
			ProcessInitializeOnLoadAttributes (188ms)
			ProcessInitializeOnLoadMethodAttributes (71ms)
			AfterProcessingInitializeOnLoad (0ms)
			EditorAssembliesLoaded (0ms)
		ExecutionOrderSort2 (0ms)
		AwakeInstancesAfterBackupRestoration (0ms)
========================================================================
Worker process is ready to serve import requests
Begin MonoManager ReloadAssembly
- Loaded All Assemblies, in  1.803 seconds
Refreshing native plugins compatible for Editor in 5.98 ms, found 3 plugins.
Native extension for WindowsStandalone target not found
Package Manager log level set to [2]
[Package Manager] Server::EnsureServerProcessIsRunning -- launch failed, reason: Unity was launched with the -noUpm command-line argument
[Package Manager] UpmClient::Send -- Unable to send message (not connected to UPM process).
[Package Manager] Cannot connect to Unity Package Manager local server
Mono: successfully reloaded assembly
- Finished resetting the current domain, in  1.031 seconds
Domain Reload Profiling: 2831ms
	BeginReloadAssembly (231ms)
		ExecutionOrderSort (0ms)
		DisableScriptedObjects (7ms)
		BackupInstance (0ms)
		ReleaseScriptingObjects (0ms)
		CreateAndSetChildDomain (28ms)
	RebuildCommonClasses (47ms)
	RebuildNativeTypeToScriptingClass (14ms)
	initialDomainReloadingComplete (66ms)
	LoadAllAssembliesAndSetupDomain (1441ms)
		LoadAssemblies (1306ms)
		RebuildTransferFunctionScriptingTraits (0ms)
		AnalyzeDomain (282ms)
			TypeCache.Refresh (247ms)
				TypeCache.ScanAssembly (224ms)
			ScanForSourceGeneratedMonoScriptInfo (24ms)
			ResolveRequiredComponents (10ms)
	FinalizeReload (1032ms)
		ReleaseScriptCaches (0ms)
		RebuildScriptCaches (0ms)
		SetupLoadedEditorAssemblies (824ms)
			LogAssemblyErrors (0ms)
			InitializePlatformSupportModulesInManaged (12ms)
			SetLoadedEditorAssemblies (4ms)
			RefreshPlugins (0ms)
			BeforeProcessingInitializeOnLoad (89ms)
			ProcessInitializeOnLoadAttributes (673ms)
			ProcessInitializeOnLoadMethodAttributes (29ms)
			AfterProcessingInitializeOnLoad (16ms)
			EditorAssembliesLoaded (0ms)
		ExecutionOrderSort2 (0ms)
		AwakeInstancesAfterBackupRestoration (10ms)
Launched and connected shader compiler UnityShaderCompiler.exe after 0.07 seconds
Refreshing native plugins compatible for Editor in 6.10 ms, found 3 plugins.
Preloading 0 native plugins for Editor in 0.00 ms.
Unloading 3796 Unused Serialized files (Serialized files now loaded: 0)
Unloading 58 unused Assets / (131.4 KB). Loaded Objects now: 4292.
Memory consumption went from 232.9 MB to 232.7 MB.
Total: 4.278600 ms (FindLiveObjects: 0.357100 ms CreateObjectMapping: 0.554100 ms MarkObjects: 3.168400 ms  DeleteObjects: 0.197900 ms)

AssetImportParameters requested are different than current active one (requested -> active):
  custom:container-demuxer-ogg: 62fdf1f143b41e24485cea50d1cbac27 -> 
  custom:video-decoder-ogg-theora: a1e56fd34408186e4bbccfd4996cb3dc -> 
  custom:framework-win-MediaFoundation: 216162199b28c13a410421893ffa2e32 -> 
  custom:container-demuxer-webm: 4f35f7cbe854078d1ac9338744f61a02 -> 
  custom:container-muxer-webm: aa71ff27fc2769a1b78a27578f13a17b -> 
  custom:video-decoder-webm-vp8: 9c59270c3fd7afecdb556c50c9e8de78 -> 
  custom:AudioImporter_EditorPlatform: d09bf68614088b80899f8185d706f6e7 -> 
  custom:video-encoder-webm-vp8: eb34c28f22e8b96e1ab97ce403110664 -> 
  custom:audio-decoder-ogg-vorbis: bf7c407c2cedff20999df2af8eb42d56 -> 
  custom:audio-encoder-webm-vorbis: bf7c407c2cedff20999df2af8eb42d56 -> 
========================================================================
Received Import Request.
  Time since last request: 946873.296865 seconds.
  path: Assets/Aspiring Hero Deokgu
  artifactKey: Guid(68732da3d16a01642ae9a449a311d984) Importer(815301076,1909f56bfc062723c751e8b465ee728b)
Start importing Assets/Aspiring Hero Deokgu using Guid(68732da3d16a01642ae9a449a311d984) Importer(815301076,1909f56bfc062723c751e8b465ee728b)  -> (artifact id: '178eb62e18e9bc2f503da438500e1776') in 0.001923 seconds
Number of updated asset objects reloaded before import = 0
Number of asset objects unloaded after import = 0
========================================================================
Received Import Request.
  Time since last request: 0.000055 seconds.
  path: Assets/GUI PRO Kit - Fantasy RPG
  artifactKey: Guid(544bc41458035874baad70f407934bdf) Importer(815301076,1909f56bfc062723c751e8b465ee728b)
Start importing Assets/GUI PRO Kit - Fantasy RPG using Guid(544bc41458035874baad70f407934bdf) Importer(815301076,1909f56bfc062723c751e8b465ee728b)  -> (artifact id: 'be805485e9774f0a7e86195204b2e20b') in 0.001555 seconds
Number of updated asset objects reloaded before import = 0
Number of asset objects unloaded after import = 0
========================================================================
Received Import Request.
  Time since last request: 0.000019 seconds.
  path: Assets/Plugins
  artifactKey: Guid(a054ccf2bccd75b458ec9ede68f2704f) Importer(815301076,1909f56bfc062723c751e8b465ee728b)
Start importing Assets/Plugins using Guid(a054ccf2bccd75b458ec9ede68f2704f) Importer(815301076,1909f56bfc062723c751e8b465ee728b)  -> (artifact id: '594c53587e51a146ddaf900b91b03ac8') in 0.000885 seconds
Number of updated asset objects reloaded before import = 0
Number of asset objects unloaded after import = 0
========================================================================
Received Import Request.
  Time since last request: 2.371808 seconds.
  path: Assets/GUI PRO Kit - Fantasy RPG/Preview/00_1_Buttons.png
  artifactKey: Guid(a1d5595c064c14cb8b81227d0387b9a8) Importer(815301076,1909f56bfc062723c751e8b465ee728b)
Start importing Assets/GUI PRO Kit - Fantasy RPG/Preview/00_1_Buttons.png using Guid(a1d5595c064c14cb8b81227d0387b9a8) Importer(815301076,1909f56bfc062723c751e8b465ee728b)  -> (artifact id: '37b597581e94784516428c00c85fb15e') in 0.145001 seconds
Number of updated asset objects reloaded before import = 0
Number of asset objects unloaded after import = 3
========================================================================
Received Import Request.
  Time since last request: 0.000024 seconds.
  path: Assets/Aspiring Hero Deokgu/Alchemy/Textures/ActionText_GameOver.png
  artifactKey: Guid(21c34561dd2cbbb41bd268e364239306) Importer(815301076,1909f56bfc062723c751e8b465ee728b)
Start importing Assets/Aspiring Hero Deokgu/Alchemy/Textures/ActionText_GameOver.png using Guid(21c34561dd2cbbb41bd268e364239306) Importer(815301076,1909f56bfc062723c751e8b465ee728b)  -> (artifact id: 'e5ac4a74fde1d6363d25f0ef46cbeb41') in 0.026825 seconds
Number of updated asset objects reloaded before import = 0
Number of asset objects unloaded after import = 3
========================================================================
Received Import Request.
  Time since last request: 0.000030 seconds.
  path: Assets/Aspiring Hero Deokgu/GrillingMeat/Images/UI/Popup/GameOver/ActionText_Skull.png
  artifactKey: Guid(f6ea94ac990f5ae44866671e6b47514b) Importer(815301076,1909f56bfc062723c751e8b465ee728b)
Start importing Assets/Aspiring Hero Deokgu/GrillingMeat/Images/UI/Popup/GameOver/ActionText_Skull.png using Guid(f6ea94ac990f5ae44866671e6b47514b) Importer(815301076,1909f56bfc062723c751e8b465ee728b)  -> (artifact id: '5ccd582820129feaa75d9ff702280a99') in 0.026922 seconds
Number of updated asset objects reloaded before import = 0
Number of asset objects unloaded after import = 3
========================================================================
Received Import Request.
  Time since last request: 0.000022 seconds.
  path: Assets/GUI PRO Kit - Fantasy RPG/Preview/10_ADRemove.png
  artifactKey: Guid(28a3d43798dbf4e209028c682d351337) Importer(815301076,1909f56bfc062723c751e8b465ee728b)
Start importing Assets/GUI PRO Kit - Fantasy RPG/Preview/10_ADRemove.png using Guid(28a3d43798dbf4e209028c682d351337) Importer(815301076,1909f56bfc062723c751e8b465ee728b)  -> (artifact id: '22f43382cd09dbc0dcd612d380d640d3') in 0.033727 seconds
Number of updated asset objects reloaded before import = 0
Number of asset objects unloaded after import = 3
========================================================================
Received Import Request.
  Time since last request: 0.000022 seconds.
  path: Assets/GUI PRO Kit - Fantasy RPG/Preview/32_Heroes.png
  artifactKey: Guid(d5777db91e6fc417bb3ef43c10bfa254) Importer(815301076,1909f56bfc062723c751e8b465ee728b)
Start importing Assets/GUI PRO Kit - Fantasy RPG/Preview/32_Heroes.png using Guid(d5777db91e6fc417bb3ef43c10bfa254) Importer(815301076,1909f56bfc062723c751e8b465ee728b)  -> (artifact id: 'd3bcbab753dedaa97fe6ea5d36400fd0') in 0.075896 seconds
Number of updated asset objects reloaded before import = 0
Number of asset objects unloaded after import = 3
========================================================================
Received Import Request.
  Time since last request: 0.000021 seconds.
  path: Assets/GUI PRO Kit - Fantasy RPG/Preview/04_NetworkError.png
  artifactKey: Guid(7ed8b2284b80f443eab5d47547e853c3) Importer(815301076,1909f56bfc062723c751e8b465ee728b)
Start importing Assets/GUI PRO Kit - Fantasy RPG/Preview/04_NetworkError.png using Guid(7ed8b2284b80f443eab5d47547e853c3) Importer(815301076,1909f56bfc062723c751e8b465ee728b)  -> (artifact id: '4e866a1e4c0ee13d79737867f7dcba67') in 0.080839 seconds
Number of updated asset objects reloaded before import = 0
Number of asset objects unloaded after import = 3
========================================================================
Received Import Request.
  Time since last request: 0.000024 seconds.
  path: Assets/GUI PRO Kit - Fantasy RPG/Preview/30_Tutorial.png
  artifactKey: Guid(2d8ea2427714c414daa49d284212a956) Importer(815301076,1909f56bfc062723c751e8b465ee728b)
Start importing Assets/GUI PRO Kit - Fantasy RPG/Preview/30_Tutorial.png using Guid(2d8ea2427714c414daa49d284212a956) Importer(815301076,1909f56bfc062723c751e8b465ee728b)  -> (artifact id: '038d6b52cb1aaea4daedb5702123bc89') in 0.093496 seconds
Number of updated asset objects reloaded before import = 0
Number of asset objects unloaded after import = 3
========================================================================
Received Import Request.
  Time since last request: 0.000345 seconds.
  path: Assets/GUI PRO Kit - Fantasy RPG/ResourcesData/Sprites/Demo/Demo_Image/action_text_warning.png
  artifactKey: Guid(50f3fc3a81c62455b9346631abc915a8) Importer(815301076,1909f56bfc062723c751e8b465ee728b)
Start importing Assets/GUI PRO Kit - Fantasy RPG/ResourcesData/Sprites/Demo/Demo_Image/action_text_warning.png using Guid(50f3fc3a81c62455b9346631abc915a8) Importer(815301076,1909f56bfc062723c751e8b465ee728b)  -> (artifact id: 'd3bcd39ccf297956830c2a75d91da993') in 0.080354 seconds
Number of updated asset objects reloaded before import = 0
Number of asset objects unloaded after import = 3
========================================================================
Received Import Request.
  Time since last request: 0.000020 seconds.
  path: Assets/GUI PRO Kit - Fantasy RPG/Preview/43_Shop_Chest.png
  artifactKey: Guid(64c87cea42e754b91adabba3b036a20c) Importer(815301076,1909f56bfc062723c751e8b465ee728b)
Start importing Assets/GUI PRO Kit - Fantasy RPG/Preview/43_Shop_Chest.png using Guid(64c87cea42e754b91adabba3b036a20c) Importer(815301076,1909f56bfc062723c751e8b465ee728b)  -> (artifact id: 'e72d0409c84929fe6511d773d5ca91a9') in 0.081391 seconds
Number of updated asset objects reloaded before import = 0
Number of asset objects unloaded after import = 3
========================================================================
Received Import Request.
  Time since last request: 0.000020 seconds.
  path: Assets/Aspiring Hero Deokgu/Alchemy/Textures/A dark and empty space scene.png
  artifactKey: Guid(722d00ea312a34a4faffadf74d6437ce) Importer(815301076,1909f56bfc062723c751e8b465ee728b)
Start importing Assets/Aspiring Hero Deokgu/Alchemy/Textures/A dark and empty space scene.png using Guid(722d00ea312a34a4faffadf74d6437ce) Importer(815301076,1909f56bfc062723c751e8b465ee728b)  -> (artifact id: '0ac8c3fdc35305733a180681a1acf603') in 0.074994 seconds
Number of updated asset objects reloaded before import = 0
Number of asset objects unloaded after import = 3
========================================================================
Received Import Request.
  Time since last request: 0.000021 seconds.
  path: Assets/GUI PRO Kit - Fantasy RPG/Preview/00_4_Icons1.png
  artifactKey: Guid(42531edbad3de47be8a622e646496bbc) Importer(815301076,1909f56bfc062723c751e8b465ee728b)
Start importing Assets/GUI PRO Kit - Fantasy RPG/Preview/00_4_Icons1.png using Guid(42531edbad3de47be8a622e646496bbc) Importer(815301076,1909f56bfc062723c751e8b465ee728b)  -> (artifact id: 'fee43fa1805c33b32ea2c5369c182737') in 0.078586 seconds
Number of updated asset objects reloaded before import = 0
Number of asset objects unloaded after import = 3
========================================================================
Received Import Request.
  Time since last request: 0.000104 seconds.
  path: Assets/GUI PRO Kit - Fantasy RPG/Preview/12_PopupEUALPrivacy.png
  artifactKey: Guid(40bc07e1541974091b75d2396d44ae8e) Importer(815301076,1909f56bfc062723c751e8b465ee728b)
Start importing Assets/GUI PRO Kit - Fantasy RPG/Preview/12_PopupEUALPrivacy.png using Guid(40bc07e1541974091b75d2396d44ae8e) Importer(815301076,1909f56bfc062723c751e8b465ee728b)  -> (artifact id: '8a84e6967507c9db5af2e08d771c0678') in 0.078789 seconds
Number of updated asset objects reloaded before import = 0
Number of asset objects unloaded after import = 3
========================================================================
Received Import Request.
  Time since last request: 0.000021 seconds.
  path: Assets/GUI PRO Kit - Fantasy RPG/ResourcesData/Sprites/Demo/Demo_Background/background_01_loading_1920.png
  artifactKey: Guid(3cf0f6201e46b49beac3aabf15a81c5c) Importer(815301076,1909f56bfc062723c751e8b465ee728b)
Start importing Assets/GUI PRO Kit - Fantasy RPG/ResourcesData/Sprites/Demo/Demo_Background/background_01_loading_1920.png using Guid(3cf0f6201e46b49beac3aabf15a81c5c) Importer(815301076,1909f56bfc062723c751e8b465ee728b)  -> (artifact id: '67c7500d68e963592ea5932ecbc3c168') in 0.073350 seconds
Number of updated asset objects reloaded before import = 0
Number of asset objects unloaded after import = 3
========================================================================
Received Import Request.
  Time since last request: 0.000032 seconds.
  path: Assets/GUI PRO Kit - Fantasy RPG/Preview/07_PopupSignup.png
  artifactKey: Guid(25744efa0a8e1425b9fab6aa72921302) Importer(815301076,1909f56bfc062723c751e8b465ee728b)
Start importing Assets/GUI PRO Kit - Fantasy RPG/Preview/07_PopupSignup.png using Guid(25744efa0a8e1425b9fab6aa72921302) Importer(815301076,1909f56bfc062723c751e8b465ee728b)  -> (artifact id: '5a36fce04c9ff0f12ef56e29100760b0') in 0.071839 seconds
Number of updated asset objects reloaded before import = 0
Number of asset objects unloaded after import = 3
========================================================================
Received Import Request.
  Time since last request: 0.000043 seconds.
  path: Assets/GUI PRO Kit - Fantasy RPG/Preview/01_Login.png
  artifactKey: Guid(47770121e8fb34ee8a442a55abc45e84) Importer(815301076,1909f56bfc062723c751e8b465ee728b)
Start importing Assets/GUI PRO Kit - Fantasy RPG/Preview/01_Login.png using Guid(47770121e8fb34ee8a442a55abc45e84) Importer(815301076,1909f56bfc062723c751e8b465ee728b)  -> (artifact id: 'f801138908846171ef6a4bf72c3b056d') in 0.081516 seconds
Number of updated asset objects reloaded before import = 0
Number of asset objects unloaded after import = 3
========================================================================
Received Import Request.
  Time since last request: 0.000037 seconds.
  path: Assets/Aspiring Hero Deokgu/Alchemy/Textures/9680da84-21e0-42e2-b742-605080919c8d-tile.png
  artifactKey: Guid(6e55781b9cbfed64db735960a33aadd7) Importer(815301076,1909f56bfc062723c751e8b465ee728b)
Start importing Assets/Aspiring Hero Deokgu/Alchemy/Textures/9680da84-21e0-42e2-b742-605080919c8d-tile.png using Guid(6e55781b9cbfed64db735960a33aadd7) Importer(815301076,1909f56bfc062723c751e8b465ee728b)  -> (artifact id: '9ccf71cf28a45c4db43441a3bf98c893') in 0.066519 seconds
Number of updated asset objects reloaded before import = 0
Number of asset objects unloaded after import = 3
========================================================================
Received Import Request.
  Time since last request: 0.000566 seconds.
  path: Assets/GUI PRO Kit - Fantasy RPG/Preview/33_Equipment.png
  artifactKey: Guid(c9edab67bbc114bf5945753c219d3af7) Importer(815301076,1909f56bfc062723c751e8b465ee728b)
Start importing Assets/GUI PRO Kit - Fantasy RPG/Preview/33_Equipment.png using Guid(c9edab67bbc114bf5945753c219d3af7) Importer(815301076,1909f56bfc062723c751e8b465ee728b)  -> (artifact id: '14c4affad7594a2dad5d6a6d03dc79ec') in 0.078849 seconds
Number of updated asset objects reloaded before import = 0
Number of asset objects unloaded after import = 3
========================================================================
Received Import Request.
  Time since last request: 0.000021 seconds.
  path: Assets/GUI PRO Kit - Fantasy RPG/Preview/08_PopupOffline.png
  artifactKey: Guid(24cbf936a2cfd439396dc1d090b614a0) Importer(815301076,1909f56bfc062723c751e8b465ee728b)
Start importing Assets/GUI PRO Kit - Fantasy RPG/Preview/08_PopupOffline.png using Guid(24cbf936a2cfd439396dc1d090b614a0) Importer(815301076,1909f56bfc062723c751e8b465ee728b)  -> (artifact id: '0611420e00de5394705ef0bf887ada8f') in 0.067439 seconds
Number of updated asset objects reloaded before import = 0
Number of asset objects unloaded after import = 3
========================================================================
Received Import Request.
  Time since last request: 0.000089 seconds.
  path: Assets/GUI PRO Kit - Fantasy RPG/Preview/02_Title.png
  artifactKey: Guid(d77921d9b13824a1eac5a1706afe413b) Importer(815301076,1909f56bfc062723c751e8b465ee728b)
Start importing Assets/GUI PRO Kit - Fantasy RPG/Preview/02_Title.png using Guid(d77921d9b13824a1eac5a1706afe413b) Importer(815301076,1909f56bfc062723c751e8b465ee728b)  -> (artifact id: '883761369cdfc687ff1331e94b5022c6') in 0.078281 seconds
Number of updated asset objects reloaded before import = 0
Number of asset objects unloaded after import = 3
========================================================================
Received Import Request.
  Time since last request: 0.000031 seconds.
  path: Assets/Aspiring Hero Deokgu/GrillingMeat/Images/UI/Popup/TimeOver/ActionText_BonusTime_Icon.png
  artifactKey: Guid(e1df866a5a3b6bb4a819991a005fdad9) Importer(815301076,1909f56bfc062723c751e8b465ee728b)
Start importing Assets/Aspiring Hero Deokgu/GrillingMeat/Images/UI/Popup/TimeOver/ActionText_BonusTime_Icon.png using Guid(e1df866a5a3b6bb4a819991a005fdad9) Importer(815301076,1909f56bfc062723c751e8b465ee728b)  -> (artifact id: '63b27a0c40d88c71461c05dcac954902') in 0.073408 seconds
Number of updated asset objects reloaded before import = 0
Number of asset objects unloaded after import = 3
========================================================================
Received Import Request.
  Time since last request: 0.000034 seconds.
  path: Assets/GUI PRO Kit - Fantasy RPG/Preview/13_PopupUpdate.png
  artifactKey: Guid(175189dc68b004827998cb37a287f348) Importer(815301076,1909f56bfc062723c751e8b465ee728b)
Start importing Assets/GUI PRO Kit - Fantasy RPG/Preview/13_PopupUpdate.png using Guid(175189dc68b004827998cb37a287f348) Importer(815301076,1909f56bfc062723c751e8b465ee728b)  -> (artifact id: '155cc47dbdaf0150725266f98a4e17bd') in 0.070933 seconds
Number of updated asset objects reloaded before import = 0
Number of asset objects unloaded after import = 3
========================================================================
Received Import Request.
  Time since last request: 0.000022 seconds.
  path: Assets/GUI PRO Kit - Fantasy RPG/Preview/44_Shop_Gold.png
  artifactKey: Guid(afabf3d3ed61c4d6b99f901b13b69033) Importer(815301076,1909f56bfc062723c751e8b465ee728b)
Start importing Assets/GUI PRO Kit - Fantasy RPG/Preview/44_Shop_Gold.png using Guid(afabf3d3ed61c4d6b99f901b13b69033) Importer(815301076,1909f56bfc062723c751e8b465ee728b)  -> (artifact id: 'cf3a0068d496df9b49d928dc23a00ca3') in 0.074075 seconds
Number of updated asset objects reloaded before import = 0
Number of asset objects unloaded after import = 3
========================================================================
Received Import Request.
  Time since last request: 0.000053 seconds.
  path: Assets/GUI PRO Kit - Fantasy RPG/Preview/24_PlayResult.png
  artifactKey: Guid(5fd08e023cf61499186a846d85d062fc) Importer(815301076,1909f56bfc062723c751e8b465ee728b)
Start importing Assets/GUI PRO Kit - Fantasy RPG/Preview/24_PlayResult.png using Guid(5fd08e023cf61499186a846d85d062fc) Importer(815301076,1909f56bfc062723c751e8b465ee728b)  -> (artifact id: '187948980899ba63c5de2eca5d9ec2cc') in 0.085626 seconds
Number of updated asset objects reloaded before import = 0
Number of asset objects unloaded after import = 3
========================================================================
Received Import Request.
  Time since last request: 0.000030 seconds.
  path: Assets/GUI PRO Kit - Fantasy RPG/Preview/65_RewardWeek.png
  artifactKey: Guid(35d79d203bf3943c2b184f9727f37ef5) Importer(815301076,1909f56bfc062723c751e8b465ee728b)
Start importing Assets/GUI PRO Kit - Fantasy RPG/Preview/65_RewardWeek.png using Guid(35d79d203bf3943c2b184f9727f37ef5) Importer(815301076,1909f56bfc062723c751e8b465ee728b)  -> (artifact id: 'eb9a6578172e99ee72b93105ebec0665') in 0.087065 seconds
Number of updated asset objects reloaded before import = 0
Number of asset objects unloaded after import = 3
========================================================================
Received Import Request.
  Time since last request: 0.000022 seconds.
  path: Assets/Aspiring Hero Deokgu/Alchemy/Textures/ActionText_Ready.png
  artifactKey: Guid(4bc9ace62f377df4c9b96430847fd67e) Importer(815301076,1909f56bfc062723c751e8b465ee728b)
Start importing Assets/Aspiring Hero Deokgu/Alchemy/Textures/ActionText_Ready.png using Guid(4bc9ace62f377df4c9b96430847fd67e) Importer(815301076,1909f56bfc062723c751e8b465ee728b)  -> (artifact id: '49df236e0b0e5dc5605ffa18d200c6ed') in 0.091465 seconds
Number of updated asset objects reloaded before import = 0
Number of asset objects unloaded after import = 3
========================================================================
Received Import Request.
  Time since last request: 0.000021 seconds.
  path: Assets/GUI PRO Kit - Fantasy RPG/Preview/11_PopupChecking.png
  artifactKey: Guid(6ded837ca93814cad91c94b855f821e4) Importer(815301076,1909f56bfc062723c751e8b465ee728b)
Start importing Assets/GUI PRO Kit - Fantasy RPG/Preview/11_PopupChecking.png using Guid(6ded837ca93814cad91c94b855f821e4) Importer(815301076,1909f56bfc062723c751e8b465ee728b)  -> (artifact id: '07ddec8afb3a67fc08b7193fb4ef2c61') in 0.082708 seconds
Number of updated asset objects reloaded before import = 0
Number of asset objects unloaded after import = 3
========================================================================
Received Import Request.
  Time since last request: 0.000029 seconds.
  path: Assets/GUI PRO Kit - Fantasy RPG/ResourcesData/Fonts/Alata-Regular-Outline 64 SDF Atlas.png
  artifactKey: Guid(ac08b9ec7e5394821b1ce9915760a098) Importer(815301076,1909f56bfc062723c751e8b465ee728b)
Start importing Assets/GUI PRO Kit - Fantasy RPG/ResourcesData/Fonts/Alata-Regular-Outline 64 SDF Atlas.png using Guid(ac08b9ec7e5394821b1ce9915760a098) Importer(815301076,1909f56bfc062723c751e8b465ee728b)  -> (artifact id: '591cbecdfdb243d65144e2daa2cb5372') in 0.083160 seconds
Number of updated asset objects reloaded before import = 0
Number of asset objects unloaded after import = 3
========================================================================
Received Import Request.
  Time since last request: 0.000046 seconds.
  path: Assets/GUI PRO Kit - Fantasy RPG/Preview/60_PowerSave.png
  artifactKey: Guid(0363ab180bce34b5798bcb349f46e74d) Importer(815301076,1909f56bfc062723c751e8b465ee728b)
Start importing Assets/GUI PRO Kit - Fantasy RPG/Preview/60_PowerSave.png using Guid(0363ab180bce34b5798bcb349f46e74d) Importer(815301076,1909f56bfc062723c751e8b465ee728b)  -> (artifact id: 'f9425a9ca69fae59a116dd0fbe4203b8') in 0.080815 seconds
Number of updated asset objects reloaded before import = 0
Number of asset objects unloaded after import = 3
========================================================================
Received Import Request.
  Time since last request: 0.000019 seconds.
  path: Assets/Aspiring Hero Deokgu/GrillingMeat/Images/Background/background.png
  artifactKey: Guid(1841e9c89144fcc4ca4497e8c6f6d791) Importer(815301076,1909f56bfc062723c751e8b465ee728b)
Start importing Assets/Aspiring Hero Deokgu/GrillingMeat/Images/Background/background.png using Guid(1841e9c89144fcc4ca4497e8c6f6d791) Importer(815301076,1909f56bfc062723c751e8b465ee728b)  -> (artifact id: '8ccd9f412fad03b524b357f95df12244') in 0.086338 seconds
Number of updated asset objects reloaded before import = 0
Number of asset objects unloaded after import = 3
========================================================================
Received Import Request.
  Time since last request: 0.000020 seconds.
  path: Assets/GUI PRO Kit - Fantasy RPG/Preview/23_PlayPause.png
  artifactKey: Guid(c596883006c014de8b43390b8731d8f7) Importer(815301076,1909f56bfc062723c751e8b465ee728b)
Start importing Assets/GUI PRO Kit - Fantasy RPG/Preview/23_PlayPause.png using Guid(c596883006c014de8b43390b8731d8f7) Importer(815301076,1909f56bfc062723c751e8b465ee728b)  -> (artifact id: '8668427dba668bff4d4e6542a5ea65b8') in 0.083765 seconds
Number of updated asset objects reloaded before import = 0
Number of asset objects unloaded after import = 3
========================================================================
Received Import Request.
  Time since last request: 0.000039 seconds.
  path: Assets/Aspiring Hero Deokgu/Alchemy/Textures/An overhead view of a circular.png
  artifactKey: Guid(430516616ffee7448afe0324533f3325) Importer(815301076,1909f56bfc062723c751e8b465ee728b)
Start importing Assets/Aspiring Hero Deokgu/Alchemy/Textures/An overhead view of a circular.png using Guid(430516616ffee7448afe0324533f3325) Importer(815301076,1909f56bfc062723c751e8b465ee728b)  -> (artifact id: '196c2b0e63e0547dadfe71341bbad06f') in 0.091078 seconds
Number of updated asset objects reloaded before import = 0
Number of asset objects unloaded after import = 3
========================================================================
Received Import Request.
  Time since last request: 0.000127 seconds.
  path: Assets/GUI PRO Kit - Fantasy RPG/ResourcesData/Fonts/Alata-Regular-Outline 72 SDF Atlas.png
  artifactKey: Guid(a2317bed91fc9498383c8fa5e80703b0) Importer(815301076,1909f56bfc062723c751e8b465ee728b)
Start importing Assets/GUI PRO Kit - Fantasy RPG/ResourcesData/Fonts/Alata-Regular-Outline 72 SDF Atlas.png using Guid(a2317bed91fc9498383c8fa5e80703b0) Importer(815301076,1909f56bfc062723c751e8b465ee728b)  -> (artifact id: 'b43595502872f1799b9849feeed12318') in 0.067156 seconds
Number of updated asset objects reloaded before import = 0
Number of asset objects unloaded after import = 3
========================================================================
Received Import Request.
  Time since last request: 0.000033 seconds.
  path: Assets/GUI PRO Kit - Fantasy RPG/Preview/00_2_Component.png
  artifactKey: Guid(0ed5a1b62bf89468fb81aab9d5670a30) Importer(815301076,1909f56bfc062723c751e8b465ee728b)
Start importing Assets/GUI PRO Kit - Fantasy RPG/Preview/00_2_Component.png using Guid(0ed5a1b62bf89468fb81aab9d5670a30) Importer(815301076,1909f56bfc062723c751e8b465ee728b)  -> (artifact id: '25a96b83729d089a9d74b9833fe2da12') in 0.072333 seconds
Number of updated asset objects reloaded before import = 0
Number of asset objects unloaded after import = 3
========================================================================
Received Import Request.
  Time since last request: 0.000024 seconds.
  path: Assets/Aspiring Hero Deokgu/GrillingMeat/Images/UI/Popup/GameOver/ActionText_GameOver.png
  artifactKey: Guid(183a299a535ef224d85e9c6ffeb971db) Importer(815301076,1909f56bfc062723c751e8b465ee728b)
Start importing Assets/Aspiring Hero Deokgu/GrillingMeat/Images/UI/Popup/GameOver/ActionText_GameOver.png using Guid(183a299a535ef224d85e9c6ffeb971db) Importer(815301076,1909f56bfc062723c751e8b465ee728b)  -> (artifact id: 'd296db35f152f003c82fc32180f5bd0d') in 0.078230 seconds
Number of updated asset objects reloaded before import = 0
Number of asset objects unloaded after import = 3
========================================================================
Received Import Request.
  Time since last request: 0.000022 seconds.
  path: Assets/GUI PRO Kit - Fantasy RPG/Preview/20_PlayType1.png
  artifactKey: Guid(32da4a037632d4d679d4530a7c812d97) Importer(815301076,1909f56bfc062723c751e8b465ee728b)
Start importing Assets/GUI PRO Kit - Fantasy RPG/Preview/20_PlayType1.png using Guid(32da4a037632d4d679d4530a7c812d97) Importer(815301076,1909f56bfc062723c751e8b465ee728b)  -> (artifact id: '618483a6e6b68d3903c595485ae1b2eb') in 0.032143 seconds
Number of updated asset objects reloaded before import = 0
Number of asset objects unloaded after import = 3
========================================================================
Received Import Request.
  Time since last request: 0.000029 seconds.
  path: Assets/GUI PRO Kit - Fantasy RPG/Preview/34_GuideBook.png
  artifactKey: Guid(3e8a161cf47614534a3aefe4f370e2a1) Importer(815301076,1909f56bfc062723c751e8b465ee728b)
Start importing Assets/GUI PRO Kit - Fantasy RPG/Preview/34_GuideBook.png using Guid(3e8a161cf47614534a3aefe4f370e2a1) Importer(815301076,1909f56bfc062723c751e8b465ee728b)  -> (artifact id: 'b6572240219f3e156af71ec18c3039a2') in 0.055482 seconds
Number of updated asset objects reloaded before import = 0
Number of asset objects unloaded after import = 3
========================================================================
Received Import Request.
  Time since last request: 0.000034 seconds.
  path: Assets/Aspiring Hero Deokgu/GrillingMeat/Images/UI/Popup/TimeOver/ActionText_TimeOver.png
  artifactKey: Guid(27133181ca6379144971b71ec0046286) Importer(815301076,1909f56bfc062723c751e8b465ee728b)
Start importing Assets/Aspiring Hero Deokgu/GrillingMeat/Images/UI/Popup/TimeOver/ActionText_TimeOver.png using Guid(27133181ca6379144971b71ec0046286) Importer(815301076,1909f56bfc062723c751e8b465ee728b)  -> (artifact id: '5958a2d9fa9cda1bf7f1404e3c90dd29') in 0.051937 seconds
Number of updated asset objects reloaded before import = 0
Number of asset objects unloaded after import = 3
========================================================================
Received Import Request.
  Time since last request: 0.000206 seconds.
  path: Assets/GUI PRO Kit - Fantasy RPG/ResourcesData/Fonts/Alata-Regular-Outline 54 SDF Atlas.png
  artifactKey: Guid(7574acb32e4e74ef981d47f6e2d96b5c) Importer(815301076,1909f56bfc062723c751e8b465ee728b)
Start importing Assets/GUI PRO Kit - Fantasy RPG/ResourcesData/Fonts/Alata-Regular-Outline 54 SDF Atlas.png using Guid(7574acb32e4e74ef981d47f6e2d96b5c) Importer(815301076,1909f56bfc062723c751e8b465ee728b)  -> (artifact id: '60dc3ef985cb9614121f6af9b1346ed0') in 0.077290 seconds
Number of updated asset objects reloaded before import = 0
Number of asset objects unloaded after import = 3
========================================================================
Received Import Request.
  Time since last request: 0.000026 seconds.
  path: Assets/Aspiring Hero Deokgu/Alchemy/Textures/A space scene suitable for a background image.png
  artifactKey: Guid(818db1a5ff0015a4688f4f58d0e737a7) Importer(815301076,1909f56bfc062723c751e8b465ee728b)
Start importing Assets/Aspiring Hero Deokgu/Alchemy/Textures/A space scene suitable for a background image.png using Guid(818db1a5ff0015a4688f4f58d0e737a7) Importer(815301076,1909f56bfc062723c751e8b465ee728b)  -> (artifact id: '35e5d844ca40fef85de88e149847a087') in 0.099576 seconds
Number of updated asset objects reloaded before import = 0
Number of asset objects unloaded after import = 3
========================================================================
Received Import Request.
  Time since last request: 0.000022 seconds.
  path: Assets/Aspiring Hero Deokgu/Item Data/Item Icon/Ax.png
  artifactKey: Guid(a314e15a095c5cc4f8372ebd1fcc5d5c) Importer(815301076,1909f56bfc062723c751e8b465ee728b)
Start importing Assets/Aspiring Hero Deokgu/Item Data/Item Icon/Ax.png using Guid(a314e15a095c5cc4f8372ebd1fcc5d5c) Importer(815301076,1909f56bfc062723c751e8b465ee728b)  -> (artifact id: '49ccfe6c534cd3a0bdc398ea770ddad2') in 0.064745 seconds
Number of updated asset objects reloaded before import = 0
Number of asset objects unloaded after import = 3
========================================================================
Received Import Request.
  Time since last request: 0.000028 seconds.
  path: Assets/GUI PRO Kit - Fantasy RPG/Preview/41_Setting.png
  artifactKey: Guid(77b5f4c410d0f4daf802eeea2b9ecd83) Importer(815301076,1909f56bfc062723c751e8b465ee728b)
Start importing Assets/GUI PRO Kit - Fantasy RPG/Preview/41_Setting.png using Guid(77b5f4c410d0f4daf802eeea2b9ecd83) Importer(815301076,1909f56bfc062723c751e8b465ee728b)  -> (artifact id: '7728a5d7bfc153b71704f273d694e5c4') in 0.064894 seconds
Number of updated asset objects reloaded before import = 0
Number of asset objects unloaded after import = 3
========================================================================
Received Import Request.
  Time since last request: 0.000017 seconds.
  path: Assets/GUI PRO Kit - Fantasy RPG/Preview/50_Ranking.png
  artifactKey: Guid(5896cd57ec94041249e4022b7e1290ba) Importer(815301076,1909f56bfc062723c751e8b465ee728b)
Start importing Assets/GUI PRO Kit - Fantasy RPG/Preview/50_Ranking.png using Guid(5896cd57ec94041249e4022b7e1290ba) Importer(815301076,1909f56bfc062723c751e8b465ee728b)  -> (artifact id: 'a60cbad9c91d469c0169e0c56085975e') in 0.067373 seconds
Number of updated asset objects reloaded before import = 0
Number of asset objects unloaded after import = 3
========================================================================
Received Import Request.
  Time since last request: 0.000019 seconds.
  path: Assets/GUI PRO Kit - Fantasy RPG/Preview/31_CharacterSelect.png
  artifactKey: Guid(bae9c5b28dabc46c78365791f4219dfb) Importer(815301076,1909f56bfc062723c751e8b465ee728b)
Start importing Assets/GUI PRO Kit - Fantasy RPG/Preview/31_CharacterSelect.png using Guid(bae9c5b28dabc46c78365791f4219dfb) Importer(815301076,1909f56bfc062723c751e8b465ee728b)  -> (artifact id: '6f3d9e1ca1a9cf63d77990ae33125f66') in 0.063971 seconds
Number of updated asset objects reloaded before import = 0
Number of asset objects unloaded after import = 3
========================================================================
Received Import Request.
  Time since last request: 0.000018 seconds.
  path: Assets/GUI PRO Kit - Fantasy RPG/Preview/00_3_FunctionIcons.png
  artifactKey: Guid(8321472adf46f4b82bdf49d12cff1900) Importer(815301076,1909f56bfc062723c751e8b465ee728b)
Start importing Assets/GUI PRO Kit - Fantasy RPG/Preview/00_3_FunctionIcons.png using Guid(8321472adf46f4b82bdf49d12cff1900) Importer(815301076,1909f56bfc062723c751e8b465ee728b)  -> (artifact id: 'cb2a5ba0a87cc7894cc45c58bfacbd34') in 0.084950 seconds
Number of updated asset objects reloaded before import = 0
Number of asset objects unloaded after import = 3
========================================================================
Received Import Request.
  Time since last request: 0.000022 seconds.
  path: Assets/GUI PRO Kit - Fantasy RPG/Preview/33_EquipmentDetail2.png
  artifactKey: Guid(7484ffcc9e6ae476abd33a5a95000d8b) Importer(815301076,1909f56bfc062723c751e8b465ee728b)
Start importing Assets/GUI PRO Kit - Fantasy RPG/Preview/33_EquipmentDetail2.png using Guid(7484ffcc9e6ae476abd33a5a95000d8b) Importer(815301076,1909f56bfc062723c751e8b465ee728b)  -> (artifact id: '9adb2f085cceb4e88333849ba7c5bf42') in 0.064260 seconds
Number of updated asset objects reloaded before import = 0
Number of asset objects unloaded after import = 3
========================================================================
Received Import Request.
  Time since last request: 0.000048 seconds.
  path: Assets/Aspiring Hero Deokgu/Alchemy/Textures/A witch's cauldron viewed from a more extreme top-down angle.png
  artifactKey: Guid(6fde08324323154419d7a10ab8742b27) Importer(815301076,1909f56bfc062723c751e8b465ee728b)
Start importing Assets/Aspiring Hero Deokgu/Alchemy/Textures/A witch's cauldron viewed from a more extreme top-down angle.png using Guid(6fde08324323154419d7a10ab8742b27) Importer(815301076,1909f56bfc062723c751e8b465ee728b)  -> (artifact id: '0890f244ba2f538cf86572a710cbaad6') in 0.072740 seconds
Number of updated asset objects reloaded before import = 0
Number of asset objects unloaded after import = 3
========================================================================
Received Import Request.
  Time since last request: 0.000020 seconds.
  path: Assets/GUI PRO Kit - Fantasy RPG/Preview/64_RewardDaily.png
  artifactKey: Guid(abccabe38939f42b3830da211af58bab) Importer(815301076,1909f56bfc062723c751e8b465ee728b)
Start importing Assets/GUI PRO Kit - Fantasy RPG/Preview/64_RewardDaily.png using Guid(abccabe38939f42b3830da211af58bab) Importer(815301076,1909f56bfc062723c751e8b465ee728b)  -> (artifact id: 'fdadb04f028d8520e0a64386b12b0cf1') in 0.070645 seconds
Number of updated asset objects reloaded before import = 0
Number of asset objects unloaded after import = 3
========================================================================
Received Import Request.
  Time since last request: 0.000019 seconds.
  path: Assets/Aspiring Hero Deokgu/Alchemy/Textures/background 2.png
  artifactKey: Guid(e63b2296159340247ae52206827978b9) Importer(815301076,1909f56bfc062723c751e8b465ee728b)
Start importing Assets/Aspiring Hero Deokgu/Alchemy/Textures/background 2.png using Guid(e63b2296159340247ae52206827978b9) Importer(815301076,1909f56bfc062723c751e8b465ee728b)  -> (artifact id: '2f65407103304424b9e808ea196210e9') in 0.065757 seconds
Number of updated asset objects reloaded before import = 0
Number of asset objects unloaded after import = 3
========================================================================
Received Import Request.
  Time since last request: 0.000037 seconds.
  path: Assets/GUI PRO Kit - Fantasy RPG/Preview/45_Shop_Gem.png
  artifactKey: Guid(ed95ba80cb18142b8834e2d675dc8f76) Importer(815301076,1909f56bfc062723c751e8b465ee728b)
Start importing Assets/GUI PRO Kit - Fantasy RPG/Preview/45_Shop_Gem.png using Guid(ed95ba80cb18142b8834e2d675dc8f76) Importer(815301076,1909f56bfc062723c751e8b465ee728b)  -> (artifact id: '9e24617ac185b1ca0ddce6065b9742c1') in 0.067806 seconds
Number of updated asset objects reloaded before import = 0
Number of asset objects unloaded after import = 3
========================================================================
Received Import Request.
  Time since last request: 0.000047 seconds.
  path: Assets/GUI PRO Kit - Fantasy RPG/Preview/03_TitleStart.png
  artifactKey: Guid(a55fb3c0768e249f0b52a465d44dced4) Importer(815301076,1909f56bfc062723c751e8b465ee728b)
Start importing Assets/GUI PRO Kit - Fantasy RPG/Preview/03_TitleStart.png using Guid(a55fb3c0768e249f0b52a465d44dced4) Importer(815301076,1909f56bfc062723c751e8b465ee728b)  -> (artifact id: '1fcc9cf8e49f430428c744e25670e5d4') in 0.065492 seconds
Number of updated asset objects reloaded before import = 0
Number of asset objects unloaded after import = 3
========================================================================
Received Import Request.
  Time since last request: 0.000019 seconds.
  path: Assets/GUI PRO Kit - Fantasy RPG/ResourcesData/Sprites/Demo/Demo_Background/background_02_home_2560.png
  artifactKey: Guid(205f91abd013e467dba07ba10f6f41d1) Importer(815301076,1909f56bfc062723c751e8b465ee728b)
Start importing Assets/GUI PRO Kit - Fantasy RPG/ResourcesData/Sprites/Demo/Demo_Background/background_02_home_2560.png using Guid(205f91abd013e467dba07ba10f6f41d1) Importer(815301076,1909f56bfc062723c751e8b465ee728b)  -> (artifact id: '0bf918494358fd6407600913bfc946a0') in 0.064988 seconds
Number of updated asset objects reloaded before import = 0
Number of asset objects unloaded after import = 3
========================================================================
Received Import Request.
  Time since last request: 0.000017 seconds.
  path: Assets/Aspiring Hero Deokgu/Alchemy/Textures/ActionText_Go.png
  artifactKey: Guid(e62cb4037f84f4542b01f85403bd9617) Importer(815301076,1909f56bfc062723c751e8b465ee728b)
Start importing Assets/Aspiring Hero Deokgu/Alchemy/Textures/ActionText_Go.png using Guid(e62cb4037f84f4542b01f85403bd9617) Importer(815301076,1909f56bfc062723c751e8b465ee728b)  -> (artifact id: '42aed146c8a853330f7ba890c86aecaa') in 0.066708 seconds
Number of updated asset objects reloaded before import = 0
Number of asset objects unloaded after import = 3
========================================================================
Received Import Request.
  Time since last request: 0.000017 seconds.
  path: Assets/GUI PRO Kit - Fantasy RPG/ResourcesData/Sprites/Demo/Demo_Background/background_00_title_2560.png
  artifactKey: Guid(1719e081269704eafbe3eeae1eb8b4fc) Importer(815301076,1909f56bfc062723c751e8b465ee728b)
Start importing Assets/GUI PRO Kit - Fantasy RPG/ResourcesData/Sprites/Demo/Demo_Background/background_00_title_2560.png using Guid(1719e081269704eafbe3eeae1eb8b4fc) Importer(815301076,1909f56bfc062723c751e8b465ee728b)  -> (artifact id: '7a54fcbe430ec41e99468383b953533e') in 0.066414 seconds
Number of updated asset objects reloaded before import = 0
Number of asset objects unloaded after import = 3
========================================================================
Received Import Request.
  Time since last request: 0.000039 seconds.
  path: Assets/GUI PRO Kit - Fantasy RPG/Preview/62_LevelUp.png
  artifactKey: Guid(a7f13c0bd926d480d805373fc9e7e72b) Importer(815301076,1909f56bfc062723c751e8b465ee728b)
Start importing Assets/GUI PRO Kit - Fantasy RPG/Preview/62_LevelUp.png using Guid(a7f13c0bd926d480d805373fc9e7e72b) Importer(815301076,1909f56bfc062723c751e8b465ee728b)  -> (artifact id: '7fb2046d0a0a1c5d38b2d999acd95d0f') in 0.067546 seconds
Number of updated asset objects reloaded before import = 0
Number of asset objects unloaded after import = 3
========================================================================
Received Import Request.
  Time since last request: 0.000046 seconds.
  path: Assets/GUI PRO Kit - Fantasy RPG/ResourcesData/Sprites/Demo/Demo_Image/action_text_critical.png
  artifactKey: Guid(11a72b1ab42d64176af2a5b1ca42e2da) Importer(815301076,1909f56bfc062723c751e8b465ee728b)
Start importing Assets/GUI PRO Kit - Fantasy RPG/ResourcesData/Sprites/Demo/Demo_Image/action_text_critical.png using Guid(11a72b1ab42d64176af2a5b1ca42e2da) Importer(815301076,1909f56bfc062723c751e8b465ee728b)  -> (artifact id: '728d36afc418fc255091cdd701f92b9c') in 0.063824 seconds
Number of updated asset objects reloaded before import = 0
Number of asset objects unloaded after import = 3
========================================================================
Received Import Request.
  Time since last request: 0.000099 seconds.
  path: Assets/GUI PRO Kit - Fantasy RPG/Preview/33_EquipmentDetail3.png
  artifactKey: Guid(4baef5a86314f49ad8777d6ec732c957) Importer(815301076,1909f56bfc062723c751e8b465ee728b)
Start importing Assets/GUI PRO Kit - Fantasy RPG/Preview/33_EquipmentDetail3.png using Guid(4baef5a86314f49ad8777d6ec732c957) Importer(815301076,1909f56bfc062723c751e8b465ee728b)  -> (artifact id: 'cd322043270958e40a662b3f0da49c16') in 0.065352 seconds
Number of updated asset objects reloaded before import = 0
Number of asset objects unloaded after import = 3
========================================================================
Received Import Request.
  Time since last request: 0.000017 seconds.
  path: Assets/GUI PRO Kit - Fantasy RPG/ResourcesData/Sprites/Demo/Demo_Background/background_01_loading_3840.png
  artifactKey: Guid(4087c7b4ae0344e8886013766a0eee97) Importer(815301076,1909f56bfc062723c751e8b465ee728b)
Start importing Assets/GUI PRO Kit - Fantasy RPG/ResourcesData/Sprites/Demo/Demo_Background/background_01_loading_3840.png using Guid(4087c7b4ae0344e8886013766a0eee97) Importer(815301076,1909f56bfc062723c751e8b465ee728b)  -> (artifact id: 'ff379967e8f6d1f06897c04a94a4bd89') in 0.064421 seconds
Number of updated asset objects reloaded before import = 0
Number of asset objects unloaded after import = 3
========================================================================
Received Import Request.
  Time since last request: 0.000032 seconds.
  path: Assets/GUI PRO Kit - Fantasy RPG/Preview/20_PlayType3.png
  artifactKey: Guid(003aabae4bb354a22a55ca7309eaf72b) Importer(815301076,1909f56bfc062723c751e8b465ee728b)
Start importing Assets/GUI PRO Kit - Fantasy RPG/Preview/20_PlayType3.png using Guid(003aabae4bb354a22a55ca7309eaf72b) Importer(815301076,1909f56bfc062723c751e8b465ee728b)  -> (artifact id: '8d1672a87111513ce1dfeafddabe4fe9') in 0.066917 seconds
Number of updated asset objects reloaded before import = 0
Number of asset objects unloaded after import = 3
========================================================================
Received Import Request.
  Time since last request: 0.000048 seconds.
  path: Assets/GUI PRO Kit - Fantasy RPG/Preview/46_BattlePass.png
  artifactKey: Guid(3e589fe72fc1a4b4c87c6e1b53f4a71d) Importer(815301076,1909f56bfc062723c751e8b465ee728b)
Start importing Assets/GUI PRO Kit - Fantasy RPG/Preview/46_BattlePass.png using Guid(3e589fe72fc1a4b4c87c6e1b53f4a71d) Importer(815301076,1909f56bfc062723c751e8b465ee728b)  -> (artifact id: 'fc2d583369d8b765d1a20cd0bb7603b2') in 0.064600 seconds
Number of updated asset objects reloaded before import = 0
Number of asset objects unloaded after import = 3
========================================================================
Received Import Request.
  Time since last request: 0.000029 seconds.
  path: Assets/GUI PRO Kit - Fantasy RPG/ResourcesData/Fonts/Alata-Regular-Outline 210 SDF Atlas.png
  artifactKey: Guid(f3025eed11f684154ac66440579f94b1) Importer(815301076,1909f56bfc062723c751e8b465ee728b)
Start importing Assets/GUI PRO Kit - Fantasy RPG/ResourcesData/Fonts/Alata-Regular-Outline 210 SDF Atlas.png using Guid(f3025eed11f684154ac66440579f94b1) Importer(815301076,1909f56bfc062723c751e8b465ee728b)  -> (artifact id: '4c24c637495a7626d72bdca273741709') in 0.084785 seconds
Number of updated asset objects reloaded before import = 0
Number of asset objects unloaded after import = 3
========================================================================
Received Import Request.
  Time since last request: 0.000076 seconds.
  path: Assets/GUI PRO Kit - Fantasy RPG/ResourcesData/Sprites/Demo/Demo_Background/background_03_character_3840.png
  artifactKey: Guid(9f1dbd2d1b95946ab9417d48fa63605b) Importer(815301076,1909f56bfc062723c751e8b465ee728b)
Start importing Assets/GUI PRO Kit - Fantasy RPG/ResourcesData/Sprites/Demo/Demo_Background/background_03_character_3840.png using Guid(9f1dbd2d1b95946ab9417d48fa63605b) Importer(815301076,1909f56bfc062723c751e8b465ee728b)  -> (artifact id: '3c267059a5c5864643a29e1eff255230') in 0.072917 seconds
Number of updated asset objects reloaded before import = 0
Number of asset objects unloaded after import = 3
========================================================================
Received Import Request.
  Time since last request: 0.000019 seconds.
  path: Assets/GUI PRO Kit - Fantasy RPG/Preview/22_PlayContinue.png
  artifactKey: Guid(d44313b3172494a9994a462fa59dc470) Importer(815301076,1909f56bfc062723c751e8b465ee728b)
Start importing Assets/GUI PRO Kit - Fantasy RPG/Preview/22_PlayContinue.png using Guid(d44313b3172494a9994a462fa59dc470) Importer(815301076,1909f56bfc062723c751e8b465ee728b)  -> (artifact id: '11c67461b115dc8d4cca4e5f35eb6e56') in 0.060994 seconds
Number of updated asset objects reloaded before import = 0
Number of asset objects unloaded after import = 3
========================================================================
Received Import Request.
  Time since last request: 0.000294 seconds.
  path: Assets/GUI PRO Kit - Fantasy RPG/Preview/48_Guild.png
  artifactKey: Guid(12cfe84cfbdaf440c9fa70ea31843010) Importer(815301076,1909f56bfc062723c751e8b465ee728b)
Start importing Assets/GUI PRO Kit - Fantasy RPG/Preview/48_Guild.png using Guid(12cfe84cfbdaf440c9fa70ea31843010) Importer(815301076,1909f56bfc062723c751e8b465ee728b)  -> (artifact id: 'f4512e0551976b01100a7ca203f8fd0d') in 0.060050 seconds
Number of updated asset objects reloaded before import = 0
Number of asset objects unloaded after import = 3
========================================================================
Received Import Request.
  Time since last request: 0.000019 seconds.
  path: Assets/GUI PRO Kit - Fantasy RPG/Preview/00_5_Guild_Flag.png
  artifactKey: Guid(91fbc88c254764131b4c69eebbb96944) Importer(815301076,1909f56bfc062723c751e8b465ee728b)
Start importing Assets/GUI PRO Kit - Fantasy RPG/Preview/00_5_Guild_Flag.png using Guid(91fbc88c254764131b4c69eebbb96944) Importer(815301076,1909f56bfc062723c751e8b465ee728b)  -> (artifact id: 'd1b27675aa0dc35029453b66162fb052') in 0.063684 seconds
Number of updated asset objects reloaded before import = 0
Number of asset objects unloaded after import = 3
========================================================================
Received Import Request.
  Time since last request: 0.000021 seconds.
  path: Assets/GUI PRO Kit - Fantasy RPG/Preview/47_Missions.png
  artifactKey: Guid(1e6ed8985e17e4e4db86229f121e0b5c) Importer(815301076,1909f56bfc062723c751e8b465ee728b)
Start importing Assets/GUI PRO Kit - Fantasy RPG/Preview/47_Missions.png using Guid(1e6ed8985e17e4e4db86229f121e0b5c) Importer(815301076,1909f56bfc062723c751e8b465ee728b)  -> (artifact id: 'e3fbdbbc87d0fa61bff918d5556b82d9') in 0.062837 seconds
Number of updated asset objects reloaded before import = 0
Number of asset objects unloaded after import = 3
========================================================================
Received Import Request.
  Time since last request: 0.000019 seconds.
  path: Assets/GUI PRO Kit - Fantasy RPG/Preview/06_PopupLogin.png
  artifactKey: Guid(0b0d5dd9a018f4751b2ad1b7bbd09221) Importer(815301076,1909f56bfc062723c751e8b465ee728b)
Start importing Assets/GUI PRO Kit - Fantasy RPG/Preview/06_PopupLogin.png using Guid(0b0d5dd9a018f4751b2ad1b7bbd09221) Importer(815301076,1909f56bfc062723c751e8b465ee728b)  -> (artifact id: '8e9ebca2e221cfefd7e0310a65928869') in 0.063507 seconds
Number of updated asset objects reloaded before import = 0
Number of asset objects unloaded after import = 3
========================================================================
Received Import Request.
  Time since last request: 0.000038 seconds.
  path: Assets/GUI PRO Kit - Fantasy RPG/ResourcesData/Sprites/Demo/Demo_Background/background_02_home_1920.png
  artifactKey: Guid(c4034de234a924096bc0c1b3f82c3b13) Importer(815301076,1909f56bfc062723c751e8b465ee728b)
Start importing Assets/GUI PRO Kit - Fantasy RPG/ResourcesData/Sprites/Demo/Demo_Background/background_02_home_1920.png using Guid(c4034de234a924096bc0c1b3f82c3b13) Importer(815301076,1909f56bfc062723c751e8b465ee728b)  -> (artifact id: '3ec6e651558aeda6f7a94b2a3f15059a') in 0.060655 seconds
Number of updated asset objects reloaded before import = 0
Number of asset objects unloaded after import = 3
========================================================================
Received Import Request.
  Time since last request: 0.000112 seconds.
  path: Assets/GUI PRO Kit - Fantasy RPG/ResourcesData/Sprites/Demo/Demo_Background/background_03_character_1920.png
  artifactKey: Guid(91cc8e54e07844c4ab71029265e76c8a) Importer(815301076,1909f56bfc062723c751e8b465ee728b)
Start importing Assets/GUI PRO Kit - Fantasy RPG/ResourcesData/Sprites/Demo/Demo_Background/background_03_character_1920.png using Guid(91cc8e54e07844c4ab71029265e76c8a) Importer(815301076,1909f56bfc062723c751e8b465ee728b)  -> (artifact id: 'aabac76b0b3b927c29bbdb79182746f8') in 0.059011 seconds
Number of updated asset objects reloaded before import = 0
Number of asset objects unloaded after import = 3
========================================================================
Received Import Request.
  Time since last request: 0.000017 seconds.
  path: Assets/Aspiring Hero Deokgu/Alchemy/Textures/A witch's cauldron viewed from a direct 90-degree top-down angle.png
  artifactKey: Guid(758808f1fb1264740a0e2683003ec0d3) Importer(815301076,1909f56bfc062723c751e8b465ee728b)
Start importing Assets/Aspiring Hero Deokgu/Alchemy/Textures/A witch's cauldron viewed from a direct 90-degree top-down angle.png using Guid(758808f1fb1264740a0e2683003ec0d3) Importer(815301076,1909f56bfc062723c751e8b465ee728b)  -> (artifact id: '577d8ed521b3e825763e1c25af478272') in 0.064696 seconds
Number of updated asset objects reloaded before import = 0
Number of asset objects unloaded after import = 3
========================================================================
Received Import Request.
  Time since last request: 0.000022 seconds.
  path: Assets/GUI PRO Kit - Fantasy RPG/Preview/00_4_Icons2.png
  artifactKey: Guid(33a5d1ed735b5406db92bd7c5c792a80) Importer(815301076,1909f56bfc062723c751e8b465ee728b)
Start importing Assets/GUI PRO Kit - Fantasy RPG/Preview/00_4_Icons2.png using Guid(33a5d1ed735b5406db92bd7c5c792a80) Importer(815301076,1909f56bfc062723c751e8b465ee728b)  -> (artifact id: '9cef1cd176ffeb3095c38eab42531278') in 0.065057 seconds
Number of updated asset objects reloaded before import = 0
Number of asset objects unloaded after import = 3
========================================================================
Received Import Request.
  Time since last request: 0.000021 seconds.
  path: Assets/GUI PRO Kit - Fantasy RPG/ResourcesData/Fonts/Alata-Regular-Outline 32 SDF Atlas.png
  artifactKey: Guid(883e18eec575e4397badc8155eaf05d4) Importer(815301076,1909f56bfc062723c751e8b465ee728b)
Start importing Assets/GUI PRO Kit - Fantasy RPG/ResourcesData/Fonts/Alata-Regular-Outline 32 SDF Atlas.png using Guid(883e18eec575e4397badc8155eaf05d4) Importer(815301076,1909f56bfc062723c751e8b465ee728b)  -> (artifact id: '09e642905bdb35a242dd08fbd4106192') in 0.062004 seconds
Number of updated asset objects reloaded before import = 0
Number of asset objects unloaded after import = 3
========================================================================
Received Import Request.
  Time since last request: 0.000024 seconds.
  path: Assets/GUI PRO Kit - Fantasy RPG/ResourcesData/Sprites/Demo/Demo_Background/background_02_home_3840.png
  artifactKey: Guid(624cd8846db6248be985360c7020e252) Importer(815301076,1909f56bfc062723c751e8b465ee728b)
Start importing Assets/GUI PRO Kit - Fantasy RPG/ResourcesData/Sprites/Demo/Demo_Background/background_02_home_3840.png using Guid(624cd8846db6248be985360c7020e252) Importer(815301076,1909f56bfc062723c751e8b465ee728b)  -> (artifact id: '616d66a392eff54fc10a871509a8a171') in 0.059516 seconds
Number of updated asset objects reloaded before import = 0
Number of asset objects unloaded after import = 3
========================================================================
Received Import Request.
  Time since last request: 0.000078 seconds.
  path: Assets/GUI PRO Kit - Fantasy RPG/Preview/61_LoadingBar.png
  artifactKey: Guid(2a14a93c154f34204b4b4844424361e9) Importer(815301076,1909f56bfc062723c751e8b465ee728b)
Start importing Assets/GUI PRO Kit - Fantasy RPG/Preview/61_LoadingBar.png using Guid(2a14a93c154f34204b4b4844424361e9) Importer(815301076,1909f56bfc062723c751e8b465ee728b)  -> (artifact id: 'cf57fcf14f9e4686aa2e55b6eb03bc5f') in 0.060355 seconds
Number of updated asset objects reloaded before import = 0
Number of asset objects unloaded after import = 3
========================================================================
Received Import Request.
  Time since last request: 0.000020 seconds.
  path: Assets/GUI PRO Kit - Fantasy RPG/Preview/09_PopupName.png
  artifactKey: Guid(987aff0542d044f7195e1c98604e664b) Importer(815301076,1909f56bfc062723c751e8b465ee728b)
Start importing Assets/GUI PRO Kit - Fantasy RPG/Preview/09_PopupName.png using Guid(987aff0542d044f7195e1c98604e664b) Importer(815301076,1909f56bfc062723c751e8b465ee728b)  -> (artifact id: 'be00f8a3ab1e34fdbfb391df4def30dd') in 0.061950 seconds
Number of updated asset objects reloaded before import = 0
Number of asset objects unloaded after import = 3
========================================================================
Received Import Request.
  Time since last request: 0.000053 seconds.
  path: Assets/Aspiring Hero Deokgu/GrillingMeat/Images/UI/Popup/GameClear/ActionText_MissionClear.png
  artifactKey: Guid(c10a85fbd9e39ce4f904d99edfef93ba) Importer(815301076,1909f56bfc062723c751e8b465ee728b)
Start importing Assets/Aspiring Hero Deokgu/GrillingMeat/Images/UI/Popup/GameClear/ActionText_MissionClear.png using Guid(c10a85fbd9e39ce4f904d99edfef93ba) Importer(815301076,1909f56bfc062723c751e8b465ee728b)  -> (artifact id: '5108e7fd2af48b6d1a9f5470ac02830b') in 0.062136 seconds
Number of updated asset objects reloaded before import = 0
Number of asset objects unloaded after import = 3
========================================================================
Received Import Request.
  Time since last request: 0.000022 seconds.
  path: Assets/Aspiring Hero Deokgu/GrillingMeat/Images/UI/Popup/GameClear/ActionText_MissionClear_Icon.png
  artifactKey: Guid(2584cb37340e5fc4b8edc48764a275c7) Importer(815301076,1909f56bfc062723c751e8b465ee728b)
Start importing Assets/Aspiring Hero Deokgu/GrillingMeat/Images/UI/Popup/GameClear/ActionText_MissionClear_Icon.png using Guid(2584cb37340e5fc4b8edc48764a275c7) Importer(815301076,1909f56bfc062723c751e8b465ee728b)  -> (artifact id: 'e0ddec287e724d090c739bbaa32aa63d') in 0.062257 seconds
Number of updated asset objects reloaded before import = 0
Number of asset objects unloaded after import = 3
========================================================================
Received Import Request.
  Time since last request: 0.000024 seconds.
  path: Assets/GUI PRO Kit - Fantasy RPG/ResourcesData/Sprites/Demo/Demo_Background/background_00_title_3840.png
  artifactKey: Guid(41841b1eddbdc43e4bdcfbf7cc7fcdda) Importer(815301076,1909f56bfc062723c751e8b465ee728b)
Start importing Assets/GUI PRO Kit - Fantasy RPG/ResourcesData/Sprites/Demo/Demo_Background/background_00_title_3840.png using Guid(41841b1eddbdc43e4bdcfbf7cc7fcdda) Importer(815301076,1909f56bfc062723c751e8b465ee728b)  -> (artifact id: '8d6842443872fba99c701a6240f1b1ad') in 0.061892 seconds
Number of updated asset objects reloaded before import = 0
Number of asset objects unloaded after import = 3
========================================================================
Received Import Request.
  Time since last request: 0.000046 seconds.
  path: Assets/GUI PRO Kit - Fantasy RPG/ResourcesData/Fonts/Alata-Regular-Outline 40 SDF Atlas.png
  artifactKey: Guid(3db6a3e18d05249baab36487416ff1d5) Importer(815301076,1909f56bfc062723c751e8b465ee728b)
Start importing Assets/GUI PRO Kit - Fantasy RPG/ResourcesData/Fonts/Alata-Regular-Outline 40 SDF Atlas.png using Guid(3db6a3e18d05249baab36487416ff1d5) Importer(815301076,1909f56bfc062723c751e8b465ee728b)  -> (artifact id: '7b3f0dcb3bc83a35bad365ffd430a603') in 0.062805 seconds
Number of updated asset objects reloaded before import = 0
Number of asset objects unloaded after import = 3
========================================================================
Received Import Request.
  Time since last request: 0.000020 seconds.
  path: Assets/GUI PRO Kit - Fantasy RPG/Preview/33_EquipmentDetail1.png
  artifactKey: Guid(a7e461fa722d14b6192116a5faf36d1f) Importer(815301076,1909f56bfc062723c751e8b465ee728b)
Start importing Assets/GUI PRO Kit - Fantasy RPG/Preview/33_EquipmentDetail1.png using Guid(a7e461fa722d14b6192116a5faf36d1f) Importer(815301076,1909f56bfc062723c751e8b465ee728b)  -> (artifact id: '9ca1220c01592ce1d372fff7f924ca4b') in 0.061405 seconds
Number of updated asset objects reloaded before import = 0
Number of asset objects unloaded after import = 3
========================================================================
Received Import Request.
  Time since last request: 0.000019 seconds.
  path: Assets/GUI PRO Kit - Fantasy RPG/Preview/00_4_EquipmentIcons.png
  artifactKey: Guid(fa2a8132c089840efbd82d1d7b7f261a) Importer(815301076,1909f56bfc062723c751e8b465ee728b)
Start importing Assets/GUI PRO Kit - Fantasy RPG/Preview/00_4_EquipmentIcons.png using Guid(fa2a8132c089840efbd82d1d7b7f261a) Importer(815301076,1909f56bfc062723c751e8b465ee728b)  -> (artifact id: 'b40e35f0aa5d3d6cd972118961d86b48') in 0.063428 seconds
Number of updated asset objects reloaded before import = 0
Number of asset objects unloaded after import = 3
========================================================================
Received Import Request.
  Time since last request: 0.000018 seconds.
  path: Assets/GUI PRO Kit - Fantasy RPG/ResourcesData/Fonts/Alata-Regular-Outline 50 SDF Atlas.png
  artifactKey: Guid(d54eec25a71514fa3acb45f91d915bea) Importer(815301076,1909f56bfc062723c751e8b465ee728b)
Start importing Assets/GUI PRO Kit - Fantasy RPG/ResourcesData/Fonts/Alata-Regular-Outline 50 SDF Atlas.png using Guid(d54eec25a71514fa3acb45f91d915bea) Importer(815301076,1909f56bfc062723c751e8b465ee728b)  -> (artifact id: '1516acb2e39733b4340814d730337b32') in 0.061332 seconds
Number of updated asset objects reloaded before import = 0
Number of asset objects unloaded after import = 3
========================================================================
Received Import Request.
  Time since last request: 0.000024 seconds.
  path: Assets/GUI PRO Kit - Fantasy RPG/Preview/40_Stage.png
  artifactKey: Guid(a27554b8220ca43a8be61b29af30d4a2) Importer(815301076,1909f56bfc062723c751e8b465ee728b)
Start importing Assets/GUI PRO Kit - Fantasy RPG/Preview/40_Stage.png using Guid(a27554b8220ca43a8be61b29af30d4a2) Importer(815301076,1909f56bfc062723c751e8b465ee728b)  -> (artifact id: '7d3ee25d252be2836e4eaf1e29d45b22') in 0.060511 seconds
Number of updated asset objects reloaded before import = 0
Number of asset objects unloaded after import = 3
========================================================================
Received Import Request.
  Time since last request: 0.000037 seconds.
  path: Assets/GUI PRO Kit - Fantasy RPG/ResourcesData/Sprites/Demo/Demo_Background/background_03_character_2560.png
  artifactKey: Guid(a6a2149b1a386454ca8660c699c7a829) Importer(815301076,1909f56bfc062723c751e8b465ee728b)
Start importing Assets/GUI PRO Kit - Fantasy RPG/ResourcesData/Sprites/Demo/Demo_Background/background_03_character_2560.png using Guid(a6a2149b1a386454ca8660c699c7a829) Importer(815301076,1909f56bfc062723c751e8b465ee728b)  -> (artifact id: 'a51f9e182d905e2c5416c0739194ca5f') in 0.063634 seconds
Number of updated asset objects reloaded before import = 0
Number of asset objects unloaded after import = 3
========================================================================
Received Import Request.
  Time since last request: 0.000034 seconds.
  path: Assets/GUI PRO Kit - Fantasy RPG/Preview/20_PlayType2.png
  artifactKey: Guid(24d175948750d430ca29060824bcbcd0) Importer(815301076,1909f56bfc062723c751e8b465ee728b)
Start importing Assets/GUI PRO Kit - Fantasy RPG/Preview/20_PlayType2.png using Guid(24d175948750d430ca29060824bcbcd0) Importer(815301076,1909f56bfc062723c751e8b465ee728b)  -> (artifact id: '5ba78f4a108d30155f8d5949219969eb') in 0.064840 seconds
Number of updated asset objects reloaded before import = 0
Number of asset objects unloaded after import = 3
========================================================================
Received Import Request.
  Time since last request: 0.000021 seconds.
  path: Assets/GUI PRO Kit - Fantasy RPG/Preview/21_PlayBoss.png
  artifactKey: Guid(f783aab01887c4204837d89a235587cd) Importer(815301076,1909f56bfc062723c751e8b465ee728b)
Start importing Assets/GUI PRO Kit - Fantasy RPG/Preview/21_PlayBoss.png using Guid(f783aab01887c4204837d89a235587cd) Importer(815301076,1909f56bfc062723c751e8b465ee728b)  -> (artifact id: 'f6305e4f00f64555bb9eabe347fdaa79') in 0.063234 seconds
Number of updated asset objects reloaded before import = 0
Number of asset objects unloaded after import = 3
========================================================================
Received Import Request.
  Time since last request: 0.000041 seconds.
  path: Assets/GUI PRO Kit - Fantasy RPG/Preview/05_Home.png
  artifactKey: Guid(382f8ac5faeec4459b28227dce2a1019) Importer(815301076,1909f56bfc062723c751e8b465ee728b)
Start importing Assets/GUI PRO Kit - Fantasy RPG/Preview/05_Home.png using Guid(382f8ac5faeec4459b28227dce2a1019) Importer(815301076,1909f56bfc062723c751e8b465ee728b)  -> (artifact id: '45e241977e4b22ab4bc27eb672527b8b') in 0.063544 seconds
Number of updated asset objects reloaded before import = 0
Number of asset objects unloaded after import = 3
========================================================================
Received Import Request.
  Time since last request: 0.000023 seconds.
  path: Assets/GUI PRO Kit - Fantasy RPG/Preview/63_Rate.png
  artifactKey: Guid(3a4de6efdb29e484e833285e5613a165) Importer(815301076,1909f56bfc062723c751e8b465ee728b)
Start importing Assets/GUI PRO Kit - Fantasy RPG/Preview/63_Rate.png using Guid(3a4de6efdb29e484e833285e5613a165) Importer(815301076,1909f56bfc062723c751e8b465ee728b)  -> (artifact id: 'a91eef072d2a33bbb854163b634e4d10') in 0.058931 seconds
Number of updated asset objects reloaded before import = 0
Number of asset objects unloaded after import = 3
========================================================================
Received Import Request.
  Time since last request: 0.000050 seconds.
  path: Assets/GUI PRO Kit - Fantasy RPG/Preview/00_6_Chest.png
  artifactKey: Guid(23e21d02912ce42708d4471836181a73) Importer(815301076,1909f56bfc062723c751e8b465ee728b)
Start importing Assets/GUI PRO Kit - Fantasy RPG/Preview/00_6_Chest.png using Guid(23e21d02912ce42708d4471836181a73) Importer(815301076,1909f56bfc062723c751e8b465ee728b)  -> (artifact id: 'a36c1da4cb9e6c17f2a0591375c4b4ef') in 0.058911 seconds
Number of updated asset objects reloaded before import = 0
Number of asset objects unloaded after import = 3
========================================================================
Received Import Request.
  Time since last request: 0.000021 seconds.
  path: Assets/GUI PRO Kit - Fantasy RPG/Preview/42_Language.png
  artifactKey: Guid(d0ac9674ee8ff4f639649e8ff129869f) Importer(815301076,1909f56bfc062723c751e8b465ee728b)
Start importing Assets/GUI PRO Kit - Fantasy RPG/Preview/42_Language.png using Guid(d0ac9674ee8ff4f639649e8ff129869f) Importer(815301076,1909f56bfc062723c751e8b465ee728b)  -> (artifact id: '45bdfb00a69c213980453454320ce24e') in 0.062721 seconds
Number of updated asset objects reloaded before import = 0
Number of asset objects unloaded after import = 3
========================================================================
Received Import Request.
  Time since last request: 0.000063 seconds.
  path: Assets/2D Pixel Art Icon/2D Pixel Art Icons Fruits/Sprites.png
  artifactKey: Guid(a03c2610221b14940b818fb271b448fa) Importer(815301076,1909f56bfc062723c751e8b465ee728b)
Start importing Assets/2D Pixel Art Icon/2D Pixel Art Icons Fruits/Sprites.png using Guid(a03c2610221b14940b818fb271b448fa) Importer(815301076,1909f56bfc062723c751e8b465ee728b)  -> (artifact id: 'f2ad5be5e60087a639680e5c2cddb7bc') in 0.088850 seconds
Number of updated asset objects reloaded before import = 0
Number of asset objects unloaded after import = 17
========================================================================
Received Import Request.
  Time since last request: 0.000022 seconds.
  path: Assets/GUI PRO Kit - Fantasy RPG/ResourcesData/Fonts/Alata-Regular-Outline 28 SDF Atlas.png
  artifactKey: Guid(e5bbe2cc2c3b84ebba47ff7af7edc09b) Importer(815301076,1909f56bfc062723c751e8b465ee728b)
Start importing Assets/GUI PRO Kit - Fantasy RPG/ResourcesData/Fonts/Alata-Regular-Outline 28 SDF Atlas.png using Guid(e5bbe2cc2c3b84ebba47ff7af7edc09b) Importer(815301076,1909f56bfc062723c751e8b465ee728b)  -> (artifact id: 'a455cf6e2684ac8ef1d4177fe98c2fdc') in 0.084945 seconds
Number of updated asset objects reloaded before import = 0
Number of asset objects unloaded after import = 3
========================================================================
Received Import Request.
  Time since last request: 0.000084 seconds.
  path: Assets/GUI PRO Kit - Fantasy RPG/ResourcesData/Sprites/Demo/Demo_Image/action_text_combo.png
  artifactKey: Guid(581883832a4374704b3b874af707b160) Importer(815301076,1909f56bfc062723c751e8b465ee728b)
Start importing Assets/GUI PRO Kit - Fantasy RPG/ResourcesData/Sprites/Demo/Demo_Image/action_text_combo.png using Guid(581883832a4374704b3b874af707b160) Importer(815301076,1909f56bfc062723c751e8b465ee728b)  -> (artifact id: '4710256ca63985d588afc2c6f463491e') in 0.060297 seconds
Number of updated asset objects reloaded before import = 0
Number of asset objects unloaded after import = 3
========================================================================
Received Import Request.
  Time since last request: 0.000038 seconds.
  path: Assets/GUI PRO Kit - Fantasy RPG/ResourcesData/Sprites/Demo/Demo_Background/background_00_title_1920.png
  artifactKey: Guid(6b70a11753d68474589ce690f20ad9ec) Importer(815301076,1909f56bfc062723c751e8b465ee728b)
Start importing Assets/GUI PRO Kit - Fantasy RPG/ResourcesData/Sprites/Demo/Demo_Background/background_00_title_1920.png using Guid(6b70a11753d68474589ce690f20ad9ec) Importer(815301076,1909f56bfc062723c751e8b465ee728b)  -> (artifact id: 'fd3612c22512950f4f7ea73c32d005e3') in 0.062651 seconds
Number of updated asset objects reloaded before import = 0
Number of asset objects unloaded after import = 3
========================================================================
Received Import Request.
  Time since last request: 0.000018 seconds.
  path: Assets/Aspiring Hero Deokgu/Item Data/Item Icon/Armor.png
  artifactKey: Guid(64251ddf3f58a2b4f92f163f9f22c0e9) Importer(815301076,1909f56bfc062723c751e8b465ee728b)
Start importing Assets/Aspiring Hero Deokgu/Item Data/Item Icon/Armor.png using Guid(64251ddf3f58a2b4f92f163f9f22c0e9) Importer(815301076,1909f56bfc062723c751e8b465ee728b)  -> (artifact id: '4ae02cfa34e517af1f83862fdefd6ca2') in 0.063971 seconds
Number of updated asset objects reloaded before import = 0
Number of asset objects unloaded after import = 3
========================================================================
Received Import Request.
  Time since last request: 0.000032 seconds.
  path: Assets/GUI PRO Kit - Fantasy RPG/Preview/14_PopupMessage.png
  artifactKey: Guid(bdf2cbe7f97d446719a48d516627df4c) Importer(815301076,1909f56bfc062723c751e8b465ee728b)
Start importing Assets/GUI PRO Kit - Fantasy RPG/Preview/14_PopupMessage.png using Guid(bdf2cbe7f97d446719a48d516627df4c) Importer(815301076,1909f56bfc062723c751e8b465ee728b)  -> (artifact id: '4d2e10bb9c5f67feb58c9de1ae07c2f6') in 0.061427 seconds
Number of updated asset objects reloaded before import = 0
Number of asset objects unloaded after import = 3
========================================================================
Received Import Request.
  Time since last request: 0.000024 seconds.
  path: Assets/GUI PRO Kit - Fantasy RPG/Preview/66_Roulette.png
  artifactKey: Guid(295674167294440d6811179053d34c94) Importer(815301076,1909f56bfc062723c751e8b465ee728b)
Start importing Assets/GUI PRO Kit - Fantasy RPG/Preview/66_Roulette.png using Guid(295674167294440d6811179053d34c94) Importer(815301076,1909f56bfc062723c751e8b465ee728b)  -> (artifact id: '4b7a46211f57f9e1fcb58cf39d1e46d5') in 0.059458 seconds
Number of updated asset objects reloaded before import = 0
Number of asset objects unloaded after import = 3
========================================================================
Received Import Request.
  Time since last request: 0.000042 seconds.
  path: Assets/GUI PRO Kit - Fantasy RPG/ResourcesData/Sprites/Demo/Demo_Background/background_01_loading_2560.png
  artifactKey: Guid(afdeac15025e241d0bbdd87c1d3db07c) Importer(815301076,1909f56bfc062723c751e8b465ee728b)
Start importing Assets/GUI PRO Kit - Fantasy RPG/ResourcesData/Sprites/Demo/Demo_Background/background_01_loading_2560.png using Guid(afdeac15025e241d0bbdd87c1d3db07c) Importer(815301076,1909f56bfc062723c751e8b465ee728b)  -> (artifact id: '96515f54b0fe50e6aa0dd6af8cf847d0') in 0.062805 seconds
Number of updated asset objects reloaded before import = 0
Number of asset objects unloaded after import = 3
========================================================================
Received Import Request.
  Time since last request: 0.000035 seconds.
  path: Assets/GUI PRO Kit - Fantasy RPG/ResourcesData/Fonts/Alata-Regular-Outline 120 SDF Atlas.png
  artifactKey: Guid(775401d4d0e7144ceacf275cb4d1316f) Importer(815301076,1909f56bfc062723c751e8b465ee728b)
Start importing Assets/GUI PRO Kit - Fantasy RPG/ResourcesData/Fonts/Alata-Regular-Outline 120 SDF Atlas.png using Guid(775401d4d0e7144ceacf275cb4d1316f) Importer(815301076,1909f56bfc062723c751e8b465ee728b)  -> (artifact id: '8121e712da2b1a746cd1c7251c8e6846') in 0.065710 seconds
Number of updated asset objects reloaded before import = 0
Number of asset objects unloaded after import = 3
========================================================================
Received Import Request.
  Time since last request: 2.155965 seconds.
  path: Assets/Aspiring Hero Deokgu/Defence Game
  artifactKey: Guid(46800e61df5b78749b0ad23726617df7) Importer(815301076,1909f56bfc062723c751e8b465ee728b)
Start importing Assets/Aspiring Hero Deokgu/Defence Game using Guid(46800e61df5b78749b0ad23726617df7) Importer(815301076,1909f56bfc062723c751e8b465ee728b)  -> (artifact id: 'aa74c40351cf9cd6cfdd5a7f111a4889') in 0.002037 seconds
Number of updated asset objects reloaded before import = 0
Number of asset objects unloaded after import = 0
========================================================================
Received Import Request.
  Time since last request: 0.418929 seconds.
  path: Assets/Aspiring Hero Deokgu/FishingGame
  artifactKey: Guid(6f493fd610bf99b44b375d6406e7bd08) Importer(815301076,1909f56bfc062723c751e8b465ee728b)
Start importing Assets/Aspiring Hero Deokgu/FishingGame using Guid(6f493fd610bf99b44b375d6406e7bd08) Importer(815301076,1909f56bfc062723c751e8b465ee728b)  -> (artifact id: '03967531efab66226edeaf414650d4c6') in 0.000833 seconds
Number of updated asset objects reloaded before import = 0
Number of asset objects unloaded after import = 0
========================================================================
Received Import Request.
  Time since last request: 2.372332 seconds.
  path: Assets/Aspiring Hero Deokgu/Defence Game/Textures
  artifactKey: Guid(fe08bae86dffbd14db5d0aa87b060b9c) Importer(815301076,1909f56bfc062723c751e8b465ee728b)
Start importing Assets/Aspiring Hero Deokgu/Defence Game/Textures using Guid(fe08bae86dffbd14db5d0aa87b060b9c) Importer(815301076,1909f56bfc062723c751e8b465ee728b)  -> (artifact id: '3c97274c2d8c81c1c873f9b77ae1798f') in 0.000611 seconds
Number of updated asset objects reloaded before import = 0
Number of asset objects unloaded after import = 0
========================================================================
Received Import Request.
  Time since last request: 20.469396 seconds.
  path: Assets/GUI PRO Kit - Fantasy RPG/Prefabs
  artifactKey: Guid(40f56bb24e705455b9a3789dfb47ffd6) Importer(815301076,1909f56bfc062723c751e8b465ee728b)
Start importing Assets/GUI PRO Kit - Fantasy RPG/Prefabs using Guid(40f56bb24e705455b9a3789dfb47ffd6) Importer(815301076,1909f56bfc062723c751e8b465ee728b)  -> (artifact id: '7ebc115b714ef574207e9918456e7b03') in 0.000886 seconds
Number of updated asset objects reloaded before import = 0
Number of asset objects unloaded after import = 0
========================================================================
Received Import Request.
  Time since last request: 0.630565 seconds.
  path: Assets/GUI PRO Kit - Fantasy RPG/Prefabs/Prefabs_Component_Buttons
  artifactKey: Guid(9906f78dd6c6341f783bf01609a0108c) Importer(815301076,1909f56bfc062723c751e8b465ee728b)
Start importing Assets/GUI PRO Kit - Fantasy RPG/Prefabs/Prefabs_Component_Buttons using Guid(9906f78dd6c6341f783bf01609a0108c) Importer(815301076,1909f56bfc062723c751e8b465ee728b)  -> (artifact id: 'e526edf348e8f2cd922bc27665d164f6') in 0.000819 seconds
Number of updated asset objects reloaded before import = 0
Number of asset objects unloaded after import = 0
========================================================================
Received Import Request.
  Time since last request: 1.461227 seconds.
  path: Assets/GUI PRO Kit - Fantasy RPG/Prefabs/Prefabs_Component_Buttons/Button_Circle01_Purple.prefab
  artifactKey: Guid(87f0c6aa9b85045efb55b6f6ad1df416) Importer(815301076,1909f56bfc062723c751e8b465ee728b)
Start importing Assets/GUI PRO Kit - Fantasy RPG/Prefabs/Prefabs_Component_Buttons/Button_Circle01_Purple.prefab using Guid(87f0c6aa9b85045efb55b6f6ad1df416) Importer(815301076,1909f56bfc062723c751e8b465ee728b)  -> (artifact id: 'b0533b24ebd95eabb0a34f4866fabfa1') in 0.017024 seconds
Number of updated asset objects reloaded before import = 0
Number of asset objects unloaded after import = 13
========================================================================
Received Import Request.
  Time since last request: 1.392210 seconds.
  path: Assets/GUI PRO Kit - Fantasy RPG/Prefabs/Prefabs_Component_Buttons/Button_Rectangle01_Brown.prefab
  artifactKey: Guid(489c6aee211b44414872f7afdf05d7a5) Importer(815301076,1909f56bfc062723c751e8b465ee728b)
Start importing Assets/GUI PRO Kit - Fantasy RPG/Prefabs/Prefabs_Component_Buttons/Button_Rectangle01_Brown.prefab using Guid(489c6aee211b44414872f7afdf05d7a5) Importer(815301076,1909f56bfc062723c751e8b465ee728b)  -> (artifact id: '744f18b09afda5d95d5c8b3df9ec2185') in 0.043017 seconds
Number of updated asset objects reloaded before import = 0
Number of asset objects unloaded after import = 15
========================================================================
Received Import Request.
  Time since last request: 1.860992 seconds.
  path: Assets/GUI PRO Kit - Fantasy RPG/ResourcesData/Sprites/Component/Button/btn_rectangle_01_n_brown.png
  artifactKey: Guid(6f2505aafe1be4eebaef05cf00b2966a) Importer(815301076,1909f56bfc062723c751e8b465ee728b)
Start importing Assets/GUI PRO Kit - Fantasy RPG/ResourcesData/Sprites/Component/Button/btn_rectangle_01_n_brown.png using Guid(6f2505aafe1be4eebaef05cf00b2966a) Importer(815301076,1909f56bfc062723c751e8b465ee728b)  -> (artifact id: '19050799206e80a106f09e72d0de88a6') in 0.026878 seconds
Number of updated asset objects reloaded before import = 0
Number of asset objects unloaded after import = 3
========================================================================
Received Import Request.
  Time since last request: 4.017791 seconds.
  path: Assets/Aspiring Hero Deokgu/Textures
  artifactKey: Guid(593b5f2864f639d46aeb289dd10b786b) Importer(815301076,1909f56bfc062723c751e8b465ee728b)
Start importing Assets/Aspiring Hero Deokgu/Textures using Guid(593b5f2864f639d46aeb289dd10b786b) Importer(815301076,1909f56bfc062723c751e8b465ee728b)  -> (artifact id: 'e1448871fe1ba755ba77a82d1bd8313b') in 0.000944 seconds
Number of updated asset objects reloaded before import = 0
Number of asset objects unloaded after import = 0
========================================================================
Received Prepare
Refreshing native plugins compatible for Editor in 6.59 ms, found 3 plugins.
Preloading 0 native plugins for Editor in 0.00 ms.
Unloading 1 Unused Serialized files (Serialized files now loaded: 0)
Unloading 2 unused Assets / (74.3 KB). Loaded Objects now: 4340.
Memory consumption went from 173.6 MB to 173.5 MB.
Total: 5.336300 ms (FindLiveObjects: 0.764900 ms CreateObjectMapping: 0.829800 ms MarkObjects: 3.694300 ms  DeleteObjects: 0.046200 ms)

Prepare: number of updated asset objects reloaded= 0
AssetImportParameters requested are different than current active one (requested -> active):
  custom:container-demuxer-ogg: 62fdf1f143b41e24485cea50d1cbac27 -> 
  custom:video-decoder-ogg-theora: a1e56fd34408186e4bbccfd4996cb3dc -> 
  custom:framework-win-MediaFoundation: 216162199b28c13a410421893ffa2e32 -> 
  custom:CustomObjectIndexerAttribute: 756ad292c208cfabdd7b50bc23989ffe -> 
  custom:container-demuxer-webm: 4f35f7cbe854078d1ac9338744f61a02 -> 
  custom:container-muxer-webm: aa71ff27fc2769a1b78a27578f13a17b -> 
  custom:video-decoder-webm-vp8: 9c59270c3fd7afecdb556c50c9e8de78 -> 
  custom:SearchIndexIgnoredProperties: e643bd26f0fe6173181afceb89e7c659 -> 
  custom:AudioImporter_EditorPlatform: d09bf68614088b80899f8185d706f6e7 -> 
  custom:video-encoder-webm-vp8: eb34c28f22e8b96e1ab97ce403110664 -> 
  custom:audio-decoder-ogg-vorbis: bf7c407c2cedff20999df2af8eb42d56 -> 
  custom:audio-encoder-webm-vorbis: bf7c407c2cedff20999df2af8eb42d56 -> 
========================================================================
Received Import Request.
  Time since last request: 0.987262 seconds.
  path: Assets/Aspiring Hero Deokgu/Textures/btn_rectangle_01_n_brown.png
  artifactKey: Guid(bd54d8a9fd8db3d4b84312f368f01a00) Importer(815301076,1909f56bfc062723c751e8b465ee728b)
Start importing Assets/Aspiring Hero Deokgu/Textures/btn_rectangle_01_n_brown.png using Guid(bd54d8a9fd8db3d4b84312f368f01a00) Importer(815301076,1909f56bfc062723c751e8b465ee728b)  -> (artifact id: 'fa5ad1231441c1931d76814946b86b15') in 0.032210 seconds
Number of updated asset objects reloaded before import = 0
Number of asset objects unloaded after import = 3
========================================================================
Received Import Request.
  Time since last request: 6.502976 seconds.
  path: Assets/Aspiring Hero Deokgu/Defence Game/Terrains
  artifactKey: Guid(364e656571aabf547a7db85210600e63) Importer(815301076,1909f56bfc062723c751e8b465ee728b)
Start importing Assets/Aspiring Hero Deokgu/Defence Game/Terrains using Guid(364e656571aabf547a7db85210600e63) Importer(815301076,1909f56bfc062723c751e8b465ee728b)  -> (artifact id: 'eef417cd84717c7ca7fc1a029a55c7ef') in 0.000807 seconds
Number of updated asset objects reloaded before import = 0
Number of asset objects unloaded after import = 0
========================================================================
Received Import Request.
  Time since last request: 1.154638 seconds.
  path: Assets/Aspiring Hero Deokgu/Defence Game/Textures/btn_rectangle_01_n_brown.png
  artifactKey: Guid(a6145fde8b770a74b9ecd06d63971cf3) Importer(815301076,1909f56bfc062723c751e8b465ee728b)
Start importing Assets/Aspiring Hero Deokgu/Defence Game/Textures/btn_rectangle_01_n_brown.png using Guid(a6145fde8b770a74b9ecd06d63971cf3) Importer(815301076,1909f56bfc062723c751e8b465ee728b)  -> (artifact id: '40f16039e14869df9026b6bff27ea7f1') in 0.040861 seconds
Number of updated asset objects reloaded before import = 0
Number of asset objects unloaded after import = 3
========================================================================
Received Prepare
Begin MonoManager ReloadAssembly
- Loaded All Assemblies, in  0.795 seconds
Refreshing native plugins compatible for Editor in 5.94 ms, found 3 plugins.
Native extension for WindowsStandalone target not found
[Package Manager] Server::EnsureServerProcessIsRunning -- launch failed, reason: Unity was launched with the -noUpm command-line argument
[Package Manager] UpmClient::Send -- Unable to send message (not connected to UPM process).
[Package Manager] Cannot connect to Unity Package Manager local server
Mono: successfully reloaded assembly
- Finished resetting the current domain, in  1.944 seconds
Domain Reload Profiling: 2734ms
	BeginReloadAssembly (253ms)
		ExecutionOrderSort (0ms)
		DisableScriptedObjects (7ms)
		BackupInstance (0ms)
		ReleaseScriptingObjects (0ms)
		CreateAndSetChildDomain (53ms)
	RebuildCommonClasses (47ms)
	RebuildNativeTypeToScriptingClass (15ms)
	initialDomainReloadingComplete (48ms)
	LoadAllAssembliesAndSetupDomain (427ms)
		LoadAssemblies (545ms)
		RebuildTransferFunctionScriptingTraits (0ms)
		AnalyzeDomain (22ms)
			TypeCache.Refresh (9ms)
				TypeCache.ScanAssembly (0ms)
			ScanForSourceGeneratedMonoScriptInfo (0ms)
			ResolveRequiredComponents (11ms)
	FinalizeReload (1944ms)
		ReleaseScriptCaches (0ms)
		RebuildScriptCaches (0ms)
		SetupLoadedEditorAssemblies (636ms)
			LogAssemblyErrors (0ms)
			InitializePlatformSupportModulesInManaged (24ms)
			SetLoadedEditorAssemblies (7ms)
			RefreshPlugins (0ms)
			BeforeProcessingInitializeOnLoad (130ms)
			ProcessInitializeOnLoadAttributes (431ms)
			ProcessInitializeOnLoadMethodAttributes (26ms)
			AfterProcessingInitializeOnLoad (17ms)
			EditorAssembliesLoaded (0ms)
		ExecutionOrderSort2 (0ms)
		AwakeInstancesAfterBackupRestoration (10ms)
Refreshing native plugins compatible for Editor in 7.62 ms, found 3 plugins.
Preloading 0 native plugins for Editor in 0.00 ms.
Unloading 3769 Unused Serialized files (Serialized files now loaded: 0)
Unloading 31 unused Assets / (102.8 KB). Loaded Objects now: 4354.
Memory consumption went from 231.9 MB to 231.8 MB.
Total: 3.964900 ms (FindLiveObjects: 0.382000 ms CreateObjectMapping: 0.332500 ms MarkObjects: 3.161700 ms  DeleteObjects: 0.087700 ms)

Prepare: number of updated asset objects reloaded= 0
AssetImportParameters requested are different than current active one (requested -> active):
  custom:container-demuxer-ogg: 62fdf1f143b41e24485cea50d1cbac27 -> 
  custom:video-decoder-ogg-theora: a1e56fd34408186e4bbccfd4996cb3dc -> 
  custom:framework-win-MediaFoundation: 216162199b28c13a410421893ffa2e32 -> 
  custom:CustomObjectIndexerAttribute: 756ad292c208cfabdd7b50bc23989ffe -> 
  custom:container-demuxer-webm: 4f35f7cbe854078d1ac9338744f61a02 -> 
  custom:container-muxer-webm: aa71ff27fc2769a1b78a27578f13a17b -> 
  custom:video-decoder-webm-vp8: 9c59270c3fd7afecdb556c50c9e8de78 -> 
  custom:SearchIndexIgnoredProperties: e643bd26f0fe6173181afceb89e7c659 -> 
  custom:AudioImporter_EditorPlatform: d09bf68614088b80899f8185d706f6e7 -> 
  custom:video-encoder-webm-vp8: eb34c28f22e8b96e1ab97ce403110664 -> 
  custom:audio-decoder-ogg-vorbis: bf7c407c2cedff20999df2af8eb42d56 -> 
  custom:audio-encoder-webm-vorbis: bf7c407c2cedff20999df2af8eb42d56 -> 
========================================================================
Received Import Request.
  Time since last request: 83.083230 seconds.
  path: Assets/Aspiring Hero Deokgu/Defence Game/Prefabs
  artifactKey: Guid(4d6e0a200815eb24c935ca85b0f7c67a) Importer(815301076,1909f56bfc062723c751e8b465ee728b)
Start importing Assets/Aspiring Hero Deokgu/Defence Game/Prefabs using Guid(4d6e0a200815eb24c935ca85b0f7c67a) Importer(815301076,1909f56bfc062723c751e8b465ee728b)  -> (artifact id: 'a2bbd9ef5b769cd3e48c53b28d270b1a') in 0.002220 seconds
Number of updated asset objects reloaded before import = 0
Number of asset objects unloaded after import = 0
========================================================================
Received Import Request.
  Time since last request: 4.745079 seconds.
  path: Assets/Aspiring Hero Deokgu/Defence Game/Prefabs/Goblin.prefab
  artifactKey: Guid(03d37ea33aa642a49beaddc93c979929) Importer(815301076,1909f56bfc062723c751e8b465ee728b)
Start importing Assets/Aspiring Hero Deokgu/Defence Game/Prefabs/Goblin.prefab using Guid(03d37ea33aa642a49beaddc93c979929) Importer(815301076,1909f56bfc062723c751e8b465ee728b)  -> (artifact id: '6431f097995f54bea59b8b55663ff88a') in 12.201021 seconds
Number of updated asset objects reloaded before import = 0
Number of asset objects unloaded after import = 215
