Using pre-set license
Built from '2022.3/staging' branch; Version is '2022.3.14f1 (eff2de9070d8) revision 15725278'; Using compiler version '192829333'; Build Type 'Release'
OS: 'Windows 10  (10.0.19042) 64bit Core' Language: 'ko' Physical Memory: 32439 MB
BatchMode: 1, IsHumanControllingUs: 0, StartBugReporterOnCrash: 0, Is64bit: 1, IsPro: 1

COMMAND LINE ARGUMENTS:
C:\Program Files\Unity\Hub\Editor\2022.3.14f1\Editor\Unity.exe
-adb2
-batchMode
-noUpm
-name
AssetImportWorker1
-projectPath
D:/Unity Project/Unity Team Project Develope
-logFile
Logs/AssetImportWorker1.log
-srvPort
55156
Successfully changed project path to: D:/Unity Project/Unity Team Project Develope
D:/Unity Project/Unity Team Project Develope
[UnityMemory] Configuration Parameters - Can be set up in boot.config
    "memorysetup-bucket-allocator-granularity=16"
    "memorysetup-bucket-allocator-bucket-count=8"
    "memorysetup-bucket-allocator-block-size=33554432"
    "memorysetup-bucket-allocator-block-count=8"
    "memorysetup-main-allocator-block-size=16777216"
    "memorysetup-thread-allocator-block-size=16777216"
    "memorysetup-gfx-main-allocator-block-size=16777216"
    "memorysetup-gfx-thread-allocator-block-size=16777216"
    "memorysetup-cache-allocator-block-size=4194304"
    "memorysetup-typetree-allocator-block-size=2097152"
    "memorysetup-profiler-bucket-allocator-granularity=16"
    "memorysetup-profiler-bucket-allocator-bucket-count=8"
    "memorysetup-profiler-bucket-allocator-block-size=33554432"
    "memorysetup-profiler-bucket-allocator-block-count=8"
    "memorysetup-profiler-allocator-block-size=16777216"
    "memorysetup-profiler-editor-allocator-block-size=1048576"
    "memorysetup-temp-allocator-size-main=16777216"
    "memorysetup-job-temp-allocator-block-size=2097152"
    "memorysetup-job-temp-allocator-block-size-background=1048576"
    "memorysetup-job-temp-allocator-reduction-small-platforms=262144"
    "memorysetup-allocator-temp-initial-block-size-main=262144"
    "memorysetup-allocator-temp-initial-block-size-worker=262144"
    "memorysetup-temp-allocator-size-background-worker=32768"
    "memorysetup-temp-allocator-size-job-worker=262144"
    "memorysetup-temp-allocator-size-preload-manager=33554432"
    "memorysetup-temp-allocator-size-nav-mesh-worker=65536"
    "memorysetup-temp-allocator-size-audio-worker=65536"
    "memorysetup-temp-allocator-size-cloud-worker=32768"
    "memorysetup-temp-allocator-size-gi-baking-worker=262144"
    "memorysetup-temp-allocator-size-gfx=262144"
Player connection [3884] Host "[IP] 172.16.133.14 [Port] 0 [Flags] 2 [Guid] 1389169212 [EditorId] 1389169212 [Version] 1048832 [Id] WindowsEditor(7,DESKTOP-5AO2MO1) [Debug] 1 [PackageName] WindowsEditor [ProjectName] Editor" joined multi-casting on [225.0.0.222:54997]...

Player connection [3884] Host "[IP] 172.16.133.14 [Port] 0 [Flags] 2 [Guid] 1389169212 [EditorId] 1389169212 [Version] 1048832 [Id] WindowsEditor(7,DESKTOP-5AO2MO1) [Debug] 1 [PackageName] WindowsEditor [ProjectName] Editor" joined alternative multi-casting on [225.0.0.222:34997]...

[Physics::Module] Initialized MultithreadedJobDispatcher with 3 workers.
Refreshing native plugins compatible for Editor in 27.87 ms, found 3 plugins.
Preloading 0 native plugins for Editor in 0.00 ms.
Initialize engine version: 2022.3.14f1 (eff2de9070d8)
[Subsystems] Discovering subsystems at path C:/Program Files/Unity/Hub/Editor/2022.3.14f1/Editor/Data/Resources/UnitySubsystems
[Subsystems] Discovering subsystems at path D:/Unity Project/Unity Team Project Develope/Assets
GfxDevice: creating device client; threaded=0; jobified=0
Direct3D:
    Version:  Direct3D 11.0 [level 11.1]
    Renderer: Intel(R) HD Graphics 530 (ID=0x1912)
    Vendor:   Intel
    VRAM:     16219 MB
    Driver:   27.20.100.8935
Initialize mono
Mono path[0] = 'C:/Program Files/Unity/Hub/Editor/2022.3.14f1/Editor/Data/Managed'
Mono path[1] = 'C:/Program Files/Unity/Hub/Editor/2022.3.14f1/Editor/Data/MonoBleedingEdge/lib/mono/unityjit-win32'
Mono config path = 'C:/Program Files/Unity/Hub/Editor/2022.3.14f1/Editor/Data/MonoBleedingEdge/etc'
Using monoOptions --debugger-agent=transport=dt_socket,embedding=1,server=y,suspend=n,address=127.0.0.1:56856
Begin MonoManager ReloadAssembly
Registering precompiled unity dll's ...
Register platform support module: C:/Program Files/Unity/Hub/Editor/2022.3.14f1/Editor/Data/PlaybackEngines/WindowsStandaloneSupport/UnityEditor.WindowsStandalone.Extensions.dll
Registered in 0.025774 seconds.
- Loaded All Assemblies, in  0.741 seconds
Native extension for WindowsStandalone target not found
Mono: successfully reloaded assembly
- Finished resetting the current domain, in  0.515 seconds
Domain Reload Profiling: 1251ms
	BeginReloadAssembly (253ms)
		ExecutionOrderSort (0ms)
		DisableScriptedObjects (0ms)
		BackupInstance (0ms)
		ReleaseScriptingObjects (0ms)
		CreateAndSetChildDomain (1ms)
	RebuildCommonClasses (68ms)
	RebuildNativeTypeToScriptingClass (20ms)
	initialDomainReloadingComplete (131ms)
	LoadAllAssembliesAndSetupDomain (262ms)
		LoadAssemblies (246ms)
		RebuildTransferFunctionScriptingTraits (0ms)
		AnalyzeDomain (259ms)
			TypeCache.Refresh (256ms)
				TypeCache.ScanAssembly (232ms)
			ScanForSourceGeneratedMonoScriptInfo (0ms)
			ResolveRequiredComponents (1ms)
	FinalizeReload (516ms)
		ReleaseScriptCaches (0ms)
		RebuildScriptCaches (0ms)
		SetupLoadedEditorAssemblies (403ms)
			LogAssemblyErrors (0ms)
			InitializePlatformSupportModulesInManaged (23ms)
			SetLoadedEditorAssemblies (16ms)
			RefreshPlugins (0ms)
			BeforeProcessingInitializeOnLoad (3ms)
			ProcessInitializeOnLoadAttributes (251ms)
			ProcessInitializeOnLoadMethodAttributes (109ms)
			AfterProcessingInitializeOnLoad (0ms)
			EditorAssembliesLoaded (0ms)
		ExecutionOrderSort2 (0ms)
		AwakeInstancesAfterBackupRestoration (0ms)
========================================================================
Worker process is ready to serve import requests
Begin MonoManager ReloadAssembly
- Loaded All Assemblies, in  1.394 seconds
Refreshing native plugins compatible for Editor in 8.63 ms, found 3 plugins.
Native extension for WindowsStandalone target not found
Package Manager log level set to [2]
[Package Manager] Server::EnsureServerProcessIsRunning -- launch failed, reason: Unity was launched with the -noUpm command-line argument
[Package Manager] UpmClient::Send -- Unable to send message (not connected to UPM process).
[Package Manager] Cannot connect to Unity Package Manager local server
Mono: successfully reloaded assembly
- Finished resetting the current domain, in  1.299 seconds
Domain Reload Profiling: 2687ms
	BeginReloadAssembly (325ms)
		ExecutionOrderSort (0ms)
		DisableScriptedObjects (9ms)
		BackupInstance (0ms)
		ReleaseScriptingObjects (0ms)
		CreateAndSetChildDomain (36ms)
	RebuildCommonClasses (65ms)
	RebuildNativeTypeToScriptingClass (20ms)
	initialDomainReloadingComplete (100ms)
	LoadAllAssembliesAndSetupDomain (877ms)
		LoadAssemblies (707ms)
		RebuildTransferFunctionScriptingTraits (0ms)
		AnalyzeDomain (379ms)
			TypeCache.Refresh (329ms)
				TypeCache.ScanAssembly (301ms)
			ScanForSourceGeneratedMonoScriptInfo (35ms)
			ResolveRequiredComponents (13ms)
	FinalizeReload (1300ms)
		ReleaseScriptCaches (0ms)
		RebuildScriptCaches (0ms)
		SetupLoadedEditorAssemblies (966ms)
			LogAssemblyErrors (0ms)
			InitializePlatformSupportModulesInManaged (18ms)
			SetLoadedEditorAssemblies (8ms)
			RefreshPlugins (0ms)
			BeforeProcessingInitializeOnLoad (120ms)
			ProcessInitializeOnLoadAttributes (757ms)
			ProcessInitializeOnLoadMethodAttributes (41ms)
			AfterProcessingInitializeOnLoad (21ms)
			EditorAssembliesLoaded (0ms)
		ExecutionOrderSort2 (0ms)
		AwakeInstancesAfterBackupRestoration (15ms)
Launched and connected shader compiler UnityShaderCompiler.exe after 0.09 seconds
Refreshing native plugins compatible for Editor in 5.68 ms, found 3 plugins.
Preloading 0 native plugins for Editor in 0.00 ms.
Unloading 3795 Unused Serialized files (Serialized files now loaded: 0)
Unloading 58 unused Assets / (131.2 KB). Loaded Objects now: 4290.
Memory consumption went from 160.9 MB to 160.7 MB.
Total: 3.887100 ms (FindLiveObjects: 0.532800 ms CreateObjectMapping: 0.270100 ms MarkObjects: 2.877000 ms  DeleteObjects: 0.170600 ms)

AssetImportParameters requested are different than current active one (requested -> active):
  custom:container-demuxer-ogg: 62fdf1f143b41e24485cea50d1cbac27 -> 
  custom:video-decoder-ogg-theora: a1e56fd34408186e4bbccfd4996cb3dc -> 
  custom:scripting/monoscript/fileName/Change Scene.cs: 972cfc90f1ebd4568dc057c268cfc15e -> 
  custom:framework-win-MediaFoundation: 216162199b28c13a410421893ffa2e32 -> 
  custom:CustomObjectIndexerAttribute: 756ad292c208cfabdd7b50bc23989ffe -> 
  custom:container-demuxer-webm: 4f35f7cbe854078d1ac9338744f61a02 -> 
  custom:container-muxer-webm: aa71ff27fc2769a1b78a27578f13a17b -> 
  custom:video-decoder-webm-vp8: 9c59270c3fd7afecdb556c50c9e8de78 -> 
  custom:SearchIndexIgnoredProperties: e643bd26f0fe6173181afceb89e7c659 -> 
  custom:AudioImporter_EditorPlatform: d09bf68614088b80899f8185d706f6e7 -> 
  custom:video-encoder-webm-vp8: eb34c28f22e8b96e1ab97ce403110664 -> 
  custom:audio-decoder-ogg-vorbis: bf7c407c2cedff20999df2af8eb42d56 -> 
  custom:scripting/monoscript/fileName/Score Manager.cs: 2117df56b7ba23abd331d761e713022a -> 
  custom:scripting/monoscript/fileName/Save PlayerData.cs: ab9d5680bd019c3db53db3d9ca0cda6c -> 
  custom:audio-encoder-webm-vorbis: bf7c407c2cedff20999df2af8eb42d56 -> 
========================================================================
Received Import Request.
  Time since last request: 610328.394497 seconds.
  path: Assets/Resources
  artifactKey: Guid(5db0b92b90a07e044b4d61b43723b4b9) Importer(815301076,1909f56bfc062723c751e8b465ee728b)
Start importing Assets/Resources using Guid(5db0b92b90a07e044b4d61b43723b4b9) Importer(815301076,1909f56bfc062723c751e8b465ee728b)  -> (artifact id: '662ff0dc2bef1e403930aeece053328f') in 0.003206 seconds
Number of updated asset objects reloaded before import = 0
Number of asset objects unloaded after import = 0
========================================================================
Received Import Request.
  Time since last request: 337.808172 seconds.
  path: Assets/Aspiring Hero Deokgu/Defence Game/Textures/Castle_Defence.png
  artifactKey: Guid(32475012a45bb954c957daf17153a94b) Importer(815301076,1909f56bfc062723c751e8b465ee728b)
Start importing Assets/Aspiring Hero Deokgu/Defence Game/Textures/Castle_Defence.png using Guid(32475012a45bb954c957daf17153a94b) Importer(815301076,1909f56bfc062723c751e8b465ee728b)  -> (artifact id: '2b9eefbf1e77f029823526e408fbabe2') in 0.085519 seconds
Number of updated asset objects reloaded before import = 0
Number of asset objects unloaded after import = 2
========================================================================
Received Import Request.
  Time since last request: 4.541678 seconds.
  path: Assets/Aspiring Hero Deokgu/UI/Images/btn_message_f.png
  artifactKey: Guid(38d1ef87bbcaf7740b3533affaebf44a) Importer(815301076,1909f56bfc062723c751e8b465ee728b)
Start importing Assets/Aspiring Hero Deokgu/UI/Images/btn_message_f.png using Guid(38d1ef87bbcaf7740b3533affaebf44a) Importer(815301076,1909f56bfc062723c751e8b465ee728b)  -> (artifact id: '7608ab8d766abe9710447d052f94483c') in 0.088233 seconds
Number of updated asset objects reloaded before import = 0
Number of asset objects unloaded after import = 3
========================================================================
Received Import Request.
  Time since last request: 12.345574 seconds.
  path: Assets/GUI PRO Kit - Fantasy RPG/ResourcesData/Sprites/Component/Icon_PictoIcons_(Original)/btn_icon_bug_2.png
  artifactKey: Guid(e4c4ad03f82dc470ca1127233f894af0) Importer(815301076,1909f56bfc062723c751e8b465ee728b)
Start importing Assets/GUI PRO Kit - Fantasy RPG/ResourcesData/Sprites/Component/Icon_PictoIcons_(Original)/btn_icon_bug_2.png using Guid(e4c4ad03f82dc470ca1127233f894af0) Importer(815301076,1909f56bfc062723c751e8b465ee728b)  -> (artifact id: '3d74ec74844ef15ee254298ffec9a564') in 0.034998 seconds
Number of updated asset objects reloaded before import = 0
Number of asset objects unloaded after import = 3
========================================================================
Received Import Request.
  Time since last request: 0.000051 seconds.
  path: Assets/GUI PRO Kit - Fantasy RPG/ResourcesData/Sprites/Component/Icon_PictoIcons_(Original)/btn_icon_coin_baht.png
  artifactKey: Guid(f567ee83b4bd542f8837733fd0204210) Importer(815301076,1909f56bfc062723c751e8b465ee728b)
Start importing Assets/GUI PRO Kit - Fantasy RPG/ResourcesData/Sprites/Component/Icon_PictoIcons_(Original)/btn_icon_coin_baht.png using Guid(f567ee83b4bd542f8837733fd0204210) Importer(815301076,1909f56bfc062723c751e8b465ee728b)  -> (artifact id: 'ea17dc2e5d73d5e340471c80cb94cc16') in 0.053210 seconds
Number of updated asset objects reloaded before import = 0
Number of asset objects unloaded after import = 3
========================================================================
Received Import Request.
  Time since last request: 0.000114 seconds.
  path: Assets/GUI PRO Kit - Fantasy RPG/ResourcesData/Sprites/Component/Icon_PictoIcons_(Original)/btn_icon_chest_2.png
  artifactKey: Guid(d0b7d06d7d7254936b0dabd12641e865) Importer(815301076,1909f56bfc062723c751e8b465ee728b)
Start importing Assets/GUI PRO Kit - Fantasy RPG/ResourcesData/Sprites/Component/Icon_PictoIcons_(Original)/btn_icon_chest_2.png using Guid(d0b7d06d7d7254936b0dabd12641e865) Importer(815301076,1909f56bfc062723c751e8b465ee728b)  -> (artifact id: 'fb198c26e26456669c43cb3794bc7c63') in 0.051691 seconds
Number of updated asset objects reloaded before import = 0
Number of asset objects unloaded after import = 3
========================================================================
Received Import Request.
  Time since last request: 0.000134 seconds.
  path: Assets/GUI PRO Kit - Fantasy RPG/ResourcesData/Sprites/Component/Icon_PictoIcons_(Original)/btn_icon_castle.png
  artifactKey: Guid(61328f1c77f9743eaa508ed5f89f4b7b) Importer(815301076,1909f56bfc062723c751e8b465ee728b)
Start importing Assets/GUI PRO Kit - Fantasy RPG/ResourcesData/Sprites/Component/Icon_PictoIcons_(Original)/btn_icon_castle.png using Guid(61328f1c77f9743eaa508ed5f89f4b7b) Importer(815301076,1909f56bfc062723c751e8b465ee728b)  -> (artifact id: 'c71b473d5313e9674d72b2659a11412c') in 0.066412 seconds
Number of updated asset objects reloaded before import = 0
Number of asset objects unloaded after import = 3
========================================================================
Received Import Request.
  Time since last request: 0.000029 seconds.
  path: Assets/GUI PRO Kit - Fantasy RPG/ResourcesData/Sprites/Component/Icon_PictoIcons_(Original)/btn_icon_check.png
  artifactKey: Guid(d90bc3a0255ef40d399d7287c7cc07dd) Importer(815301076,1909f56bfc062723c751e8b465ee728b)
Start importing Assets/GUI PRO Kit - Fantasy RPG/ResourcesData/Sprites/Component/Icon_PictoIcons_(Original)/btn_icon_check.png using Guid(d90bc3a0255ef40d399d7287c7cc07dd) Importer(815301076,1909f56bfc062723c751e8b465ee728b)  -> (artifact id: '06556a49e9ac5316fbaa13327b593161') in 0.075349 seconds
Number of updated asset objects reloaded before import = 0
Number of asset objects unloaded after import = 3
========================================================================
Received Import Request.
  Time since last request: 0.000047 seconds.
  path: Assets/GUI PRO Kit - Fantasy RPG/ResourcesData/Sprites/Component/Icon_PictoIcons_(Original)/btn_icon_coin_dollar.png
  artifactKey: Guid(72d4f06b395e34dc6a196d8586fe2ca0) Importer(815301076,1909f56bfc062723c751e8b465ee728b)
Start importing Assets/GUI PRO Kit - Fantasy RPG/ResourcesData/Sprites/Component/Icon_PictoIcons_(Original)/btn_icon_coin_dollar.png using Guid(72d4f06b395e34dc6a196d8586fe2ca0) Importer(815301076,1909f56bfc062723c751e8b465ee728b)  -> (artifact id: 'ac7deedc59b455951ebc8b1131bc0a9e') in 0.073919 seconds
Number of updated asset objects reloaded before import = 0
Number of asset objects unloaded after import = 3
========================================================================
Received Import Request.
  Time since last request: 0.000031 seconds.
  path: Assets/GUI PRO Kit - Fantasy RPG/ResourcesData/Sprites/Component/Icon_PictoIcons_(Original)/btn_icon_coin_pound.png
  artifactKey: Guid(68928ace576b04dc2a94b8832d4853ed) Importer(815301076,1909f56bfc062723c751e8b465ee728b)
Start importing Assets/GUI PRO Kit - Fantasy RPG/ResourcesData/Sprites/Component/Icon_PictoIcons_(Original)/btn_icon_coin_pound.png using Guid(68928ace576b04dc2a94b8832d4853ed) Importer(815301076,1909f56bfc062723c751e8b465ee728b)  -> (artifact id: '3fc500a14e431f9a8e0d0e2a0bf87bbd') in 0.084361 seconds
Number of updated asset objects reloaded before import = 0
Number of asset objects unloaded after import = 3
========================================================================
Received Import Request.
  Time since last request: 0.000023 seconds.
  path: Assets/GUI PRO Kit - Fantasy RPG/ResourcesData/Sprites/Component/Icon_PictoIcons_(Original)/btn_icon_compass_1.png
  artifactKey: Guid(f63dcac04a04e43fe9dbd3b6246dc864) Importer(815301076,1909f56bfc062723c751e8b465ee728b)
Start importing Assets/GUI PRO Kit - Fantasy RPG/ResourcesData/Sprites/Component/Icon_PictoIcons_(Original)/btn_icon_compass_1.png using Guid(f63dcac04a04e43fe9dbd3b6246dc864) Importer(815301076,1909f56bfc062723c751e8b465ee728b)  -> (artifact id: 'd941570ffa2655d93c173f2b5e1962e9') in 0.083827 seconds
Number of updated asset objects reloaded before import = 0
Number of asset objects unloaded after import = 3
========================================================================
Received Import Request.
  Time since last request: 0.000029 seconds.
  path: Assets/GUI PRO Kit - Fantasy RPG/ResourcesData/Sprites/Component/Icon_PictoIcons_(Original)/btn_icon_caution.png
  artifactKey: Guid(ea5a33384e12d4f91b4073da891c3523) Importer(815301076,1909f56bfc062723c751e8b465ee728b)
Start importing Assets/GUI PRO Kit - Fantasy RPG/ResourcesData/Sprites/Component/Icon_PictoIcons_(Original)/btn_icon_caution.png using Guid(ea5a33384e12d4f91b4073da891c3523) Importer(815301076,1909f56bfc062723c751e8b465ee728b)  -> (artifact id: '0f50016e344d199a88d77085a5d44bb3') in 0.082485 seconds
Number of updated asset objects reloaded before import = 0
Number of asset objects unloaded after import = 3
========================================================================
Received Import Request.
  Time since last request: 0.000035 seconds.
  path: Assets/GUI PRO Kit - Fantasy RPG/ResourcesData/Sprites/Component/Icon_PictoIcons_(Original)/btn_icon_connect.png
  artifactKey: Guid(b79d63a3accae4d5f931e9406f0e1260) Importer(815301076,1909f56bfc062723c751e8b465ee728b)
Start importing Assets/GUI PRO Kit - Fantasy RPG/ResourcesData/Sprites/Component/Icon_PictoIcons_(Original)/btn_icon_connect.png using Guid(b79d63a3accae4d5f931e9406f0e1260) Importer(815301076,1909f56bfc062723c751e8b465ee728b)  -> (artifact id: 'e9919a322e2f9affcfdbe9d6844ab37d') in 0.084598 seconds
Number of updated asset objects reloaded before import = 0
Number of asset objects unloaded after import = 3
========================================================================
Received Import Request.
  Time since last request: 0.000027 seconds.
  path: Assets/GUI PRO Kit - Fantasy RPG/ResourcesData/Sprites/Component/Icon_PictoIcons_(Original)/btn_icon_call.png
  artifactKey: Guid(fcfaee5b6f95f4e06ba1afc775514ff7) Importer(815301076,1909f56bfc062723c751e8b465ee728b)
Start importing Assets/GUI PRO Kit - Fantasy RPG/ResourcesData/Sprites/Component/Icon_PictoIcons_(Original)/btn_icon_call.png using Guid(fcfaee5b6f95f4e06ba1afc775514ff7) Importer(815301076,1909f56bfc062723c751e8b465ee728b)  -> (artifact id: '5958f2f3b11d2524ac620070f39ecdd2') in 0.084150 seconds
Number of updated asset objects reloaded before import = 0
Number of asset objects unloaded after import = 3
========================================================================
Received Import Request.
  Time since last request: 0.000027 seconds.
  path: Assets/GUI PRO Kit - Fantasy RPG/ResourcesData/Sprites/Component/Icon_PictoIcons_(Original)/btn_icon_chest_1.png
  artifactKey: Guid(2dabfe501a2534d74a27b1a6f9307591) Importer(815301076,1909f56bfc062723c751e8b465ee728b)
Start importing Assets/GUI PRO Kit - Fantasy RPG/ResourcesData/Sprites/Component/Icon_PictoIcons_(Original)/btn_icon_chest_1.png using Guid(2dabfe501a2534d74a27b1a6f9307591) Importer(815301076,1909f56bfc062723c751e8b465ee728b)  -> (artifact id: '76c0ee4cfb6393713a8866c324fe2446') in 0.086731 seconds
Number of updated asset objects reloaded before import = 0
Number of asset objects unloaded after import = 3
========================================================================
Received Import Request.
  Time since last request: 0.000028 seconds.
  path: Assets/GUI PRO Kit - Fantasy RPG/ResourcesData/Sprites/Component/Icon_PictoIcons_(Original)/btn_icon_chess_2.png
  artifactKey: Guid(9e23c74e16b244bb19edf0175baaa545) Importer(815301076,1909f56bfc062723c751e8b465ee728b)
Start importing Assets/GUI PRO Kit - Fantasy RPG/ResourcesData/Sprites/Component/Icon_PictoIcons_(Original)/btn_icon_chess_2.png using Guid(9e23c74e16b244bb19edf0175baaa545) Importer(815301076,1909f56bfc062723c751e8b465ee728b)  -> (artifact id: '8606ef91fe122b22a49ff1e3732b978d') in 0.081949 seconds
Number of updated asset objects reloaded before import = 0
Number of asset objects unloaded after import = 3
========================================================================
Received Import Request.
  Time since last request: 0.000041 seconds.
  path: Assets/GUI PRO Kit - Fantasy RPG/ResourcesData/Sprites/Component/Icon_PictoIcons_(Original)/btn_icon_coin_won.png
  artifactKey: Guid(fa4ca81047fbd440b814fdaf81334b90) Importer(815301076,1909f56bfc062723c751e8b465ee728b)
Start importing Assets/GUI PRO Kit - Fantasy RPG/ResourcesData/Sprites/Component/Icon_PictoIcons_(Original)/btn_icon_coin_won.png using Guid(fa4ca81047fbd440b814fdaf81334b90) Importer(815301076,1909f56bfc062723c751e8b465ee728b)  -> (artifact id: '3f8362930a8e0f73c829b236758d945c') in 0.086572 seconds
Number of updated asset objects reloaded before import = 0
Number of asset objects unloaded after import = 3
========================================================================
Received Import Request.
  Time since last request: 0.000018 seconds.
  path: Assets/GUI PRO Kit - Fantasy RPG/ResourcesData/Sprites/Component/Icon_PictoIcons_(Original)/btn_icon_coin_yen.png
  artifactKey: Guid(5133137d7927a443e8f6b9fbe7553eef) Importer(815301076,1909f56bfc062723c751e8b465ee728b)
Start importing Assets/GUI PRO Kit - Fantasy RPG/ResourcesData/Sprites/Component/Icon_PictoIcons_(Original)/btn_icon_coin_yen.png using Guid(5133137d7927a443e8f6b9fbe7553eef) Importer(815301076,1909f56bfc062723c751e8b465ee728b)  -> (artifact id: '32aeb7605e6e947a6c28d9c693f7ff08') in 0.081325 seconds
Number of updated asset objects reloaded before import = 0
Number of asset objects unloaded after import = 3
========================================================================
Received Import Request.
  Time since last request: 0.000043 seconds.
  path: Assets/GUI PRO Kit - Fantasy RPG/ResourcesData/Sprites/Component/Icon_PictoIcons_(Original)/btn_icon_chat_1.png
  artifactKey: Guid(d6e0cba6701964323914835bec6760d8) Importer(815301076,1909f56bfc062723c751e8b465ee728b)
Start importing Assets/GUI PRO Kit - Fantasy RPG/ResourcesData/Sprites/Component/Icon_PictoIcons_(Original)/btn_icon_chat_1.png using Guid(d6e0cba6701964323914835bec6760d8) Importer(815301076,1909f56bfc062723c751e8b465ee728b)  -> (artifact id: 'b23e4af53298cf3089b0eeb090541518') in 0.082516 seconds
Number of updated asset objects reloaded before import = 0
Number of asset objects unloaded after import = 3
========================================================================
Received Import Request.
  Time since last request: 0.000087 seconds.
  path: Assets/GUI PRO Kit - Fantasy RPG/ResourcesData/Sprites/Component/Icon_PictoIcons_(Original)/btn_icon_chess_3.png
  artifactKey: Guid(3d632f0b3d7f54ee08bc230ee7e59988) Importer(815301076,1909f56bfc062723c751e8b465ee728b)
Start importing Assets/GUI PRO Kit - Fantasy RPG/ResourcesData/Sprites/Component/Icon_PictoIcons_(Original)/btn_icon_chess_3.png using Guid(3d632f0b3d7f54ee08bc230ee7e59988) Importer(815301076,1909f56bfc062723c751e8b465ee728b)  -> (artifact id: '8c2d06d315aade5515ca160338a018b3') in 0.081949 seconds
Number of updated asset objects reloaded before import = 0
Number of asset objects unloaded after import = 3
========================================================================
Received Import Request.
  Time since last request: 0.000042 seconds.
  path: Assets/GUI PRO Kit - Fantasy RPG/ResourcesData/Sprites/Component/Icon_PictoIcons_(Original)/btn_icon_clip.png
  artifactKey: Guid(bd32c7f2c981548e2a5fc8d665ee1901) Importer(815301076,1909f56bfc062723c751e8b465ee728b)
Start importing Assets/GUI PRO Kit - Fantasy RPG/ResourcesData/Sprites/Component/Icon_PictoIcons_(Original)/btn_icon_clip.png using Guid(bd32c7f2c981548e2a5fc8d665ee1901) Importer(815301076,1909f56bfc062723c751e8b465ee728b)  -> (artifact id: '0f68ddf247d54a64da2d14936eb05594') in 0.081988 seconds
Number of updated asset objects reloaded before import = 0
Number of asset objects unloaded after import = 3
========================================================================
Received Import Request.
  Time since last request: 0.000024 seconds.
  path: Assets/GUI PRO Kit - Fantasy RPG/ResourcesData/Sprites/Component/Icon_PictoIcons_(Original)/btn_icon_comment.png
  artifactKey: Guid(41d294d5e1a8b40a0b9e1b76117c9f91) Importer(815301076,1909f56bfc062723c751e8b465ee728b)
Start importing Assets/GUI PRO Kit - Fantasy RPG/ResourcesData/Sprites/Component/Icon_PictoIcons_(Original)/btn_icon_comment.png using Guid(41d294d5e1a8b40a0b9e1b76117c9f91) Importer(815301076,1909f56bfc062723c751e8b465ee728b)  -> (artifact id: '50ba1d74f27a07cb07a3fc86d16c9ff1') in 0.038462 seconds
Number of updated asset objects reloaded before import = 0
Number of asset objects unloaded after import = 3
========================================================================
Received Import Request.
  Time since last request: 0.000237 seconds.
  path: Assets/GUI PRO Kit - Fantasy RPG/ResourcesData/Sprites/Component/Icon_PictoIcons_(Original)/btn_icon_currency_dollar.png
  artifactKey: Guid(b415a757d2b694fd3a89a15a8e17fbc4) Importer(815301076,1909f56bfc062723c751e8b465ee728b)
Start importing Assets/GUI PRO Kit - Fantasy RPG/ResourcesData/Sprites/Component/Icon_PictoIcons_(Original)/btn_icon_currency_dollar.png using Guid(b415a757d2b694fd3a89a15a8e17fbc4) Importer(815301076,1909f56bfc062723c751e8b465ee728b)  -> (artifact id: 'f57213ba0e4917a7638cef69efc45f29') in 0.028039 seconds
Number of updated asset objects reloaded before import = 0
Number of asset objects unloaded after import = 3
========================================================================
Received Import Request.
  Time since last request: 0.000043 seconds.
  path: Assets/GUI PRO Kit - Fantasy RPG/ResourcesData/Sprites/Component/Icon_PictoIcons_(Original)/btn_icon_delete.png
  artifactKey: Guid(d2165bf6bbe9c4da291729a2d80aa368) Importer(815301076,1909f56bfc062723c751e8b465ee728b)
Start importing Assets/GUI PRO Kit - Fantasy RPG/ResourcesData/Sprites/Component/Icon_PictoIcons_(Original)/btn_icon_delete.png using Guid(d2165bf6bbe9c4da291729a2d80aa368) Importer(815301076,1909f56bfc062723c751e8b465ee728b)  -> (artifact id: '93cb3794449ad25b6769b5e6c90e9a6f') in 0.076710 seconds
Number of updated asset objects reloaded before import = 0
Number of asset objects unloaded after import = 3
========================================================================
Received Import Request.
  Time since last request: 0.000027 seconds.
  path: Assets/GUI PRO Kit - Fantasy RPG/ResourcesData/Sprites/Component/Icon_PictoIcons_(Original)/btn_icon_emoji_happy.png
  artifactKey: Guid(638bd07ca283849e0a05ab0fc3c126d4) Importer(815301076,1909f56bfc062723c751e8b465ee728b)
Start importing Assets/GUI PRO Kit - Fantasy RPG/ResourcesData/Sprites/Component/Icon_PictoIcons_(Original)/btn_icon_emoji_happy.png using Guid(638bd07ca283849e0a05ab0fc3c126d4) Importer(815301076,1909f56bfc062723c751e8b465ee728b)  -> (artifact id: '4fe6fe802e1bbcfc5e2105b465321fbe') in 0.084240 seconds
Number of updated asset objects reloaded before import = 0
Number of asset objects unloaded after import = 3
========================================================================
Received Import Request.
  Time since last request: 0.000017 seconds.
  path: Assets/GUI PRO Kit - Fantasy RPG/ResourcesData/Sprites/Component/Icon_PictoIcons_(Original)/btn_icon_currency_yen.png
  artifactKey: Guid(8bd69dec7239b4011bdd8f1502622710) Importer(815301076,1909f56bfc062723c751e8b465ee728b)
Start importing Assets/GUI PRO Kit - Fantasy RPG/ResourcesData/Sprites/Component/Icon_PictoIcons_(Original)/btn_icon_currency_yen.png using Guid(8bd69dec7239b4011bdd8f1502622710) Importer(815301076,1909f56bfc062723c751e8b465ee728b)  -> (artifact id: 'da3a008edae4c4f1ac9756806142253d') in 0.082813 seconds
Number of updated asset objects reloaded before import = 0
Number of asset objects unloaded after import = 3
========================================================================
Received Import Request.
  Time since last request: 0.000031 seconds.
  path: Assets/GUI PRO Kit - Fantasy RPG/ResourcesData/Sprites/Component/Icon_PictoIcons_(Original)/btn_icon_cyclone.png
  artifactKey: Guid(66a8c7e938b48443ca0590b84a93b722) Importer(815301076,1909f56bfc062723c751e8b465ee728b)
Start importing Assets/GUI PRO Kit - Fantasy RPG/ResourcesData/Sprites/Component/Icon_PictoIcons_(Original)/btn_icon_cyclone.png using Guid(66a8c7e938b48443ca0590b84a93b722) Importer(815301076,1909f56bfc062723c751e8b465ee728b)  -> (artifact id: '87741db57f6f623dd204be3b91645eef') in 0.087455 seconds
Number of updated asset objects reloaded before import = 0
Number of asset objects unloaded after import = 3
========================================================================
Received Import Request.
  Time since last request: 0.000050 seconds.
  path: Assets/GUI PRO Kit - Fantasy RPG/ResourcesData/Sprites/Component/Icon_PictoIcons_(Original)/btn_icon_discount.png
  artifactKey: Guid(410f12fb4e846467f99e4ce35feecfb5) Importer(815301076,1909f56bfc062723c751e8b465ee728b)
Start importing Assets/GUI PRO Kit - Fantasy RPG/ResourcesData/Sprites/Component/Icon_PictoIcons_(Original)/btn_icon_discount.png using Guid(410f12fb4e846467f99e4ce35feecfb5) Importer(815301076,1909f56bfc062723c751e8b465ee728b)  -> (artifact id: '98c4cd92447257e2f1a65ce6b038cd67') in 0.076026 seconds
Number of updated asset objects reloaded before import = 0
Number of asset objects unloaded after import = 3
========================================================================
Received Import Request.
  Time since last request: 0.000017 seconds.
  path: Assets/GUI PRO Kit - Fantasy RPG/ResourcesData/Sprites/Component/Icon_PictoIcons_(Original)/btn_icon_double_star.png
  artifactKey: Guid(57a426f564f2848989dd8e459ce59d7b) Importer(815301076,1909f56bfc062723c751e8b465ee728b)
Start importing Assets/GUI PRO Kit - Fantasy RPG/ResourcesData/Sprites/Component/Icon_PictoIcons_(Original)/btn_icon_double_star.png using Guid(57a426f564f2848989dd8e459ce59d7b) Importer(815301076,1909f56bfc062723c751e8b465ee728b)  -> (artifact id: '5580c01ebd3efd04b998ae6c7d2b58f8') in 0.080118 seconds
Number of updated asset objects reloaded before import = 0
Number of asset objects unloaded after import = 3
========================================================================
Received Import Request.
  Time since last request: 0.000033 seconds.
  path: Assets/GUI PRO Kit - Fantasy RPG/ResourcesData/Sprites/Component/Icon_PictoIcons_(Original)/btn_icon_currency_peso.png
  artifactKey: Guid(96354408999b34e1e8cf7634310ab7cd) Importer(815301076,1909f56bfc062723c751e8b465ee728b)
Start importing Assets/GUI PRO Kit - Fantasy RPG/ResourcesData/Sprites/Component/Icon_PictoIcons_(Original)/btn_icon_currency_peso.png using Guid(96354408999b34e1e8cf7634310ab7cd) Importer(815301076,1909f56bfc062723c751e8b465ee728b)  -> (artifact id: '022538ce3c3d99385903911e468ff70d') in 0.079953 seconds
Number of updated asset objects reloaded before import = 0
Number of asset objects unloaded after import = 3
========================================================================
Received Import Request.
  Time since last request: 0.000023 seconds.
  path: Assets/GUI PRO Kit - Fantasy RPG/ResourcesData/Sprites/Component/Icon_PictoIcons_(Original)/btn_icon_emoji_soso.png
  artifactKey: Guid(bc1bdbdf78efb463e921226a0a4d39cb) Importer(815301076,1909f56bfc062723c751e8b465ee728b)
Start importing Assets/GUI PRO Kit - Fantasy RPG/ResourcesData/Sprites/Component/Icon_PictoIcons_(Original)/btn_icon_emoji_soso.png using Guid(bc1bdbdf78efb463e921226a0a4d39cb) Importer(815301076,1909f56bfc062723c751e8b465ee728b)  -> (artifact id: '2d6e991746c6f32d7109a0fbf71bf4b6') in 0.072214 seconds
Number of updated asset objects reloaded before import = 0
Number of asset objects unloaded after import = 3
========================================================================
Received Import Request.
  Time since last request: 0.000112 seconds.
  path: Assets/GUI PRO Kit - Fantasy RPG/ResourcesData/Sprites/Component/Icon_PictoIcons_(Original)/btn_icon_emoji_hate.png
  artifactKey: Guid(017105d830f5f4117be8b9531c932c06) Importer(815301076,1909f56bfc062723c751e8b465ee728b)
Start importing Assets/GUI PRO Kit - Fantasy RPG/ResourcesData/Sprites/Component/Icon_PictoIcons_(Original)/btn_icon_emoji_hate.png using Guid(017105d830f5f4117be8b9531c932c06) Importer(815301076,1909f56bfc062723c751e8b465ee728b)  -> (artifact id: '01facbf97fd96177921cc7830a0ba80d') in 0.075031 seconds
Number of updated asset objects reloaded before import = 0
Number of asset objects unloaded after import = 3
========================================================================
Received Import Request.
  Time since last request: 0.000033 seconds.
  path: Assets/GUI PRO Kit - Fantasy RPG/ResourcesData/Sprites/Component/Icon_PictoIcons_(Original)/btn_icon_coupon.png
  artifactKey: Guid(335d8384c73174cff85bbe6ea068d95f) Importer(815301076,1909f56bfc062723c751e8b465ee728b)
Start importing Assets/GUI PRO Kit - Fantasy RPG/ResourcesData/Sprites/Component/Icon_PictoIcons_(Original)/btn_icon_coupon.png using Guid(335d8384c73174cff85bbe6ea068d95f) Importer(815301076,1909f56bfc062723c751e8b465ee728b)  -> (artifact id: 'bda884f0ae46a3630948412ef9167266') in 0.114604 seconds
Number of updated asset objects reloaded before import = 0
Number of asset objects unloaded after import = 3
========================================================================
Received Import Request.
  Time since last request: 0.000017 seconds.
  path: Assets/GUI PRO Kit - Fantasy RPG/ResourcesData/Sprites/Component/Icon_PictoIcons_(Original)/btn_icon_dagger.png
  artifactKey: Guid(93d97a4398691495c8a11dfc794b89e0) Importer(815301076,1909f56bfc062723c751e8b465ee728b)
Start importing Assets/GUI PRO Kit - Fantasy RPG/ResourcesData/Sprites/Component/Icon_PictoIcons_(Original)/btn_icon_dagger.png using Guid(93d97a4398691495c8a11dfc794b89e0) Importer(815301076,1909f56bfc062723c751e8b465ee728b)  -> (artifact id: '7ccd0e9271fa9c0ab5d27611670549a7') in 0.083908 seconds
Number of updated asset objects reloaded before import = 0
Number of asset objects unloaded after import = 3
========================================================================
Received Import Request.
  Time since last request: 0.000021 seconds.
  path: Assets/GUI PRO Kit - Fantasy RPG/ResourcesData/Sprites/Component/Icon_PictoIcons_(Original)/btn_icon_currency_won.png
  artifactKey: Guid(b91bf7c10e42e4a56b45ae53f75222bf) Importer(815301076,1909f56bfc062723c751e8b465ee728b)
Start importing Assets/GUI PRO Kit - Fantasy RPG/ResourcesData/Sprites/Component/Icon_PictoIcons_(Original)/btn_icon_currency_won.png using Guid(b91bf7c10e42e4a56b45ae53f75222bf) Importer(815301076,1909f56bfc062723c751e8b465ee728b)  -> (artifact id: '400de11e0dc78359fe2319e69fca5d90') in 0.077082 seconds
Number of updated asset objects reloaded before import = 0
Number of asset objects unloaded after import = 3
========================================================================
Received Import Request.
  Time since last request: 0.000038 seconds.
  path: Assets/GUI PRO Kit - Fantasy RPG/ResourcesData/Sprites/Component/Icon_PictoIcons_(Original)/btn_icon_education.png
  artifactKey: Guid(1912349e191f348ec98b37e41b94df7a) Importer(815301076,1909f56bfc062723c751e8b465ee728b)
Start importing Assets/GUI PRO Kit - Fantasy RPG/ResourcesData/Sprites/Component/Icon_PictoIcons_(Original)/btn_icon_education.png using Guid(1912349e191f348ec98b37e41b94df7a) Importer(815301076,1909f56bfc062723c751e8b465ee728b)  -> (artifact id: 'd4bfc77fe31616aa8eb4b5c337bfa0a7') in 0.083615 seconds
Number of updated asset objects reloaded before import = 0
Number of asset objects unloaded after import = 3
========================================================================
Received Import Request.
  Time since last request: 0.000018 seconds.
  path: Assets/GUI PRO Kit - Fantasy RPG/ResourcesData/Sprites/Component/Icon_PictoIcons_(Original)/btn_icon_crown_1.png
  artifactKey: Guid(348557735f35046aeabb83422c04ab8d) Importer(815301076,1909f56bfc062723c751e8b465ee728b)
Start importing Assets/GUI PRO Kit - Fantasy RPG/ResourcesData/Sprites/Component/Icon_PictoIcons_(Original)/btn_icon_crown_1.png using Guid(348557735f35046aeabb83422c04ab8d) Importer(815301076,1909f56bfc062723c751e8b465ee728b)  -> (artifact id: '9712f5342dd8f3b58a4255577fde6fa7') in 0.075357 seconds
Number of updated asset objects reloaded before import = 0
Number of asset objects unloaded after import = 3
========================================================================
Received Import Request.
  Time since last request: 0.000026 seconds.
  path: Assets/GUI PRO Kit - Fantasy RPG/ResourcesData/Sprites/Component/Icon_PictoIcons_(Original)/btn_icon_currency_euro.png
  artifactKey: Guid(aecee0dfb185442649186b6252cd88f2) Importer(815301076,1909f56bfc062723c751e8b465ee728b)
Start importing Assets/GUI PRO Kit - Fantasy RPG/ResourcesData/Sprites/Component/Icon_PictoIcons_(Original)/btn_icon_currency_euro.png using Guid(aecee0dfb185442649186b6252cd88f2) Importer(815301076,1909f56bfc062723c751e8b465ee728b)  -> (artifact id: 'adae1dc9230da44e45972585a7cede71') in 0.081901 seconds
Number of updated asset objects reloaded before import = 0
Number of asset objects unloaded after import = 3
========================================================================
Received Import Request.
  Time since last request: 0.000032 seconds.
  path: Assets/GUI PRO Kit - Fantasy RPG/ResourcesData/Sprites/Component/Icon_PictoIcons_(Original)/btn_icon_custume_top.png
  artifactKey: Guid(043371bb1196d4abd90e2052bd84480f) Importer(815301076,1909f56bfc062723c751e8b465ee728b)
Start importing Assets/GUI PRO Kit - Fantasy RPG/ResourcesData/Sprites/Component/Icon_PictoIcons_(Original)/btn_icon_custume_top.png using Guid(043371bb1196d4abd90e2052bd84480f) Importer(815301076,1909f56bfc062723c751e8b465ee728b)  -> (artifact id: 'e12e9c0d43e764c3097f9f7b6be8f9e1') in 0.081441 seconds
Number of updated asset objects reloaded before import = 0
Number of asset objects unloaded after import = 3
========================================================================
Received Import Request.
  Time since last request: 0.000028 seconds.
  path: Assets/GUI PRO Kit - Fantasy RPG/ResourcesData/Sprites/Component/Icon_PictoIcons_(Original)/btn_icon_cut.png
  artifactKey: Guid(c4fc2c81dcc3c428e87c06521d20cd23) Importer(815301076,1909f56bfc062723c751e8b465ee728b)
Start importing Assets/GUI PRO Kit - Fantasy RPG/ResourcesData/Sprites/Component/Icon_PictoIcons_(Original)/btn_icon_cut.png using Guid(c4fc2c81dcc3c428e87c06521d20cd23) Importer(815301076,1909f56bfc062723c751e8b465ee728b)  -> (artifact id: '3a47c97314f24ab75fcca451a5ea75c3') in 0.074833 seconds
Number of updated asset objects reloaded before import = 0
Number of asset objects unloaded after import = 3
========================================================================
Received Import Request.
  Time since last request: 0.000027 seconds.
  path: Assets/GUI PRO Kit - Fantasy RPG/ResourcesData/Sprites/Component/Icon_PictoIcons_(Original)/btn_icon_earth.png
  artifactKey: Guid(d7d3a080ded1f4d6d896c42322e1124f) Importer(815301076,1909f56bfc062723c751e8b465ee728b)
Start importing Assets/GUI PRO Kit - Fantasy RPG/ResourcesData/Sprites/Component/Icon_PictoIcons_(Original)/btn_icon_earth.png using Guid(d7d3a080ded1f4d6d896c42322e1124f) Importer(815301076,1909f56bfc062723c751e8b465ee728b)  -> (artifact id: 'c78bfca949c9b58d95c5eebce11b85bf') in 0.079888 seconds
Number of updated asset objects reloaded before import = 0
Number of asset objects unloaded after import = 3
========================================================================
Received Import Request.
  Time since last request: 0.000017 seconds.
  path: Assets/GUI PRO Kit - Fantasy RPG/ResourcesData/Sprites/Component/Icon_PictoIcons_(Original)/btn_icon_death.png
  artifactKey: Guid(fb719f9257eba4963aaf94397b2844b1) Importer(815301076,1909f56bfc062723c751e8b465ee728b)
Start importing Assets/GUI PRO Kit - Fantasy RPG/ResourcesData/Sprites/Component/Icon_PictoIcons_(Original)/btn_icon_death.png using Guid(fb719f9257eba4963aaf94397b2844b1) Importer(815301076,1909f56bfc062723c751e8b465ee728b)  -> (artifact id: '306187a208c93ed6d89ec0bacd8eaf38') in 0.049304 seconds
Number of updated asset objects reloaded before import = 0
Number of asset objects unloaded after import = 3
========================================================================
Received Import Request.
  Time since last request: 0.000083 seconds.
  path: Assets/GUI PRO Kit - Fantasy RPG/ResourcesData/Sprites/Component/Icon_PictoIcons_(Original)/btn_icon_crown_2.png
  artifactKey: Guid(975dbf1d3276748069828c927bfe06cb) Importer(815301076,1909f56bfc062723c751e8b465ee728b)
Start importing Assets/GUI PRO Kit - Fantasy RPG/ResourcesData/Sprites/Component/Icon_PictoIcons_(Original)/btn_icon_crown_2.png using Guid(975dbf1d3276748069828c927bfe06cb) Importer(815301076,1909f56bfc062723c751e8b465ee728b)  -> (artifact id: 'e9e6a03c88b70892db7f94846f88f450') in 0.046133 seconds
Number of updated asset objects reloaded before import = 0
Number of asset objects unloaded after import = 3
========================================================================
Received Import Request.
  Time since last request: 0.000037 seconds.
  path: Assets/GUI PRO Kit - Fantasy RPG/ResourcesData/Sprites/Component/Icon_PictoIcons_(Original)/btn_icon_building.png
  artifactKey: Guid(b00fd938d09b24a99b6026aab38ed700) Importer(815301076,1909f56bfc062723c751e8b465ee728b)
Start importing Assets/GUI PRO Kit - Fantasy RPG/ResourcesData/Sprites/Component/Icon_PictoIcons_(Original)/btn_icon_building.png using Guid(b00fd938d09b24a99b6026aab38ed700) Importer(815301076,1909f56bfc062723c751e8b465ee728b)  -> (artifact id: 'b123f168be71f33ecf440f6e8d275117') in 0.070895 seconds
Number of updated asset objects reloaded before import = 0
Number of asset objects unloaded after import = 3
========================================================================
Received Import Request.
  Time since last request: 0.000027 seconds.
  path: Assets/GUI PRO Kit - Fantasy RPG/ResourcesData/Sprites/Component/Icon_PictoIcons_(Original)/btn_icon_chat_2.png
  artifactKey: Guid(14cf7d5a5c24144f38cb98d31037ca10) Importer(815301076,1909f56bfc062723c751e8b465ee728b)
Start importing Assets/GUI PRO Kit - Fantasy RPG/ResourcesData/Sprites/Component/Icon_PictoIcons_(Original)/btn_icon_chat_2.png using Guid(14cf7d5a5c24144f38cb98d31037ca10) Importer(815301076,1909f56bfc062723c751e8b465ee728b)  -> (artifact id: 'c9de95f9dc68bc808eb16bc9b8a4e6cc') in 0.075232 seconds
Number of updated asset objects reloaded before import = 0
Number of asset objects unloaded after import = 3
========================================================================
Received Import Request.
  Time since last request: 0.000027 seconds.
  path: Assets/GUI PRO Kit - Fantasy RPG/ResourcesData/Sprites/Component/Icon_PictoIcons_(Original)/btn_icon_coin_euro.png
  artifactKey: Guid(5458673f53ee040448c9962c53bc6d8f) Importer(815301076,1909f56bfc062723c751e8b465ee728b)
Start importing Assets/GUI PRO Kit - Fantasy RPG/ResourcesData/Sprites/Component/Icon_PictoIcons_(Original)/btn_icon_coin_euro.png using Guid(5458673f53ee040448c9962c53bc6d8f) Importer(815301076,1909f56bfc062723c751e8b465ee728b)  -> (artifact id: 'ac36c8a073ada264669f053298e2b2ba') in 0.031474 seconds
Number of updated asset objects reloaded before import = 0
Number of asset objects unloaded after import = 3
========================================================================
Received Import Request.
  Time since last request: 0.000182 seconds.
  path: Assets/GUI PRO Kit - Fantasy RPG/ResourcesData/Sprites/Component/Icon_PictoIcons_(Original)/btn_icon_chess_1.png
  artifactKey: Guid(5cda8d71d6aac4ca693ad58de95bf87c) Importer(815301076,1909f56bfc062723c751e8b465ee728b)
Start importing Assets/GUI PRO Kit - Fantasy RPG/ResourcesData/Sprites/Component/Icon_PictoIcons_(Original)/btn_icon_chess_1.png using Guid(5cda8d71d6aac4ca693ad58de95bf87c) Importer(815301076,1909f56bfc062723c751e8b465ee728b)  -> (artifact id: 'a71482aafb94c40e7307a37fe400ea1c') in 0.098532 seconds
Number of updated asset objects reloaded before import = 0
Number of asset objects unloaded after import = 3
========================================================================
Received Import Request.
  Time since last request: 0.000022 seconds.
  path: Assets/GUI PRO Kit - Fantasy RPG/ResourcesData/Sprites/Component/Icon_PictoIcons_(Original)/btn_icon_bulb.png
  artifactKey: Guid(1cb9602b6b6714a92a9498906922263b) Importer(815301076,1909f56bfc062723c751e8b465ee728b)
Start importing Assets/GUI PRO Kit - Fantasy RPG/ResourcesData/Sprites/Component/Icon_PictoIcons_(Original)/btn_icon_bulb.png using Guid(1cb9602b6b6714a92a9498906922263b) Importer(815301076,1909f56bfc062723c751e8b465ee728b)  -> (artifact id: 'e5e3ddf8f17cd22d97cf40fbd5d6eff3') in 0.074227 seconds
Number of updated asset objects reloaded before import = 0
Number of asset objects unloaded after import = 3
========================================================================
Received Import Request.
  Time since last request: 0.000028 seconds.
  path: Assets/GUI PRO Kit - Fantasy RPG/ResourcesData/Sprites/Component/Icon_PictoIcons_(Original)/btn_icon_clear.png
  artifactKey: Guid(e4eaf3c8a69a94f9d944666c09dbed5b) Importer(815301076,1909f56bfc062723c751e8b465ee728b)
Start importing Assets/GUI PRO Kit - Fantasy RPG/ResourcesData/Sprites/Component/Icon_PictoIcons_(Original)/btn_icon_clear.png using Guid(e4eaf3c8a69a94f9d944666c09dbed5b) Importer(815301076,1909f56bfc062723c751e8b465ee728b)  -> (artifact id: '4d1fa00c2cf89f39a85b41c09462b574') in 0.072661 seconds
Number of updated asset objects reloaded before import = 0
Number of asset objects unloaded after import = 3
========================================================================
Received Import Request.
  Time since last request: 0.000017 seconds.
  path: Assets/GUI PRO Kit - Fantasy RPG/ResourcesData/Sprites/Component/Icon_PictoIcons_(Original)/btn_icon_display.png
  artifactKey: Guid(86b0c5d99d98d451899d89f79bd4609e) Importer(815301076,1909f56bfc062723c751e8b465ee728b)
Start importing Assets/GUI PRO Kit - Fantasy RPG/ResourcesData/Sprites/Component/Icon_PictoIcons_(Original)/btn_icon_display.png using Guid(86b0c5d99d98d451899d89f79bd4609e) Importer(815301076,1909f56bfc062723c751e8b465ee728b)  -> (artifact id: '84b3baeb5f28146b4cfa1da790a96e3b') in 0.082964 seconds
Number of updated asset objects reloaded before import = 0
Number of asset objects unloaded after import = 3
========================================================================
Received Import Request.
  Time since last request: 0.000037 seconds.
  path: Assets/GUI PRO Kit - Fantasy RPG/ResourcesData/Sprites/Component/Icon_PictoIcons_(Original)/btn_icon_custume_boots.png
  artifactKey: Guid(82b8b2544f0ce4164a31119e70601d03) Importer(815301076,1909f56bfc062723c751e8b465ee728b)
Start importing Assets/GUI PRO Kit - Fantasy RPG/ResourcesData/Sprites/Component/Icon_PictoIcons_(Original)/btn_icon_custume_boots.png using Guid(82b8b2544f0ce4164a31119e70601d03) Importer(815301076,1909f56bfc062723c751e8b465ee728b)  -> (artifact id: '391745be0eb8837bee60dcb11849b931') in 0.076346 seconds
Number of updated asset objects reloaded before import = 0
Number of asset objects unloaded after import = 3
========================================================================
Received Import Request.
  Time since last request: 0.000022 seconds.
  path: Assets/GUI PRO Kit - Fantasy RPG/ResourcesData/Sprites/Component/Icon_PictoIcons_(Original)/btn_icon_emoji_sad.png
  artifactKey: Guid(954dace5859764436a000e6aa65a3595) Importer(815301076,1909f56bfc062723c751e8b465ee728b)
Start importing Assets/GUI PRO Kit - Fantasy RPG/ResourcesData/Sprites/Component/Icon_PictoIcons_(Original)/btn_icon_emoji_sad.png using Guid(954dace5859764436a000e6aa65a3595) Importer(815301076,1909f56bfc062723c751e8b465ee728b)  -> (artifact id: '27f8e61e35fd538a4cbcb3bfe8cc4cc9') in 0.074107 seconds
Number of updated asset objects reloaded before import = 0
Number of asset objects unloaded after import = 3
========================================================================
Received Import Request.
  Time since last request: 0.000026 seconds.
  path: Assets/GUI PRO Kit - Fantasy RPG/ResourcesData/Sprites/Component/Icon_PictoIcons_(Original)/btn_icon_dice.png
  artifactKey: Guid(a960ec5e84e7c4baa96a46c3ffc5f8ca) Importer(815301076,1909f56bfc062723c751e8b465ee728b)
Start importing Assets/GUI PRO Kit - Fantasy RPG/ResourcesData/Sprites/Component/Icon_PictoIcons_(Original)/btn_icon_dice.png using Guid(a960ec5e84e7c4baa96a46c3ffc5f8ca) Importer(815301076,1909f56bfc062723c751e8b465ee728b)  -> (artifact id: '80dd5e00c98f5eda2c403ba3fa773688') in 0.074982 seconds
Number of updated asset objects reloaded before import = 0
Number of asset objects unloaded after import = 3
========================================================================
Received Import Request.
  Time since last request: 0.000026 seconds.
  path: Assets/GUI PRO Kit - Fantasy RPG/ResourcesData/Sprites/Component/Icon_PictoIcons_(Original)/btn_icon_emoji_smile.png
  artifactKey: Guid(7b9cf3f309bea4ffda542ab1951b3fc4) Importer(815301076,1909f56bfc062723c751e8b465ee728b)
Start importing Assets/GUI PRO Kit - Fantasy RPG/ResourcesData/Sprites/Component/Icon_PictoIcons_(Original)/btn_icon_emoji_smile.png using Guid(7b9cf3f309bea4ffda542ab1951b3fc4) Importer(815301076,1909f56bfc062723c751e8b465ee728b)  -> (artifact id: 'c1a0cb0501cffc6227f3d3691dbc2bf9') in 0.074338 seconds
Number of updated asset objects reloaded before import = 0
Number of asset objects unloaded after import = 3
========================================================================
Received Import Request.
  Time since last request: 0.000020 seconds.
  path: Assets/GUI PRO Kit - Fantasy RPG/ResourcesData/Sprites/Component/Icon_PictoIcons_(Original)/btn_icon_coin.png
  artifactKey: Guid(a07e49ea94b8c4827af40df7a2c98dcc) Importer(815301076,1909f56bfc062723c751e8b465ee728b)
Start importing Assets/GUI PRO Kit - Fantasy RPG/ResourcesData/Sprites/Component/Icon_PictoIcons_(Original)/btn_icon_coin.png using Guid(a07e49ea94b8c4827af40df7a2c98dcc) Importer(815301076,1909f56bfc062723c751e8b465ee728b)  -> (artifact id: '99cfd45b653421389d2b84b0a387cd99') in 0.077271 seconds
Number of updated asset objects reloaded before import = 0
Number of asset objects unloaded after import = 3
========================================================================
Received Import Request.
  Time since last request: 0.000021 seconds.
  path: Assets/GUI PRO Kit - Fantasy RPG/ResourcesData/Sprites/Component/Icon_PictoIcons_(Original)/btn_icon_coin_peso.png
  artifactKey: Guid(c3aea2303c0f049478408fd3fdbfa6ab) Importer(815301076,1909f56bfc062723c751e8b465ee728b)
Start importing Assets/GUI PRO Kit - Fantasy RPG/ResourcesData/Sprites/Component/Icon_PictoIcons_(Original)/btn_icon_coin_peso.png using Guid(c3aea2303c0f049478408fd3fdbfa6ab) Importer(815301076,1909f56bfc062723c751e8b465ee728b)  -> (artifact id: '83a7bc15c9a2fdd71951f58f8537c4c4') in 0.076528 seconds
Number of updated asset objects reloaded before import = 0
Number of asset objects unloaded after import = 3
========================================================================
Received Import Request.
  Time since last request: 0.000037 seconds.
  path: Assets/GUI PRO Kit - Fantasy RPG/ResourcesData/Sprites/Component/Icon_PictoIcons_(Original)/btn_icon_document.png
  artifactKey: Guid(5895f440417da42008b9560f4696d935) Importer(815301076,1909f56bfc062723c751e8b465ee728b)
Start importing Assets/GUI PRO Kit - Fantasy RPG/ResourcesData/Sprites/Component/Icon_PictoIcons_(Original)/btn_icon_document.png using Guid(5895f440417da42008b9560f4696d935) Importer(815301076,1909f56bfc062723c751e8b465ee728b)  -> (artifact id: '85656667e50f77c4219d462245fbbe0c') in 0.083606 seconds
Number of updated asset objects reloaded before import = 0
Number of asset objects unloaded after import = 3
========================================================================
Received Import Request.
  Time since last request: 0.000017 seconds.
  path: Assets/GUI PRO Kit - Fantasy RPG/ResourcesData/Sprites/Component/Icon_PictoIcons_(Original)/btn_icon_copy.png
  artifactKey: Guid(dde7b673d2352466d8f988679a0e0f54) Importer(815301076,1909f56bfc062723c751e8b465ee728b)
Start importing Assets/GUI PRO Kit - Fantasy RPG/ResourcesData/Sprites/Component/Icon_PictoIcons_(Original)/btn_icon_copy.png using Guid(dde7b673d2352466d8f988679a0e0f54) Importer(815301076,1909f56bfc062723c751e8b465ee728b)  -> (artifact id: 'cb82deda7c6176a2936544e8bc07ac0a') in 0.075678 seconds
Number of updated asset objects reloaded before import = 0
Number of asset objects unloaded after import = 3
========================================================================
Received Import Request.
  Time since last request: 0.000026 seconds.
  path: Assets/GUI PRO Kit - Fantasy RPG/ResourcesData/Sprites/Component/Icon_PictoIcons_(Original)/btn_icon_chess_4.png
  artifactKey: Guid(2c865db29a2104a1d999572e12f0bc3f) Importer(815301076,1909f56bfc062723c751e8b465ee728b)
Start importing Assets/GUI PRO Kit - Fantasy RPG/ResourcesData/Sprites/Component/Icon_PictoIcons_(Original)/btn_icon_chess_4.png using Guid(2c865db29a2104a1d999572e12f0bc3f) Importer(815301076,1909f56bfc062723c751e8b465ee728b)  -> (artifact id: 'a6dae02b796bf86b44ec0329682010b0') in 0.083441 seconds
Number of updated asset objects reloaded before import = 0
Number of asset objects unloaded after import = 3
========================================================================
Received Import Request.
  Time since last request: 0.000034 seconds.
  path: Assets/GUI PRO Kit - Fantasy RPG/ResourcesData/Sprites/Component/Icon_PictoIcons_(Original)/btn_icon_cupcake.png
  artifactKey: Guid(210f814c451724442a120e15d38c078f) Importer(815301076,1909f56bfc062723c751e8b465ee728b)
Start importing Assets/GUI PRO Kit - Fantasy RPG/ResourcesData/Sprites/Component/Icon_PictoIcons_(Original)/btn_icon_cupcake.png using Guid(210f814c451724442a120e15d38c078f) Importer(815301076,1909f56bfc062723c751e8b465ee728b)  -> (artifact id: '27588ee19e64404d52e7bf53b1176c40') in 0.075124 seconds
Number of updated asset objects reloaded before import = 0
Number of asset objects unloaded after import = 3
========================================================================
Received Import Request.
  Time since last request: 0.000038 seconds.
  path: Assets/GUI PRO Kit - Fantasy RPG/ResourcesData/Sprites/Component/Icon_PictoIcons_(Original)/btn_icon_cloud_1.png
  artifactKey: Guid(965ce28bff02d4a5cb22dddd705eb760) Importer(815301076,1909f56bfc062723c751e8b465ee728b)
Start importing Assets/GUI PRO Kit - Fantasy RPG/ResourcesData/Sprites/Component/Icon_PictoIcons_(Original)/btn_icon_cloud_1.png using Guid(965ce28bff02d4a5cb22dddd705eb760) Importer(815301076,1909f56bfc062723c751e8b465ee728b)  -> (artifact id: '7735c6c5ef047f4be06f4dc84a963539') in 0.025318 seconds
Number of updated asset objects reloaded before import = 0
Number of asset objects unloaded after import = 3
========================================================================
Received Import Request.
  Time since last request: 0.000017 seconds.
  path: Assets/GUI PRO Kit - Fantasy RPG/ResourcesData/Sprites/Component/Icon_PictoIcons_(Original)/btn_icon_currency_baht.png
  artifactKey: Guid(c7f71a75ec777428b988ddd8ab1971d9) Importer(815301076,1909f56bfc062723c751e8b465ee728b)
Start importing Assets/GUI PRO Kit - Fantasy RPG/ResourcesData/Sprites/Component/Icon_PictoIcons_(Original)/btn_icon_currency_baht.png using Guid(c7f71a75ec777428b988ddd8ab1971d9) Importer(815301076,1909f56bfc062723c751e8b465ee728b)  -> (artifact id: '922b9ecd7387dc134810983f07150fb4') in 0.080470 seconds
Number of updated asset objects reloaded before import = 0
Number of asset objects unloaded after import = 3
========================================================================
Received Import Request.
  Time since last request: 0.000018 seconds.
  path: Assets/GUI PRO Kit - Fantasy RPG/ResourcesData/Sprites/Component/Icon_PictoIcons_(Original)/btn_icon_currency_pound.png
  artifactKey: Guid(d9cba500538ca42be8ab88fce23cfdd1) Importer(815301076,1909f56bfc062723c751e8b465ee728b)
Start importing Assets/GUI PRO Kit - Fantasy RPG/ResourcesData/Sprites/Component/Icon_PictoIcons_(Original)/btn_icon_currency_pound.png using Guid(d9cba500538ca42be8ab88fce23cfdd1) Importer(815301076,1909f56bfc062723c751e8b465ee728b)  -> (artifact id: 'e95c6b1fccede6ee34a0f6b16ab1066f') in 0.070894 seconds
Number of updated asset objects reloaded before import = 0
Number of asset objects unloaded after import = 3
========================================================================
Received Import Request.
  Time since last request: 0.000020 seconds.
  path: Assets/GUI PRO Kit - Fantasy RPG/ResourcesData/Sprites/Component/Icon_PictoIcons_(Original)/btn_icon_compass_2.png
  artifactKey: Guid(cce1c87a134224318ae0c69fdb6858d0) Importer(815301076,1909f56bfc062723c751e8b465ee728b)
Start importing Assets/GUI PRO Kit - Fantasy RPG/ResourcesData/Sprites/Component/Icon_PictoIcons_(Original)/btn_icon_compass_2.png using Guid(cce1c87a134224318ae0c69fdb6858d0) Importer(815301076,1909f56bfc062723c751e8b465ee728b)  -> (artifact id: '1d34243bf0c436ae0f3a3f41f41fd2dc') in 0.067417 seconds
Number of updated asset objects reloaded before import = 0
Number of asset objects unloaded after import = 3
========================================================================
Received Import Request.
  Time since last request: 0.000021 seconds.
  path: Assets/GUI PRO Kit - Fantasy RPG/ResourcesData/Sprites/Component/Icon_PictoIcons_(Original)/btn_icon_checks.png
  artifactKey: Guid(0a1fc17a3c7f848f9b4ab49fe264de3a) Importer(815301076,1909f56bfc062723c751e8b465ee728b)
Start importing Assets/GUI PRO Kit - Fantasy RPG/ResourcesData/Sprites/Component/Icon_PictoIcons_(Original)/btn_icon_checks.png using Guid(0a1fc17a3c7f848f9b4ab49fe264de3a) Importer(815301076,1909f56bfc062723c751e8b465ee728b)  -> (artifact id: '93f89b2ae3b83a5a84389b243c86e66e') in 0.074385 seconds
Number of updated asset objects reloaded before import = 0
Number of asset objects unloaded after import = 3
========================================================================
Received Import Request.
  Time since last request: 0.000028 seconds.
  path: Assets/GUI PRO Kit - Fantasy RPG/ResourcesData/Sprites/Component/Icon_PictoIcons_(Original)/btn_icon_cloud_2.png
  artifactKey: Guid(17b83f4cfcad440a7981083e22879202) Importer(815301076,1909f56bfc062723c751e8b465ee728b)
Start importing Assets/GUI PRO Kit - Fantasy RPG/ResourcesData/Sprites/Component/Icon_PictoIcons_(Original)/btn_icon_cloud_2.png using Guid(17b83f4cfcad440a7981083e22879202) Importer(815301076,1909f56bfc062723c751e8b465ee728b)  -> (artifact id: '4999e0491c96e544c594e48e326a28c0') in 0.085718 seconds
Number of updated asset objects reloaded before import = 0
Number of asset objects unloaded after import = 3
========================================================================
Received Import Request.
  Time since last request: 0.000095 seconds.
  path: Assets/GUI PRO Kit - Fantasy RPG/ResourcesData/Sprites/Component/Icon_PictoIcons_(Original)/btn_icon_clan.png
  artifactKey: Guid(de9d3c7671b8c4385b528e64e4a7e5d6) Importer(815301076,1909f56bfc062723c751e8b465ee728b)
Start importing Assets/GUI PRO Kit - Fantasy RPG/ResourcesData/Sprites/Component/Icon_PictoIcons_(Original)/btn_icon_clan.png using Guid(de9d3c7671b8c4385b528e64e4a7e5d6) Importer(815301076,1909f56bfc062723c751e8b465ee728b)  -> (artifact id: '7e3f72928ffcdeb0971433270250fa46') in 0.093096 seconds
Number of updated asset objects reloaded before import = 0
Number of asset objects unloaded after import = 3
========================================================================
Received Import Request.
  Time since last request: 0.000018 seconds.
  path: Assets/GUI PRO Kit - Fantasy RPG/ResourcesData/Sprites/Component/Icon_PictoIcons_(Original)/btn_icon_diamond.png
  artifactKey: Guid(2fddfc54a383741c8b6d236468e33eee) Importer(815301076,1909f56bfc062723c751e8b465ee728b)
Start importing Assets/GUI PRO Kit - Fantasy RPG/ResourcesData/Sprites/Component/Icon_PictoIcons_(Original)/btn_icon_diamond.png using Guid(2fddfc54a383741c8b6d236468e33eee) Importer(815301076,1909f56bfc062723c751e8b465ee728b)  -> (artifact id: '4feae4e629046f207d418ecdf9f6d827') in 0.071009 seconds
Number of updated asset objects reloaded before import = 0
Number of asset objects unloaded after import = 3
