Using pre-set license
Built from '2022.3/staging' branch; Version is '2022.3.14f1 (eff2de9070d8) revision 15725278'; Using compiler version '192829333'; Build Type 'Release'
OS: 'Windows 11  (10.0.22621) 64bit Core' Language: 'ko' Physical Memory: 48985 MB
BatchMode: 1, IsHumanControllingUs: 0, StartBugReporterOnCrash: 0, Is64bit: 1, IsPro: 1

COMMAND LINE ARGUMENTS:
D:\Unity\2022.3.14f1\Editor\Unity.exe
-adb2
-batchMode
-noUpm
-name
AssetImportWorker0
-projectPath
D:/Unity/Projects/Unity Team Project Develope 0.1
-logFile
Logs/AssetImportWorker0.log
-srvPort
49750
Successfully changed project path to: D:/Unity/Projects/Unity Team Project Develope 0.1
D:/Unity/Projects/Unity Team Project Develope 0.1
[UnityMemory] Configuration Parameters - Can be set up in boot.config
    "memorysetup-bucket-allocator-granularity=16"
    "memorysetup-bucket-allocator-bucket-count=8"
    "memorysetup-bucket-allocator-block-size=33554432"
    "memorysetup-bucket-allocator-block-count=8"
    "memorysetup-main-allocator-block-size=16777216"
    "memorysetup-thread-allocator-block-size=16777216"
    "memorysetup-gfx-main-allocator-block-size=16777216"
    "memorysetup-gfx-thread-allocator-block-size=16777216"
    "memorysetup-cache-allocator-block-size=4194304"
    "memorysetup-typetree-allocator-block-size=2097152"
    "memorysetup-profiler-bucket-allocator-granularity=16"
    "memorysetup-profiler-bucket-allocator-bucket-count=8"
    "memorysetup-profiler-bucket-allocator-block-size=33554432"
    "memorysetup-profiler-bucket-allocator-block-count=8"
    "memorysetup-profiler-allocator-block-size=16777216"
    "memorysetup-profiler-editor-allocator-block-size=1048576"
    "memorysetup-temp-allocator-size-main=16777216"
    "memorysetup-job-temp-allocator-block-size=2097152"
    "memorysetup-job-temp-allocator-block-size-background=1048576"
    "memorysetup-job-temp-allocator-reduction-small-platforms=262144"
    "memorysetup-allocator-temp-initial-block-size-main=262144"
    "memorysetup-allocator-temp-initial-block-size-worker=262144"
    "memorysetup-temp-allocator-size-background-worker=32768"
    "memorysetup-temp-allocator-size-job-worker=262144"
    "memorysetup-temp-allocator-size-preload-manager=33554432"
    "memorysetup-temp-allocator-size-nav-mesh-worker=65536"
    "memorysetup-temp-allocator-size-audio-worker=65536"
    "memorysetup-temp-allocator-size-cloud-worker=32768"
    "memorysetup-temp-allocator-size-gi-baking-worker=262144"
    "memorysetup-temp-allocator-size-gfx=262144"
Player connection [19532] Host "[IP] 192.168.0.2 [Port] 0 [Flags] 2 [Guid] 4073270457 [EditorId] 4073270457 [Version] 1048832 [Id] WindowsEditor(7,null) [Debug] 1 [PackageName] WindowsEditor [ProjectName] Editor" joined multi-casting on [225.0.0.222:54997]...

Player connection [19532] Host "[IP] 192.168.0.2 [Port] 0 [Flags] 2 [Guid] 4073270457 [EditorId] 4073270457 [Version] 1048832 [Id] WindowsEditor(7,null) [Debug] 1 [PackageName] WindowsEditor [ProjectName] Editor" joined alternative multi-casting on [225.0.0.222:34997]...

[Physics::Module] Initialized MultithreadedJobDispatcher with 19 workers.
Refreshing native plugins compatible for Editor in 3.77 ms, found 3 plugins.
Preloading 0 native plugins for Editor in 0.00 ms.
Initialize engine version: 2022.3.14f1 (eff2de9070d8)
[Subsystems] Discovering subsystems at path D:/Unity/2022.3.14f1/Editor/Data/Resources/UnitySubsystems
[Subsystems] Discovering subsystems at path D:/Unity/Projects/Unity Team Project Develope 0.1/Assets
GfxDevice: creating device client; threaded=0; jobified=0
Direct3D:
    Version:  Direct3D 11.0 [level 11.1]
    Renderer: NVIDIA GeForce RTX 4070 Ti (ID=0x2782)
    Vendor:   NVIDIA
    VRAM:     12010 MB
    Driver:   31.0.15.4592
Initialize mono
Mono path[0] = 'D:/Unity/2022.3.14f1/Editor/Data/Managed'
Mono path[1] = 'D:/Unity/2022.3.14f1/Editor/Data/MonoBleedingEdge/lib/mono/unityjit-win32'
Mono config path = 'D:/Unity/2022.3.14f1/Editor/Data/MonoBleedingEdge/etc'
Using monoOptions --debugger-agent=transport=dt_socket,embedding=1,server=y,suspend=n,address=127.0.0.1:56892
Begin MonoManager ReloadAssembly
Registering precompiled unity dll's ...
Register platform support module: D:/Unity/2022.3.14f1/Editor/Data/PlaybackEngines/AndroidPlayer/UnityEditor.Android.Extensions.dll
Register platform support module: D:/Unity/2022.3.14f1/Editor/Data/PlaybackEngines/WindowsStandaloneSupport/UnityEditor.WindowsStandalone.Extensions.dll
Registered in 0.001780 seconds.
- Loaded All Assemblies, in  0.275 seconds
Native extension for WindowsStandalone target not found
Native extension for Android target not found
Android Extension - Scanning For ADB Devices 200 ms
Mono: successfully reloaded assembly
- Finished resetting the current domain, in  0.425 seconds
Domain Reload Profiling: 700ms
	BeginReloadAssembly (101ms)
		ExecutionOrderSort (0ms)
		DisableScriptedObjects (0ms)
		BackupInstance (0ms)
		ReleaseScriptingObjects (0ms)
		CreateAndSetChildDomain (0ms)
	RebuildCommonClasses (25ms)
	RebuildNativeTypeToScriptingClass (6ms)
	initialDomainReloadingComplete (32ms)
	LoadAllAssembliesAndSetupDomain (110ms)
		LoadAssemblies (102ms)
		RebuildTransferFunctionScriptingTraits (0ms)
		AnalyzeDomain (108ms)
			TypeCache.Refresh (106ms)
				TypeCache.ScanAssembly (93ms)
			ScanForSourceGeneratedMonoScriptInfo (0ms)
			ResolveRequiredComponents (1ms)
	FinalizeReload (425ms)
		ReleaseScriptCaches (0ms)
		RebuildScriptCaches (0ms)
		SetupLoadedEditorAssemblies (381ms)
			LogAssemblyErrors (0ms)
			InitializePlatformSupportModulesInManaged (268ms)
			SetLoadedEditorAssemblies (3ms)
			RefreshPlugins (0ms)
			BeforeProcessingInitializeOnLoad (2ms)
			ProcessInitializeOnLoadAttributes (75ms)
			ProcessInitializeOnLoadMethodAttributes (33ms)
			AfterProcessingInitializeOnLoad (0ms)
			EditorAssembliesLoaded (0ms)
		ExecutionOrderSort2 (0ms)
		AwakeInstancesAfterBackupRestoration (0ms)
========================================================================
Worker process is ready to serve import requests
Begin MonoManager ReloadAssembly
- Loaded All Assemblies, in  0.534 seconds
Refreshing native plugins compatible for Editor in 1.24 ms, found 3 plugins.
Native extension for WindowsStandalone target not found
Native extension for Android target not found
Package Manager log level set to [2]
[Package Manager] Server::EnsureServerProcessIsRunning -- launch failed, reason: Unity was launched with the -noUpm command-line argument
[Package Manager] UpmClient::Send -- Unable to send message (not connected to UPM process).
[Package Manager] Cannot connect to Unity Package Manager local server
Mono: successfully reloaded assembly
- Finished resetting the current domain, in  0.544 seconds
Domain Reload Profiling: 1078ms
	BeginReloadAssembly (94ms)
		ExecutionOrderSort (0ms)
		DisableScriptedObjects (4ms)
		BackupInstance (0ms)
		ReleaseScriptingObjects (0ms)
		CreateAndSetChildDomain (13ms)
	RebuildCommonClasses (24ms)
	RebuildNativeTypeToScriptingClass (7ms)
	initialDomainReloadingComplete (23ms)
	LoadAllAssembliesAndSetupDomain (386ms)
		LoadAssemblies (274ms)
		RebuildTransferFunctionScriptingTraits (0ms)
		AnalyzeDomain (164ms)
			TypeCache.Refresh (138ms)
				TypeCache.ScanAssembly (125ms)
			ScanForSourceGeneratedMonoScriptInfo (21ms)
			ResolveRequiredComponents (5ms)
	FinalizeReload (545ms)
		ReleaseScriptCaches (0ms)
		RebuildScriptCaches (0ms)
		SetupLoadedEditorAssemblies (429ms)
			LogAssemblyErrors (0ms)
			InitializePlatformSupportModulesInManaged (15ms)
			SetLoadedEditorAssemblies (3ms)
			RefreshPlugins (0ms)
			BeforeProcessingInitializeOnLoad (65ms)
			ProcessInitializeOnLoadAttributes (326ms)
			ProcessInitializeOnLoadMethodAttributes (19ms)
			AfterProcessingInitializeOnLoad (1ms)
			EditorAssembliesLoaded (0ms)
		ExecutionOrderSort2 (0ms)
		AwakeInstancesAfterBackupRestoration (4ms)
Launched and connected shader compiler UnityShaderCompiler.exe after 0.03 seconds
Refreshing native plugins compatible for Editor in 1.20 ms, found 3 plugins.
Preloading 0 native plugins for Editor in 0.00 ms.
Unloading 3850 Unused Serialized files (Serialized files now loaded: 0)
Unloading 61 unused Assets / (131.4 KB). Loaded Objects now: 4350.
Memory consumption went from 240.6 MB to 240.4 MB.
Total: 2.213100 ms (FindLiveObjects: 0.294200 ms CreateObjectMapping: 0.060500 ms MarkObjects: 1.756700 ms  DeleteObjects: 0.100700 ms)

AssetImportParameters requested are different than current active one (requested -> active):
  custom:container-demuxer-ogg: 62fdf1f143b41e24485cea50d1cbac27 -> 
  custom:video-codec-MediaFoundation-h265: 746d11721c4dcdbdad8f713fa42b33f4 -> 
  custom:video-decoder-ogg-theora: a1e56fd34408186e4bbccfd4996cb3dc -> 
  custom:framework-win-MediaFoundation: 216162199b28c13a410421893ffa2e32 -> 
  custom:container-demuxer-webm: 4f35f7cbe854078d1ac9338744f61a02 -> 
  custom:container-muxer-webm: aa71ff27fc2769a1b78a27578f13a17b -> 
  custom:video-decoder-webm-vp8: 9c59270c3fd7afecdb556c50c9e8de78 -> 
  custom:AudioImporter_EditorPlatform: d09bf68614088b80899f8185d706f6e7 -> 
  custom:video-encoder-webm-vp8: eb34c28f22e8b96e1ab97ce403110664 -> 
  custom:audio-decoder-ogg-vorbis: bf7c407c2cedff20999df2af8eb42d56 -> 
  custom:audio-encoder-webm-vorbis: bf7c407c2cedff20999df2af8eb42d56 -> 
========================================================================
Received Import Request.
  Time since last request: 286576.915952 seconds.
  path: Assets/Aspiring Hero Deokgu/Dungeon/Battle/Prefabs/Player.prefab
  artifactKey: Guid(bace40d7cbe264641b4b3d9000ce5f49) Importer(815301076,1909f56bfc062723c751e8b465ee728b)
Start importing Assets/Aspiring Hero Deokgu/Dungeon/Battle/Prefabs/Player.prefab using Guid(bace40d7cbe264641b4b3d9000ce5f49) Importer(815301076,1909f56bfc062723c751e8b465ee728b)  -> (artifact id: '60c60560c244ca0277c1f503b3419a3a') in 0.199407 seconds
Number of updated asset objects reloaded before import = 0
Number of asset objects unloaded after import = 476
========================================================================
Received Import Request.
  Time since last request: 0.000035 seconds.
  path: Assets/Aspiring Hero Deokgu/Dungeon/Battle/Animations/Player/Player Battle.controller
  artifactKey: Guid(939ce54e9d738fb45b91dd9aa9f9c31b) Importer(815301076,1909f56bfc062723c751e8b465ee728b)
Start importing Assets/Aspiring Hero Deokgu/Dungeon/Battle/Animations/Player/Player Battle.controller using Guid(939ce54e9d738fb45b91dd9aa9f9c31b) Importer(815301076,1909f56bfc062723c751e8b465ee728b)  -> (artifact id: 'ec6772e781fd3d54416878aea6f47653') in 0.092605 seconds
Number of updated asset objects reloaded before import = 0
Number of asset objects unloaded after import = 51
========================================================================
Received Import Request.
  Time since last request: 7.200135 seconds.
  path: Assets/Aspiring Hero Deokgu/Dungeon/Battle/Animations/Player/ARPG_Warrior_Attack_Combo1.anim
  artifactKey: Guid(273e2b68157b11044b85b7a487182c16) Importer(815301076,1909f56bfc062723c751e8b465ee728b)
Start importing Assets/Aspiring Hero Deokgu/Dungeon/Battle/Animations/Player/ARPG_Warrior_Attack_Combo1.anim using Guid(273e2b68157b11044b85b7a487182c16) Importer(815301076,1909f56bfc062723c751e8b465ee728b)  -> (artifact id: '83d3a49b911d769d8d273a36fe0df318') in 0.008306 seconds
Number of updated asset objects reloaded before import = 0
Number of asset objects unloaded after import = 1
========================================================================
Received Prepare
Refreshing native plugins compatible for Editor in 2.92 ms, found 3 plugins.
Preloading 0 native plugins for Editor in 0.00 ms.
Unloading 1 Unused Serialized files (Serialized files now loaded: 0)
Unloading 2 unused Assets / (74.3 KB). Loaded Objects now: 4359.
Memory consumption went from 175.1 MB to 175.0 MB.
Total: 4.060000 ms (FindLiveObjects: 0.281700 ms CreateObjectMapping: 0.092300 ms MarkObjects: 3.649400 ms  DeleteObjects: 0.035700 ms)

Prepare: number of updated asset objects reloaded= 0
AssetImportParameters requested are different than current active one (requested -> active):
  custom:container-demuxer-ogg: 62fdf1f143b41e24485cea50d1cbac27 -> 
  custom:video-codec-MediaFoundation-h265: 746d11721c4dcdbdad8f713fa42b33f4 -> 
  custom:video-decoder-ogg-theora: a1e56fd34408186e4bbccfd4996cb3dc -> 
  custom:framework-win-MediaFoundation: 216162199b28c13a410421893ffa2e32 -> 
  custom:CustomObjectIndexerAttribute: 756ad292c208cfabdd7b50bc23989ffe -> 
  custom:container-demuxer-webm: 4f35f7cbe854078d1ac9338744f61a02 -> 
  custom:container-muxer-webm: aa71ff27fc2769a1b78a27578f13a17b -> 
  custom:video-decoder-webm-vp8: 9c59270c3fd7afecdb556c50c9e8de78 -> 
  custom:SearchIndexIgnoredProperties: e643bd26f0fe6173181afceb89e7c659 -> 
  custom:AudioImporter_EditorPlatform: d09bf68614088b80899f8185d706f6e7 -> 
  custom:video-encoder-webm-vp8: eb34c28f22e8b96e1ab97ce403110664 -> 
  custom:audio-decoder-ogg-vorbis: bf7c407c2cedff20999df2af8eb42d56 -> 
  custom:audio-encoder-webm-vorbis: bf7c407c2cedff20999df2af8eb42d56 -> 
========================================================================
Received Import Request.
  Time since last request: 1235.185489 seconds.
  path: Assets/Aspiring Hero Deokgu/Alchemy/Audio/BGM.wav
  artifactKey: Guid(d74cd6c6b6d71844b900c3a5dbc6d737) Importer(815301076,1909f56bfc062723c751e8b465ee728b)
Start importing Assets/Aspiring Hero Deokgu/Alchemy/Audio/BGM.wav using Guid(d74cd6c6b6d71844b900c3a5dbc6d737) Importer(815301076,1909f56bfc062723c751e8b465ee728b)  -> (artifact id: '7c63fed3d35b2dc75fdde1fb9c00540c') in 0.425988 seconds
Number of updated asset objects reloaded before import = 0
Number of asset objects unloaded after import = 2
========================================================================
Received Import Request.
  Time since last request: 0.000018 seconds.
  path: Assets/Aspiring Hero Deokgu/Vegan Knight/Sounds/Bomb Explode.wav
  artifactKey: Guid(4f383d9fac32eaf479d8b7ba36c03726) Importer(815301076,1909f56bfc062723c751e8b465ee728b)
Start importing Assets/Aspiring Hero Deokgu/Vegan Knight/Sounds/Bomb Explode.wav using Guid(4f383d9fac32eaf479d8b7ba36c03726) Importer(815301076,1909f56bfc062723c751e8b465ee728b)  -> (artifact id: 'efe028281932ba4d30b2277a8058b0e4') in 0.011398 seconds
Number of updated asset objects reloaded before import = 0
Number of asset objects unloaded after import = 2
========================================================================
Received Import Request.
  Time since last request: 0.000019 seconds.
  path: Assets/Aspiring Hero Deokgu/Alchemy/Audio/Cute_Game_SFX_Pop_Up_01.wav
  artifactKey: Guid(64aa6c4079eba9a47b40ce0e320c2d06) Importer(815301076,1909f56bfc062723c751e8b465ee728b)
Start importing Assets/Aspiring Hero Deokgu/Alchemy/Audio/Cute_Game_SFX_Pop_Up_01.wav using Guid(64aa6c4079eba9a47b40ce0e320c2d06) Importer(815301076,1909f56bfc062723c751e8b465ee728b)  -> (artifact id: '5f28b62c69160a61993aeb528e8fcefa') in 0.016156 seconds
Number of updated asset objects reloaded before import = 0
Number of asset objects unloaded after import = 2
========================================================================
Received Import Request.
  Time since last request: 0.000013 seconds.
  path: Assets/Aspiring Hero Deokgu/Dungeon/Battle/Audio/BoneBreak(6).wav
  artifactKey: Guid(0d80bffc966321346aa0e7e8ccaac156) Importer(815301076,1909f56bfc062723c751e8b465ee728b)
Start importing Assets/Aspiring Hero Deokgu/Dungeon/Battle/Audio/BoneBreak(6).wav using Guid(0d80bffc966321346aa0e7e8ccaac156) Importer(815301076,1909f56bfc062723c751e8b465ee728b)  -> (artifact id: 'b6ec5aa820ce29558e575bd795789e29') in 0.013484 seconds
Number of updated asset objects reloaded before import = 0
Number of asset objects unloaded after import = 2
========================================================================
Received Import Request.
  Time since last request: 0.000012 seconds.
  path: Assets/Aspiring Hero Deokgu/Vegan Knight/Sounds/Blade 3.wav
  artifactKey: Guid(bf0101e1d98115e43b25e02b9f1fd71b) Importer(815301076,1909f56bfc062723c751e8b465ee728b)
Start importing Assets/Aspiring Hero Deokgu/Vegan Knight/Sounds/Blade 3.wav using Guid(bf0101e1d98115e43b25e02b9f1fd71b) Importer(815301076,1909f56bfc062723c751e8b465ee728b)  -> (artifact id: 'a158bdac488be3b986d7160781ae97d8') in 0.017719 seconds
Number of updated asset objects reloaded before import = 0
Number of asset objects unloaded after import = 2
========================================================================
Received Import Request.
  Time since last request: 0.000014 seconds.
  path: Assets/Aspiring Hero Deokgu/FishingGame/Sound/Catch.mp3
  artifactKey: Guid(c5c5224ddb2b2954faf3f3adf33deff7) Importer(815301076,1909f56bfc062723c751e8b465ee728b)
Start importing Assets/Aspiring Hero Deokgu/FishingGame/Sound/Catch.mp3 using Guid(c5c5224ddb2b2954faf3f3adf33deff7) Importer(815301076,1909f56bfc062723c751e8b465ee728b)  -> (artifact id: '9f1c2f27acd3ec6919c2caa7805ce89c') in 0.016392 seconds
Number of updated asset objects reloaded before import = 0
Number of asset objects unloaded after import = 2
========================================================================
Received Import Request.
  Time since last request: 0.000013 seconds.
  path: Assets/Aspiring Hero Deokgu/Dungeon/Battle/Audio/BoneBreak(2).wav
  artifactKey: Guid(ad3f25b94f4e1a747964103e5d9fb63d) Importer(815301076,1909f56bfc062723c751e8b465ee728b)
Start importing Assets/Aspiring Hero Deokgu/Dungeon/Battle/Audio/BoneBreak(2).wav using Guid(ad3f25b94f4e1a747964103e5d9fb63d) Importer(815301076,1909f56bfc062723c751e8b465ee728b)  -> (artifact id: 'e1fe1dd011541973fb1396faa724669c') in 0.012030 seconds
Number of updated asset objects reloaded before import = 0
Number of asset objects unloaded after import = 2
========================================================================
Received Import Request.
  Time since last request: 0.000012 seconds.
  path: Assets/Aspiring Hero Deokgu/Vegan Knight/Sounds/Blade 1.wav
  artifactKey: Guid(5d2f6653a741e2144978201e44106b9f) Importer(815301076,1909f56bfc062723c751e8b465ee728b)
Start importing Assets/Aspiring Hero Deokgu/Vegan Knight/Sounds/Blade 1.wav using Guid(5d2f6653a741e2144978201e44106b9f) Importer(815301076,1909f56bfc062723c751e8b465ee728b)  -> (artifact id: 'a4a0743ca95bc401e1b50077af58f579') in 0.008431 seconds
Number of updated asset objects reloaded before import = 0
Number of asset objects unloaded after import = 2
========================================================================
Received Import Request.
  Time since last request: 0.000055 seconds.
  path: Assets/Aspiring Hero Deokgu/Alchemy/Audio/Ambient Wonderlust Main.wav
  artifactKey: Guid(e7852d977a4a26342bf4e8130ab0ca1e) Importer(815301076,1909f56bfc062723c751e8b465ee728b)
Start importing Assets/Aspiring Hero Deokgu/Alchemy/Audio/Ambient Wonderlust Main.wav using Guid(e7852d977a4a26342bf4e8130ab0ca1e) Importer(815301076,1909f56bfc062723c751e8b465ee728b)  -> (artifact id: '404e3f5978f0e2eddfc0c2c011dfd20f') in 0.010455 seconds
Number of updated asset objects reloaded before import = 0
Number of asset objects unloaded after import = 2
========================================================================
Received Import Request.
  Time since last request: 0.000014 seconds.
  path: Assets/Aspiring Hero Deokgu/Alchemy/Audio/Attach.wav
  artifactKey: Guid(b2dc0d6caf293254fbc6c145df87c9b8) Importer(815301076,1909f56bfc062723c751e8b465ee728b)
Start importing Assets/Aspiring Hero Deokgu/Alchemy/Audio/Attach.wav using Guid(b2dc0d6caf293254fbc6c145df87c9b8) Importer(815301076,1909f56bfc062723c751e8b465ee728b)  -> (artifact id: 'af9c848c8deb86a1e1aa5a63f9aea9c0') in 0.018574 seconds
Number of updated asset objects reloaded before import = 0
Number of asset objects unloaded after import = 2
========================================================================
Received Import Request.
  Time since last request: 0.000013 seconds.
  path: Assets/Aspiring Hero Deokgu/Alchemy/Audio/Button.wav
  artifactKey: Guid(f6fa03999a0597a4fa8cdf6619791c13) Importer(815301076,1909f56bfc062723c751e8b465ee728b)
Start importing Assets/Aspiring Hero Deokgu/Alchemy/Audio/Button.wav using Guid(f6fa03999a0597a4fa8cdf6619791c13) Importer(815301076,1909f56bfc062723c751e8b465ee728b)  -> (artifact id: '93a05914508a3364873b47d7dcb75b9d') in 0.016685 seconds
Number of updated asset objects reloaded before import = 0
Number of asset objects unloaded after import = 2
========================================================================
Received Import Request.
  Time since last request: 0.000015 seconds.
  path: Assets/Aspiring Hero Deokgu/Dungeon/Battle/Audio/BoneBreak(5).wav
  artifactKey: Guid(8324562e162c5f84fa9852109287397b) Importer(815301076,1909f56bfc062723c751e8b465ee728b)
Start importing Assets/Aspiring Hero Deokgu/Dungeon/Battle/Audio/BoneBreak(5).wav using Guid(8324562e162c5f84fa9852109287397b) Importer(815301076,1909f56bfc062723c751e8b465ee728b)  -> (artifact id: 'd09a1c5ff0809aa9f076e8ad4c0b074c') in 0.014930 seconds
Number of updated asset objects reloaded before import = 0
Number of asset objects unloaded after import = 2
========================================================================
Received Import Request.
  Time since last request: 0.000029 seconds.
  path: Assets/Aspiring Hero Deokgu/FishingGame/Sound/Cast.wav
  artifactKey: Guid(ec19250cb535aa146bb2454d5e4bc5a3) Importer(815301076,1909f56bfc062723c751e8b465ee728b)
Start importing Assets/Aspiring Hero Deokgu/FishingGame/Sound/Cast.wav using Guid(ec19250cb535aa146bb2454d5e4bc5a3) Importer(815301076,1909f56bfc062723c751e8b465ee728b)  -> (artifact id: 'c430233528f0278ce192aa8a53363264') in 0.014510 seconds
Number of updated asset objects reloaded before import = 0
Number of asset objects unloaded after import = 2
========================================================================
Received Import Request.
  Time since last request: 0.000013 seconds.
  path: Assets/Aspiring Hero Deokgu/Alchemy/Audio/Cute_Game_SFX_Coins_03.wav
  artifactKey: Guid(3257dbc4561fd16409d6ca30c629aded) Importer(815301076,1909f56bfc062723c751e8b465ee728b)
Start importing Assets/Aspiring Hero Deokgu/Alchemy/Audio/Cute_Game_SFX_Coins_03.wav using Guid(3257dbc4561fd16409d6ca30c629aded) Importer(815301076,1909f56bfc062723c751e8b465ee728b)  -> (artifact id: '3f03346756112e94bc0222048053b218') in 0.014521 seconds
Number of updated asset objects reloaded before import = 0
Number of asset objects unloaded after import = 2
========================================================================
Received Import Request.
  Time since last request: 0.000012 seconds.
  path: Assets/Aspiring Hero Deokgu/Vegan Knight/Sounds/Blade 2.wav
  artifactKey: Guid(c192366b1f354f64f98aceab4e6bc003) Importer(815301076,1909f56bfc062723c751e8b465ee728b)
Start importing Assets/Aspiring Hero Deokgu/Vegan Knight/Sounds/Blade 2.wav using Guid(c192366b1f354f64f98aceab4e6bc003) Importer(815301076,1909f56bfc062723c751e8b465ee728b)  -> (artifact id: '4ad437ea59573bc20b45cce6a89555eb') in 0.010566 seconds
Number of updated asset objects reloaded before import = 0
Number of asset objects unloaded after import = 2
========================================================================
Received Import Request.
  Time since last request: 0.000012 seconds.
  path: Assets/Aspiring Hero Deokgu/Dungeon/Battle/Audio/BoneBreak(3).wav
  artifactKey: Guid(ef99e62e0b36046419f089676fdc9141) Importer(815301076,1909f56bfc062723c751e8b465ee728b)
Start importing Assets/Aspiring Hero Deokgu/Dungeon/Battle/Audio/BoneBreak(3).wav using Guid(ef99e62e0b36046419f089676fdc9141) Importer(815301076,1909f56bfc062723c751e8b465ee728b)  -> (artifact id: '8b601b42707cdd4d2f34bb45fb7bbfa8') in 0.011868 seconds
Number of updated asset objects reloaded before import = 0
Number of asset objects unloaded after import = 2
========================================================================
Received Import Request.
  Time since last request: 0.000024 seconds.
  path: Assets/Aspiring Hero Deokgu/Vegan Knight/Sounds/Bomb Fuse.wav
  artifactKey: Guid(6321eea295db1a94f84640456d466fdb) Importer(815301076,1909f56bfc062723c751e8b465ee728b)
Start importing Assets/Aspiring Hero Deokgu/Vegan Knight/Sounds/Bomb Fuse.wav using Guid(6321eea295db1a94f84640456d466fdb) Importer(815301076,1909f56bfc062723c751e8b465ee728b)  -> (artifact id: 'f6962e32ac87523b521f239952d0342e') in 0.010762 seconds
Number of updated asset objects reloaded before import = 0
Number of asset objects unloaded after import = 2
========================================================================
Received Import Request.
  Time since last request: 498.624917 seconds.
  path: Assets/Aspiring Hero Deokgu/Alchemy/Alchemy.unity
  artifactKey: Guid(5430f63be9014604798f2ba9c4b8f49a) Importer(815301076,1909f56bfc062723c751e8b465ee728b)
Start importing Assets/Aspiring Hero Deokgu/Alchemy/Alchemy.unity using Guid(5430f63be9014604798f2ba9c4b8f49a) Importer(815301076,1909f56bfc062723c751e8b465ee728b)  -> (artifact id: '75aadc89ecd322707dde617aa9b616da') in 0.000623 seconds
Number of updated asset objects reloaded before import = 0
Number of asset objects unloaded after import = 0
